----------------------------------------------- 
  Element       SASA      Sigma Z        Total  
     Z         Ang**2 cal/Ang**2/mol   kcal/mol 
----------------------------------------------- 
      H        151.254       0.000       0.000
      C        120.066     111.253      13.358
      O         67.151     -63.418      -4.259
      S         54.708     -47.002      -2.571

 Subtotal:     393.178                   6.528
 -----------------------------------------------

  Elements    COT*SASA   Sigma Z,Z'     Total   
    Z,Z'       Ang**2  cal/Ang**2/mol kcal/mol  
 ---------------------------------------------- 
  H   C        102.006     -51.536      -5.257
  H   O          0.000     -27.476      -0.000
  C   C        135.584     -87.925     -11.921
  O   C         32.537     -22.247      -0.724
  O   O         13.691    -112.781      -1.544

 Subtotal:                             -19.446
 ---------------------------------------------- 

 NONAQUEOUS SOLVENT CONTRIBUTION (kcal/mol):
 (proportional to SASA, atomic number independent)
 ---------------------------------------------- 
 Subtotal:                               8.502
 ---------------------------------------------- 

 CDS TOTAL (kcal/mol):                  -4.417
...............................................................................
