--------------------------------------------------------------------------
WARNING: There was an error initializing an OpenFabrics device.

  Local host:   g119
  Local device: mlx5_0
--------------------------------------------------------------------------
[g119:2931700] 7 more processes have sent help message help-mpi-btl-openib.txt / error in device init
[g119:2931700] Set MCA parameter "orte_base_help_aggregate" to 0 to see all help / error messages
--------------------------------------------------------------------------
WARNING: There was an error initializing an OpenFabrics device.

  Local host:   g119
  Local device: mlx5_0
--------------------------------------------------------------------------
[g119:2931843] 7 more processes have sent help message help-mpi-btl-openib.txt / error in device init
[g119:2931843] Set MCA parameter "orte_base_help_aggregate" to 0 to see all help / error messages
--------------------------------------------------------------------------
WARNING: There was an error initializing an OpenFabrics device.

  Local host:   g119
  Local device: mlx5_0
--------------------------------------------------------------------------
[g119:2934345] 7 more processes have sent help message help-mpi-btl-openib.txt / error in device init
[g119:2934345] Set MCA parameter "orte_base_help_aggregate" to 0 to see all help / error messages
--------------------------------------------------------------------------
WARNING: There was an error initializing an OpenFabrics device.

  Local host:   g119
  Local device: mlx5_0
--------------------------------------------------------------------------
[g119:2935259] 7 more processes have sent help message help-mpi-btl-openib.txt / error in device init
[g119:2935259] Set MCA parameter "orte_base_help_aggregate" to 0 to see all help / error messages
--------------------------------------------------------------------------
WARNING: There was an error initializing an OpenFabrics device.

  Local host:   g119
  Local device: mlx5_0
--------------------------------------------------------------------------
[g119:2935367] 7 more processes have sent help message help-mpi-btl-openib.txt / error in device init
[g119:2935367] Set MCA parameter "orte_base_help_aggregate" to 0 to see all help / error messages
--------------------------------------------------------------------------
WARNING: There was an error initializing an OpenFabrics device.

  Local host:   g119
  Local device: mlx5_0
--------------------------------------------------------------------------
[g119:2935475] 7 more processes have sent help message help-mpi-btl-openib.txt / error in device init
[g119:2935475] Set MCA parameter "orte_base_help_aggregate" to 0 to see all help / error messages
--------------------------------------------------------------------------
WARNING: There was an error initializing an OpenFabrics device.

  Local host:   g119
  Local device: mlx5_0
--------------------------------------------------------------------------
[g119:2939377] 7 more processes have sent help message help-mpi-btl-openib.txt / error in device init
[g119:2939377] Set MCA parameter "orte_base_help_aggregate" to 0 to see all help / error messages
--------------------------------------------------------------------------
WARNING: There was an error initializing an OpenFabrics device.

  Local host:   g119
  Local device: mlx5_0
--------------------------------------------------------------------------
[g119:2939538] 7 more processes have sent help message help-mpi-btl-openib.txt / error in device init
[g119:2939538] Set MCA parameter "orte_base_help_aggregate" to 0 to see all help / error messages
--------------------------------------------------------------------------
WARNING: There was an error initializing an OpenFabrics device.

  Local host:   g119
  Local device: mlx5_0
--------------------------------------------------------------------------
[g119:2940096] 7 more processes have sent help message help-mpi-btl-openib.txt / error in device init
[g119:2940096] Set MCA parameter "orte_base_help_aggregate" to 0 to see all help / error messages
--------------------------------------------------------------------------
WARNING: There was an error initializing an OpenFabrics device.

  Local host:   g119
  Local device: mlx5_0
--------------------------------------------------------------------------
[g119:2940547] 7 more processes have sent help message help-mpi-btl-openib.txt / error in device init
[g119:2940547] Set MCA parameter "orte_base_help_aggregate" to 0 to see all help / error messages
--------------------------------------------------------------------------
WARNING: There was an error initializing an OpenFabrics device.

  Local host:   g119
  Local device: mlx5_0
--------------------------------------------------------------------------
[g119:2942956] 7 more processes have sent help message help-mpi-btl-openib.txt / error in device init
[g119:2942956] Set MCA parameter "orte_base_help_aggregate" to 0 to see all help / error messages
--------------------------------------------------------------------------
WARNING: There was an error initializing an OpenFabrics device.

  Local host:   g119
  Local device: mlx5_0
--------------------------------------------------------------------------
[g119:2943724] 7 more processes have sent help message help-mpi-btl-openib.txt / error in device init
[g119:2943724] Set MCA parameter "orte_base_help_aggregate" to 0 to see all help / error messages
--------------------------------------------------------------------------
WARNING: There was an error initializing an OpenFabrics device.

  Local host:   g119
  Local device: mlx5_0
--------------------------------------------------------------------------
[g119:2943834] 7 more processes have sent help message help-mpi-btl-openib.txt / error in device init
[g119:2943834] Set MCA parameter "orte_base_help_aggregate" to 0 to see all help / error messages
--------------------------------------------------------------------------
WARNING: There was an error initializing an OpenFabrics device.

  Local host:   g119
  Local device: mlx5_0
--------------------------------------------------------------------------
[g119:2943945] 7 more processes have sent help message help-mpi-btl-openib.txt / error in device init
[g119:2943945] Set MCA parameter "orte_base_help_aggregate" to 0 to see all help / error messages
--------------------------------------------------------------------------
WARNING: There was an error initializing an OpenFabrics device.

  Local host:   g119
  Local device: mlx5_0
--------------------------------------------------------------------------
[g119:2947111] 7 more processes have sent help message help-mpi-btl-openib.txt / error in device init
[g119:2947111] Set MCA parameter "orte_base_help_aggregate" to 0 to see all help / error messages
--------------------------------------------------------------------------
WARNING: There was an error initializing an OpenFabrics device.

  Local host:   g119
  Local device: mlx5_0
--------------------------------------------------------------------------
[g119:2947894] 7 more processes have sent help message help-mpi-btl-openib.txt / error in device init
[g119:2947894] Set MCA parameter "orte_base_help_aggregate" to 0 to see all help / error messages
--------------------------------------------------------------------------
WARNING: There was an error initializing an OpenFabrics device.

  Local host:   g119
  Local device: mlx5_0
--------------------------------------------------------------------------
[g119:2947998] 7 more processes have sent help message help-mpi-btl-openib.txt / error in device init
[g119:2947998] Set MCA parameter "orte_base_help_aggregate" to 0 to see all help / error messages
--------------------------------------------------------------------------
WARNING: There was an error initializing an OpenFabrics device.

  Local host:   g119
  Local device: mlx5_0
--------------------------------------------------------------------------
[g119:2948110] 7 more processes have sent help message help-mpi-btl-openib.txt / error in device init
[g119:2948110] Set MCA parameter "orte_base_help_aggregate" to 0 to see all help / error messages
--------------------------------------------------------------------------
WARNING: There was an error initializing an OpenFabrics device.

  Local host:   g119
  Local device: mlx5_0
--------------------------------------------------------------------------
[g119:2950565] 7 more processes have sent help message help-mpi-btl-openib.txt / error in device init
[g119:2950565] Set MCA parameter "orte_base_help_aggregate" to 0 to see all help / error messages
--------------------------------------------------------------------------
WARNING: There was an error initializing an OpenFabrics device.

  Local host:   g119
  Local device: mlx5_0
--------------------------------------------------------------------------
[g119:2951364] 7 more processes have sent help message help-mpi-btl-openib.txt / error in device init
[g119:2951364] Set MCA parameter "orte_base_help_aggregate" to 0 to see all help / error messages
--------------------------------------------------------------------------
WARNING: There was an error initializing an OpenFabrics device.

  Local host:   g119
  Local device: mlx5_0
--------------------------------------------------------------------------
[g119:2951468] 7 more processes have sent help message help-mpi-btl-openib.txt / error in device init
[g119:2951468] Set MCA parameter "orte_base_help_aggregate" to 0 to see all help / error messages
--------------------------------------------------------------------------
WARNING: There was an error initializing an OpenFabrics device.

  Local host:   g119
  Local device: mlx5_0
--------------------------------------------------------------------------
[g119:2951580] 7 more processes have sent help message help-mpi-btl-openib.txt / error in device init
[g119:2951580] Set MCA parameter "orte_base_help_aggregate" to 0 to see all help / error messages
--------------------------------------------------------------------------
WARNING: There was an error initializing an OpenFabrics device.

  Local host:   g119
  Local device: mlx5_0
--------------------------------------------------------------------------
[g119:2954743] 7 more processes have sent help message help-mpi-btl-openib.txt / error in device init
[g119:2954743] Set MCA parameter "orte_base_help_aggregate" to 0 to see all help / error messages
--------------------------------------------------------------------------
WARNING: There was an error initializing an OpenFabrics device.

  Local host:   g119
  Local device: mlx5_0
--------------------------------------------------------------------------
[g119:2955565] 7 more processes have sent help message help-mpi-btl-openib.txt / error in device init
[g119:2955565] Set MCA parameter "orte_base_help_aggregate" to 0 to see all help / error messages
--------------------------------------------------------------------------
WARNING: There was an error initializing an OpenFabrics device.

  Local host:   g119
  Local device: mlx5_0
--------------------------------------------------------------------------
[g119:2955677] 7 more processes have sent help message help-mpi-btl-openib.txt / error in device init
[g119:2955677] Set MCA parameter "orte_base_help_aggregate" to 0 to see all help / error messages
--------------------------------------------------------------------------
WARNING: There was an error initializing an OpenFabrics device.

  Local host:   g119
  Local device: mlx5_0
--------------------------------------------------------------------------
[g119:2955791] 7 more processes have sent help message help-mpi-btl-openib.txt / error in device init
[g119:2955791] Set MCA parameter "orte_base_help_aggregate" to 0 to see all help / error messages
--------------------------------------------------------------------------
WARNING: There was an error initializing an OpenFabrics device.

  Local host:   g119
  Local device: mlx5_0
--------------------------------------------------------------------------
[g119:2958156] 7 more processes have sent help message help-mpi-btl-openib.txt / error in device init
[g119:2958156] Set MCA parameter "orte_base_help_aggregate" to 0 to see all help / error messages
--------------------------------------------------------------------------
WARNING: There was an error initializing an OpenFabrics device.

  Local host:   g119
  Local device: mlx5_0
--------------------------------------------------------------------------
[g119:2958979] 7 more processes have sent help message help-mpi-btl-openib.txt / error in device init
[g119:2958979] Set MCA parameter "orte_base_help_aggregate" to 0 to see all help / error messages
--------------------------------------------------------------------------
WARNING: There was an error initializing an OpenFabrics device.

  Local host:   g119
  Local device: mlx5_0
--------------------------------------------------------------------------
[g119:2959083] 7 more processes have sent help message help-mpi-btl-openib.txt / error in device init
[g119:2959083] Set MCA parameter "orte_base_help_aggregate" to 0 to see all help / error messages
--------------------------------------------------------------------------
WARNING: There was an error initializing an OpenFabrics device.

  Local host:   g119
  Local device: mlx5_0
--------------------------------------------------------------------------
[g119:2959193] 7 more processes have sent help message help-mpi-btl-openib.txt / error in device init
[g119:2959193] Set MCA parameter "orte_base_help_aggregate" to 0 to see all help / error messages
--------------------------------------------------------------------------
WARNING: There was an error initializing an OpenFabrics device.

  Local host:   g119
  Local device: mlx5_0
--------------------------------------------------------------------------
[g119:2961356] 7 more processes have sent help message help-mpi-btl-openib.txt / error in device init
[g119:2961356] Set MCA parameter "orte_base_help_aggregate" to 0 to see all help / error messages
--------------------------------------------------------------------------
WARNING: There was an error initializing an OpenFabrics device.

  Local host:   g119
  Local device: mlx5_0
--------------------------------------------------------------------------
[g119:2962211] 7 more processes have sent help message help-mpi-btl-openib.txt / error in device init
[g119:2962211] Set MCA parameter "orte_base_help_aggregate" to 0 to see all help / error messages
--------------------------------------------------------------------------
WARNING: There was an error initializing an OpenFabrics device.

  Local host:   g119
  Local device: mlx5_0
--------------------------------------------------------------------------
[g119:2962318] 7 more processes have sent help message help-mpi-btl-openib.txt / error in device init
[g119:2962318] Set MCA parameter "orte_base_help_aggregate" to 0 to see all help / error messages
--------------------------------------------------------------------------
WARNING: There was an error initializing an OpenFabrics device.

  Local host:   g119
  Local device: mlx5_0
--------------------------------------------------------------------------
[g119:2962422] 7 more processes have sent help message help-mpi-btl-openib.txt / error in device init
[g119:2962422] Set MCA parameter "orte_base_help_aggregate" to 0 to see all help / error messages
--------------------------------------------------------------------------
WARNING: There was an error initializing an OpenFabrics device.

  Local host:   g119
  Local device: mlx5_0
--------------------------------------------------------------------------
[g119:2964623] 7 more processes have sent help message help-mpi-btl-openib.txt / error in device init
[g119:2964623] Set MCA parameter "orte_base_help_aggregate" to 0 to see all help / error messages
--------------------------------------------------------------------------
WARNING: There was an error initializing an OpenFabrics device.

  Local host:   g119
  Local device: mlx5_0
--------------------------------------------------------------------------
[g119:2965339] 7 more processes have sent help message help-mpi-btl-openib.txt / error in device init
[g119:2965339] Set MCA parameter "orte_base_help_aggregate" to 0 to see all help / error messages
--------------------------------------------------------------------------
WARNING: There was an error initializing an OpenFabrics device.

  Local host:   g119
  Local device: mlx5_0
--------------------------------------------------------------------------
[g119:2965443] 7 more processes have sent help message help-mpi-btl-openib.txt / error in device init
[g119:2965443] Set MCA parameter "orte_base_help_aggregate" to 0 to see all help / error messages
--------------------------------------------------------------------------
WARNING: There was an error initializing an OpenFabrics device.

  Local host:   g119
  Local device: mlx5_0
--------------------------------------------------------------------------
[g119:2965557] 7 more processes have sent help message help-mpi-btl-openib.txt / error in device init
[g119:2965557] Set MCA parameter "orte_base_help_aggregate" to 0 to see all help / error messages
--------------------------------------------------------------------------
WARNING: There was an error initializing an OpenFabrics device.

  Local host:   g119
  Local device: mlx5_0
--------------------------------------------------------------------------
[g119:2967801] 7 more processes have sent help message help-mpi-btl-openib.txt / error in device init
[g119:2967801] Set MCA parameter "orte_base_help_aggregate" to 0 to see all help / error messages
--------------------------------------------------------------------------
WARNING: There was an error initializing an OpenFabrics device.

  Local host:   g119
  Local device: mlx5_0
--------------------------------------------------------------------------
[g119:2968506] 7 more processes have sent help message help-mpi-btl-openib.txt / error in device init
[g119:2968506] Set MCA parameter "orte_base_help_aggregate" to 0 to see all help / error messages
--------------------------------------------------------------------------
WARNING: There was an error initializing an OpenFabrics device.

  Local host:   g119
  Local device: mlx5_0
--------------------------------------------------------------------------
[g119:2968611] 7 more processes have sent help message help-mpi-btl-openib.txt / error in device init
[g119:2968611] Set MCA parameter "orte_base_help_aggregate" to 0 to see all help / error messages
--------------------------------------------------------------------------
WARNING: There was an error initializing an OpenFabrics device.

  Local host:   g119
  Local device: mlx5_0
--------------------------------------------------------------------------
[g119:2968715] 7 more processes have sent help message help-mpi-btl-openib.txt / error in device init
[g119:2968715] Set MCA parameter "orte_base_help_aggregate" to 0 to see all help / error messages
--------------------------------------------------------------------------
WARNING: There was an error initializing an OpenFabrics device.

  Local host:   g119
  Local device: mlx5_0
--------------------------------------------------------------------------
[g119:2971190] 7 more processes have sent help message help-mpi-btl-openib.txt / error in device init
[g119:2971190] Set MCA parameter "orte_base_help_aggregate" to 0 to see all help / error messages
--------------------------------------------------------------------------
WARNING: There was an error initializing an OpenFabrics device.

  Local host:   g119
  Local device: mlx5_0
--------------------------------------------------------------------------
[g119:2971911] 7 more processes have sent help message help-mpi-btl-openib.txt / error in device init
[g119:2971911] Set MCA parameter "orte_base_help_aggregate" to 0 to see all help / error messages
--------------------------------------------------------------------------
WARNING: There was an error initializing an OpenFabrics device.

  Local host:   g119
  Local device: mlx5_0
--------------------------------------------------------------------------
[g119:2972019] 7 more processes have sent help message help-mpi-btl-openib.txt / error in device init
[g119:2972019] Set MCA parameter "orte_base_help_aggregate" to 0 to see all help / error messages
--------------------------------------------------------------------------
WARNING: There was an error initializing an OpenFabrics device.

  Local host:   g119
  Local device: mlx5_0
--------------------------------------------------------------------------
[g119:2972133] 7 more processes have sent help message help-mpi-btl-openib.txt / error in device init
[g119:2972133] Set MCA parameter "orte_base_help_aggregate" to 0 to see all help / error messages
--------------------------------------------------------------------------
WARNING: There was an error initializing an OpenFabrics device.

  Local host:   g119
  Local device: mlx5_0
--------------------------------------------------------------------------
[g119:2974437] 7 more processes have sent help message help-mpi-btl-openib.txt / error in device init
[g119:2974437] Set MCA parameter "orte_base_help_aggregate" to 0 to see all help / error messages
--------------------------------------------------------------------------
WARNING: There was an error initializing an OpenFabrics device.

  Local host:   g119
  Local device: mlx5_0
--------------------------------------------------------------------------
[g119:2975225] 7 more processes have sent help message help-mpi-btl-openib.txt / error in device init
[g119:2975225] Set MCA parameter "orte_base_help_aggregate" to 0 to see all help / error messages
--------------------------------------------------------------------------
WARNING: There was an error initializing an OpenFabrics device.

  Local host:   g119
  Local device: mlx5_0
--------------------------------------------------------------------------
[g119:2975333] 7 more processes have sent help message help-mpi-btl-openib.txt / error in device init
[g119:2975333] Set MCA parameter "orte_base_help_aggregate" to 0 to see all help / error messages
--------------------------------------------------------------------------
WARNING: There was an error initializing an OpenFabrics device.

  Local host:   g119
  Local device: mlx5_0
--------------------------------------------------------------------------
[g119:2975437] 7 more processes have sent help message help-mpi-btl-openib.txt / error in device init
[g119:2975437] Set MCA parameter "orte_base_help_aggregate" to 0 to see all help / error messages
--------------------------------------------------------------------------
WARNING: There was an error initializing an OpenFabrics device.

  Local host:   g119
  Local device: mlx5_0
--------------------------------------------------------------------------
[g119:2977129] 7 more processes have sent help message help-mpi-btl-openib.txt / error in device init
[g119:2977129] Set MCA parameter "orte_base_help_aggregate" to 0 to see all help / error messages
--------------------------------------------------------------------------
WARNING: There was an error initializing an OpenFabrics device.

  Local host:   g119
  Local device: mlx5_0
--------------------------------------------------------------------------
[g119:2977917] 7 more processes have sent help message help-mpi-btl-openib.txt / error in device init
[g119:2977917] Set MCA parameter "orte_base_help_aggregate" to 0 to see all help / error messages
--------------------------------------------------------------------------
WARNING: There was an error initializing an OpenFabrics device.

  Local host:   g119
  Local device: mlx5_0
--------------------------------------------------------------------------
[g119:2978028] 7 more processes have sent help message help-mpi-btl-openib.txt / error in device init
[g119:2978028] Set MCA parameter "orte_base_help_aggregate" to 0 to see all help / error messages
--------------------------------------------------------------------------
WARNING: There was an error initializing an OpenFabrics device.

  Local host:   g119
  Local device: mlx5_0
--------------------------------------------------------------------------
[g119:2978132] 7 more processes have sent help message help-mpi-btl-openib.txt / error in device init
[g119:2978132] Set MCA parameter "orte_base_help_aggregate" to 0 to see all help / error messages
--------------------------------------------------------------------------
WARNING: There was an error initializing an OpenFabrics device.

  Local host:   g119
  Local device: mlx5_0
--------------------------------------------------------------------------
[g119:2981158] 7 more processes have sent help message help-mpi-btl-openib.txt / error in device init
[g119:2981158] Set MCA parameter "orte_base_help_aggregate" to 0 to see all help / error messages
--------------------------------------------------------------------------
WARNING: There was an error initializing an OpenFabrics device.

  Local host:   g119
  Local device: mlx5_0
--------------------------------------------------------------------------
[g119:2982005] 7 more processes have sent help message help-mpi-btl-openib.txt / error in device init
[g119:2982005] Set MCA parameter "orte_base_help_aggregate" to 0 to see all help / error messages
--------------------------------------------------------------------------
WARNING: There was an error initializing an OpenFabrics device.

  Local host:   g119
  Local device: mlx5_0
--------------------------------------------------------------------------
[g119:2982123] 7 more processes have sent help message help-mpi-btl-openib.txt / error in device init
[g119:2982123] Set MCA parameter "orte_base_help_aggregate" to 0 to see all help / error messages
--------------------------------------------------------------------------
WARNING: There was an error initializing an OpenFabrics device.

  Local host:   g119
  Local device: mlx5_0
--------------------------------------------------------------------------
[g119:2984261] 7 more processes have sent help message help-mpi-btl-openib.txt / error in device init
[g119:2984261] Set MCA parameter "orte_base_help_aggregate" to 0 to see all help / error messages
