--------------------------------------------------------------------------
WARNING: There was an error initializing an OpenFabrics device.

  Local host:   g121
  Local device: mlx5_0
--------------------------------------------------------------------------
[g121:97635] 7 more processes have sent help message help-mpi-btl-openib.txt / error in device init
[g121:97635] Set MCA parameter "orte_base_help_aggregate" to 0 to see all help / error messages
--------------------------------------------------------------------------
WARNING: There was an error initializing an OpenFabrics device.

  Local host:   g121
  Local device: mlx5_0
--------------------------------------------------------------------------
[g121:97778] 7 more processes have sent help message help-mpi-btl-openib.txt / error in device init
[g121:97778] Set MCA parameter "orte_base_help_aggregate" to 0 to see all help / error messages
--------------------------------------------------------------------------
WARNING: There was an error initializing an OpenFabrics device.

  Local host:   g121
  Local device: mlx5_0
--------------------------------------------------------------------------
[g121:99102] 7 more processes have sent help message help-mpi-btl-openib.txt / error in device init
[g121:99102] Set MCA parameter "orte_base_help_aggregate" to 0 to see all help / error messages
--------------------------------------------------------------------------
WARNING: There was an error initializing an OpenFabrics device.

  Local host:   g121
  Local device: mlx5_0
--------------------------------------------------------------------------
[g121:99715] 7 more processes have sent help message help-mpi-btl-openib.txt / error in device init
[g121:99715] Set MCA parameter "orte_base_help_aggregate" to 0 to see all help / error messages
--------------------------------------------------------------------------
WARNING: There was an error initializing an OpenFabrics device.

  Local host:   g121
  Local device: mlx5_0
--------------------------------------------------------------------------
[g121:99857] 7 more processes have sent help message help-mpi-btl-openib.txt / error in device init
[g121:99857] Set MCA parameter "orte_base_help_aggregate" to 0 to see all help / error messages
--------------------------------------------------------------------------
WARNING: There was an error initializing an OpenFabrics device.

  Local host:   g121
  Local device: mlx5_0
--------------------------------------------------------------------------
[g121:99972] 7 more processes have sent help message help-mpi-btl-openib.txt / error in device init
[g121:99972] Set MCA parameter "orte_base_help_aggregate" to 0 to see all help / error messages
--------------------------------------------------------------------------
WARNING: There was an error initializing an OpenFabrics device.

  Local host:   g121
  Local device: mlx5_0
--------------------------------------------------------------------------
[g121:100863] 7 more processes have sent help message help-mpi-btl-openib.txt / error in device init
[g121:100863] Set MCA parameter "orte_base_help_aggregate" to 0 to see all help / error messages
--------------------------------------------------------------------------
WARNING: There was an error initializing an OpenFabrics device.

  Local host:   g121
  Local device: mlx5_0
--------------------------------------------------------------------------
[g121:100997] 7 more processes have sent help message help-mpi-btl-openib.txt / error in device init
[g121:100997] Set MCA parameter "orte_base_help_aggregate" to 0 to see all help / error messages
--------------------------------------------------------------------------
WARNING: There was an error initializing an OpenFabrics device.

  Local host:   g121
  Local device: mlx5_0
--------------------------------------------------------------------------
[g121:101111] 7 more processes have sent help message help-mpi-btl-openib.txt / error in device init
[g121:101111] Set MCA parameter "orte_base_help_aggregate" to 0 to see all help / error messages
--------------------------------------------------------------------------
WARNING: There was an error initializing an OpenFabrics device.

  Local host:   g121
  Local device: mlx5_0
--------------------------------------------------------------------------
[g121:101224] 7 more processes have sent help message help-mpi-btl-openib.txt / error in device init
[g121:101224] Set MCA parameter "orte_base_help_aggregate" to 0 to see all help / error messages
--------------------------------------------------------------------------
WARNING: There was an error initializing an OpenFabrics device.

  Local host:   g121
  Local device: mlx5_0
--------------------------------------------------------------------------
[g121:102910] 7 more processes have sent help message help-mpi-btl-openib.txt / error in device init
[g121:102910] Set MCA parameter "orte_base_help_aggregate" to 0 to see all help / error messages
--------------------------------------------------------------------------
WARNING: There was an error initializing an OpenFabrics device.

  Local host:   g121
  Local device: mlx5_0
--------------------------------------------------------------------------
[g121:103702] 7 more processes have sent help message help-mpi-btl-openib.txt / error in device init
[g121:103702] Set MCA parameter "orte_base_help_aggregate" to 0 to see all help / error messages
--------------------------------------------------------------------------
WARNING: There was an error initializing an OpenFabrics device.

  Local host:   g121
  Local device: mlx5_0
--------------------------------------------------------------------------
[g121:103813] 7 more processes have sent help message help-mpi-btl-openib.txt / error in device init
[g121:103813] Set MCA parameter "orte_base_help_aggregate" to 0 to see all help / error messages
--------------------------------------------------------------------------
WARNING: There was an error initializing an OpenFabrics device.

  Local host:   g121
  Local device: mlx5_0
--------------------------------------------------------------------------
[g121:103917] 7 more processes have sent help message help-mpi-btl-openib.txt / error in device init
[g121:103917] Set MCA parameter "orte_base_help_aggregate" to 0 to see all help / error messages
--------------------------------------------------------------------------
WARNING: There was an error initializing an OpenFabrics device.

  Local host:   g121
  Local device: mlx5_0
--------------------------------------------------------------------------
[g121:104875] 7 more processes have sent help message help-mpi-btl-openib.txt / error in device init
[g121:104875] Set MCA parameter "orte_base_help_aggregate" to 0 to see all help / error messages
--------------------------------------------------------------------------
WARNING: There was an error initializing an OpenFabrics device.

  Local host:   g121
  Local device: mlx5_0
--------------------------------------------------------------------------
[g121:105001] 7 more processes have sent help message help-mpi-btl-openib.txt / error in device init
[g121:105001] Set MCA parameter "orte_base_help_aggregate" to 0 to see all help / error messages
--------------------------------------------------------------------------
WARNING: There was an error initializing an OpenFabrics device.

  Local host:   g121
  Local device: mlx5_0
--------------------------------------------------------------------------
[g121:105117] 7 more processes have sent help message help-mpi-btl-openib.txt / error in device init
[g121:105117] Set MCA parameter "orte_base_help_aggregate" to 0 to see all help / error messages
--------------------------------------------------------------------------
WARNING: There was an error initializing an OpenFabrics device.

  Local host:   g121
  Local device: mlx5_0
--------------------------------------------------------------------------
[g121:105231] 7 more processes have sent help message help-mpi-btl-openib.txt / error in device init
[g121:105231] Set MCA parameter "orte_base_help_aggregate" to 0 to see all help / error messages
--------------------------------------------------------------------------
WARNING: There was an error initializing an OpenFabrics device.

  Local host:   g121
  Local device: mlx5_0
--------------------------------------------------------------------------
[g121:106929] 7 more processes have sent help message help-mpi-btl-openib.txt / error in device init
[g121:106929] Set MCA parameter "orte_base_help_aggregate" to 0 to see all help / error messages
--------------------------------------------------------------------------
WARNING: There was an error initializing an OpenFabrics device.

  Local host:   g121
  Local device: mlx5_0
--------------------------------------------------------------------------
[g121:107069] 7 more processes have sent help message help-mpi-btl-openib.txt / error in device init
[g121:107069] Set MCA parameter "orte_base_help_aggregate" to 0 to see all help / error messages
--------------------------------------------------------------------------
WARNING: There was an error initializing an OpenFabrics device.

  Local host:   g121
  Local device: mlx5_0
--------------------------------------------------------------------------
[g121:107182] 7 more processes have sent help message help-mpi-btl-openib.txt / error in device init
[g121:107182] Set MCA parameter "orte_base_help_aggregate" to 0 to see all help / error messages
--------------------------------------------------------------------------
WARNING: There was an error initializing an OpenFabrics device.

  Local host:   g121
  Local device: mlx5_0
--------------------------------------------------------------------------
[g121:107293] 7 more processes have sent help message help-mpi-btl-openib.txt / error in device init
[g121:107293] Set MCA parameter "orte_base_help_aggregate" to 0 to see all help / error messages
--------------------------------------------------------------------------
WARNING: There was an error initializing an OpenFabrics device.

  Local host:   g121
  Local device: mlx5_0
--------------------------------------------------------------------------
[g121:108801] 7 more processes have sent help message help-mpi-btl-openib.txt / error in device init
[g121:108801] Set MCA parameter "orte_base_help_aggregate" to 0 to see all help / error messages
--------------------------------------------------------------------------
WARNING: There was an error initializing an OpenFabrics device.

  Local host:   g121
  Local device: mlx5_0
--------------------------------------------------------------------------
[g121:108925] 7 more processes have sent help message help-mpi-btl-openib.txt / error in device init
[g121:108925] Set MCA parameter "orte_base_help_aggregate" to 0 to see all help / error messages
--------------------------------------------------------------------------
WARNING: There was an error initializing an OpenFabrics device.

  Local host:   g121
  Local device: mlx5_0
--------------------------------------------------------------------------
[g121:109030] 7 more processes have sent help message help-mpi-btl-openib.txt / error in device init
[g121:109030] Set MCA parameter "orte_base_help_aggregate" to 0 to see all help / error messages
--------------------------------------------------------------------------
WARNING: There was an error initializing an OpenFabrics device.

  Local host:   g121
  Local device: mlx5_0
--------------------------------------------------------------------------
[g121:109145] 7 more processes have sent help message help-mpi-btl-openib.txt / error in device init
[g121:109145] Set MCA parameter "orte_base_help_aggregate" to 0 to see all help / error messages
--------------------------------------------------------------------------
WARNING: There was an error initializing an OpenFabrics device.

  Local host:   g121
  Local device: mlx5_0
--------------------------------------------------------------------------
[g121:110689] 7 more processes have sent help message help-mpi-btl-openib.txt / error in device init
[g121:110689] Set MCA parameter "orte_base_help_aggregate" to 0 to see all help / error messages
--------------------------------------------------------------------------
WARNING: There was an error initializing an OpenFabrics device.

  Local host:   g121
  Local device: mlx5_0
--------------------------------------------------------------------------
[g121:110819] 7 more processes have sent help message help-mpi-btl-openib.txt / error in device init
[g121:110819] Set MCA parameter "orte_base_help_aggregate" to 0 to see all help / error messages
--------------------------------------------------------------------------
WARNING: There was an error initializing an OpenFabrics device.

  Local host:   g121
  Local device: mlx5_0
--------------------------------------------------------------------------
[g121:110936] 7 more processes have sent help message help-mpi-btl-openib.txt / error in device init
[g121:110936] Set MCA parameter "orte_base_help_aggregate" to 0 to see all help / error messages
--------------------------------------------------------------------------
WARNING: There was an error initializing an OpenFabrics device.

  Local host:   g121
  Local device: mlx5_0
--------------------------------------------------------------------------
[g121:111053] 7 more processes have sent help message help-mpi-btl-openib.txt / error in device init
[g121:111053] Set MCA parameter "orte_base_help_aggregate" to 0 to see all help / error messages
--------------------------------------------------------------------------
WARNING: There was an error initializing an OpenFabrics device.

  Local host:   g121
  Local device: mlx5_0
--------------------------------------------------------------------------
[g121:112050] 7 more processes have sent help message help-mpi-btl-openib.txt / error in device init
[g121:112050] Set MCA parameter "orte_base_help_aggregate" to 0 to see all help / error messages
--------------------------------------------------------------------------
WARNING: There was an error initializing an OpenFabrics device.

  Local host:   g121
  Local device: mlx5_0
--------------------------------------------------------------------------
[g121:112204] 7 more processes have sent help message help-mpi-btl-openib.txt / error in device init
[g121:112204] Set MCA parameter "orte_base_help_aggregate" to 0 to see all help / error messages
--------------------------------------------------------------------------
WARNING: There was an error initializing an OpenFabrics device.

  Local host:   g121
  Local device: mlx5_0
--------------------------------------------------------------------------
[g121:112880] 7 more processes have sent help message help-mpi-btl-openib.txt / error in device init
[g121:112880] Set MCA parameter "orte_base_help_aggregate" to 0 to see all help / error messages
--------------------------------------------------------------------------
WARNING: There was an error initializing an OpenFabrics device.

  Local host:   g121
  Local device: mlx5_0
--------------------------------------------------------------------------
[g121:112996] 7 more processes have sent help message help-mpi-btl-openib.txt / error in device init
[g121:112996] Set MCA parameter "orte_base_help_aggregate" to 0 to see all help / error messages
--------------------------------------------------------------------------
WARNING: There was an error initializing an OpenFabrics device.

  Local host:   g121
  Local device: mlx5_0
--------------------------------------------------------------------------
[g121:113964] 7 more processes have sent help message help-mpi-btl-openib.txt / error in device init
[g121:113964] Set MCA parameter "orte_base_help_aggregate" to 0 to see all help / error messages
--------------------------------------------------------------------------
WARNING: There was an error initializing an OpenFabrics device.

  Local host:   g121
  Local device: mlx5_0
--------------------------------------------------------------------------
[g121:114093] 7 more processes have sent help message help-mpi-btl-openib.txt / error in device init
[g121:114093] Set MCA parameter "orte_base_help_aggregate" to 0 to see all help / error messages
--------------------------------------------------------------------------
WARNING: There was an error initializing an OpenFabrics device.

  Local host:   g121
  Local device: mlx5_0
--------------------------------------------------------------------------
[g121:114203] 7 more processes have sent help message help-mpi-btl-openib.txt / error in device init
[g121:114203] Set MCA parameter "orte_base_help_aggregate" to 0 to see all help / error messages
--------------------------------------------------------------------------
WARNING: There was an error initializing an OpenFabrics device.

  Local host:   g121
  Local device: mlx5_0
--------------------------------------------------------------------------
[g121:114315] 7 more processes have sent help message help-mpi-btl-openib.txt / error in device init
[g121:114315] Set MCA parameter "orte_base_help_aggregate" to 0 to see all help / error messages
--------------------------------------------------------------------------
WARNING: There was an error initializing an OpenFabrics device.

  Local host:   g121
  Local device: mlx5_0
--------------------------------------------------------------------------
[g121:115067] 7 more processes have sent help message help-mpi-btl-openib.txt / error in device init
[g121:115067] Set MCA parameter "orte_base_help_aggregate" to 0 to see all help / error messages
--------------------------------------------------------------------------
WARNING: There was an error initializing an OpenFabrics device.

  Local host:   g121
  Local device: mlx5_0
--------------------------------------------------------------------------
[g121:115200] 7 more processes have sent help message help-mpi-btl-openib.txt / error in device init
[g121:115200] Set MCA parameter "orte_base_help_aggregate" to 0 to see all help / error messages
--------------------------------------------------------------------------
WARNING: There was an error initializing an OpenFabrics device.

  Local host:   g121
  Local device: mlx5_0
--------------------------------------------------------------------------
[g121:115313] 7 more processes have sent help message help-mpi-btl-openib.txt / error in device init
[g121:115313] Set MCA parameter "orte_base_help_aggregate" to 0 to see all help / error messages
--------------------------------------------------------------------------
WARNING: There was an error initializing an OpenFabrics device.

  Local host:   g121
  Local device: mlx5_0
--------------------------------------------------------------------------
[g121:115423] 7 more processes have sent help message help-mpi-btl-openib.txt / error in device init
[g121:115423] Set MCA parameter "orte_base_help_aggregate" to 0 to see all help / error messages
--------------------------------------------------------------------------
WARNING: There was an error initializing an OpenFabrics device.

  Local host:   g121
  Local device: mlx5_0
--------------------------------------------------------------------------
[g121:116145] 7 more processes have sent help message help-mpi-btl-openib.txt / error in device init
[g121:116145] Set MCA parameter "orte_base_help_aggregate" to 0 to see all help / error messages
--------------------------------------------------------------------------
WARNING: There was an error initializing an OpenFabrics device.

  Local host:   g121
  Local device: mlx5_0
--------------------------------------------------------------------------
[g121:116993] 7 more processes have sent help message help-mpi-btl-openib.txt / error in device init
[g121:116993] Set MCA parameter "orte_base_help_aggregate" to 0 to see all help / error messages
--------------------------------------------------------------------------
WARNING: There was an error initializing an OpenFabrics device.

  Local host:   g121
  Local device: mlx5_0
--------------------------------------------------------------------------
[g121:117097] 7 more processes have sent help message help-mpi-btl-openib.txt / error in device init
[g121:117097] Set MCA parameter "orte_base_help_aggregate" to 0 to see all help / error messages
--------------------------------------------------------------------------
WARNING: There was an error initializing an OpenFabrics device.

  Local host:   g121
  Local device: mlx5_0
--------------------------------------------------------------------------
[g121:117207] 7 more processes have sent help message help-mpi-btl-openib.txt / error in device init
[g121:117207] Set MCA parameter "orte_base_help_aggregate" to 0 to see all help / error messages
--------------------------------------------------------------------------
WARNING: There was an error initializing an OpenFabrics device.

  Local host:   g121
  Local device: mlx5_0
--------------------------------------------------------------------------
[g121:117986] 7 more processes have sent help message help-mpi-btl-openib.txt / error in device init
[g121:117986] Set MCA parameter "orte_base_help_aggregate" to 0 to see all help / error messages
--------------------------------------------------------------------------
WARNING: There was an error initializing an OpenFabrics device.

  Local host:   g121
  Local device: mlx5_0
--------------------------------------------------------------------------
[g121:118127] 7 more processes have sent help message help-mpi-btl-openib.txt / error in device init
[g121:118127] Set MCA parameter "orte_base_help_aggregate" to 0 to see all help / error messages
--------------------------------------------------------------------------
WARNING: There was an error initializing an OpenFabrics device.

  Local host:   g121
  Local device: mlx5_0
--------------------------------------------------------------------------
[g121:118238] 7 more processes have sent help message help-mpi-btl-openib.txt / error in device init
[g121:118238] Set MCA parameter "orte_base_help_aggregate" to 0 to see all help / error messages
--------------------------------------------------------------------------
WARNING: There was an error initializing an OpenFabrics device.

  Local host:   g121
  Local device: mlx5_0
--------------------------------------------------------------------------
[g121:118342] 7 more processes have sent help message help-mpi-btl-openib.txt / error in device init
[g121:118342] Set MCA parameter "orte_base_help_aggregate" to 0 to see all help / error messages
--------------------------------------------------------------------------
WARNING: There was an error initializing an OpenFabrics device.

  Local host:   g121
  Local device: mlx5_0
--------------------------------------------------------------------------
[g121:119249] 7 more processes have sent help message help-mpi-btl-openib.txt / error in device init
[g121:119249] Set MCA parameter "orte_base_help_aggregate" to 0 to see all help / error messages
--------------------------------------------------------------------------
WARNING: There was an error initializing an OpenFabrics device.

  Local host:   g121
  Local device: mlx5_0
--------------------------------------------------------------------------
[g121:119378] 7 more processes have sent help message help-mpi-btl-openib.txt / error in device init
[g121:119378] Set MCA parameter "orte_base_help_aggregate" to 0 to see all help / error messages
--------------------------------------------------------------------------
WARNING: There was an error initializing an OpenFabrics device.

  Local host:   g121
  Local device: mlx5_0
--------------------------------------------------------------------------
[g121:119490] 7 more processes have sent help message help-mpi-btl-openib.txt / error in device init
[g121:119490] Set MCA parameter "orte_base_help_aggregate" to 0 to see all help / error messages
--------------------------------------------------------------------------
WARNING: There was an error initializing an OpenFabrics device.

  Local host:   g121
  Local device: mlx5_0
--------------------------------------------------------------------------
[g121:119601] 7 more processes have sent help message help-mpi-btl-openib.txt / error in device init
[g121:119601] Set MCA parameter "orte_base_help_aggregate" to 0 to see all help / error messages
--------------------------------------------------------------------------
WARNING: There was an error initializing an OpenFabrics device.

  Local host:   g121
  Local device: mlx5_0
--------------------------------------------------------------------------
[g121:120465] 7 more processes have sent help message help-mpi-btl-openib.txt / error in device init
[g121:120465] Set MCA parameter "orte_base_help_aggregate" to 0 to see all help / error messages
--------------------------------------------------------------------------
WARNING: There was an error initializing an OpenFabrics device.

  Local host:   g121
  Local device: mlx5_0
--------------------------------------------------------------------------
[g121:120587] 7 more processes have sent help message help-mpi-btl-openib.txt / error in device init
[g121:120587] Set MCA parameter "orte_base_help_aggregate" to 0 to see all help / error messages
--------------------------------------------------------------------------
WARNING: There was an error initializing an OpenFabrics device.

  Local host:   g121
  Local device: mlx5_0
--------------------------------------------------------------------------
[g121:120696] 7 more processes have sent help message help-mpi-btl-openib.txt / error in device init
[g121:120696] Set MCA parameter "orte_base_help_aggregate" to 0 to see all help / error messages
--------------------------------------------------------------------------
WARNING: There was an error initializing an OpenFabrics device.

  Local host:   g121
  Local device: mlx5_0
--------------------------------------------------------------------------
[g121:121636] 7 more processes have sent help message help-mpi-btl-openib.txt / error in device init
[g121:121636] Set MCA parameter "orte_base_help_aggregate" to 0 to see all help / error messages
