--------------------------------------------------------------------------
WARNING: There was an error initializing an OpenFabrics device.

  Local host:   g067
  Local device: mlx5_0
--------------------------------------------------------------------------
[g067:1506369] 7 more processes have sent help message help-mpi-btl-openib.txt / error in device init
[g067:1506369] Set MCA parameter "orte_base_help_aggregate" to 0 to see all help / error messages
--------------------------------------------------------------------------
WARNING: There was an error initializing an OpenFabrics device.

  Local host:   g067
  Local device: mlx5_0
--------------------------------------------------------------------------
[g067:1506486] 7 more processes have sent help message help-mpi-btl-openib.txt / error in device init
[g067:1506486] Set MCA parameter "orte_base_help_aggregate" to 0 to see all help / error messages
--------------------------------------------------------------------------
WARNING: There was an error initializing an OpenFabrics device.

  Local host:   g067
  Local device: mlx5_0
--------------------------------------------------------------------------
[g067:1512035] 7 more processes have sent help message help-mpi-btl-openib.txt / error in device init
[g067:1512035] Set MCA parameter "orte_base_help_aggregate" to 0 to see all help / error messages
--------------------------------------------------------------------------
WARNING: There was an error initializing an OpenFabrics device.

  Local host:   g067
  Local device: mlx5_0
--------------------------------------------------------------------------
[g067:1513145] 7 more processes have sent help message help-mpi-btl-openib.txt / error in device init
[g067:1513145] Set MCA parameter "orte_base_help_aggregate" to 0 to see all help / error messages
--------------------------------------------------------------------------
WARNING: There was an error initializing an OpenFabrics device.

  Local host:   g067
  Local device: mlx5_0
--------------------------------------------------------------------------
[g067:1513259] 7 more processes have sent help message help-mpi-btl-openib.txt / error in device init
[g067:1513259] Set MCA parameter "orte_base_help_aggregate" to 0 to see all help / error messages
--------------------------------------------------------------------------
WARNING: There was an error initializing an OpenFabrics device.

  Local host:   g067
  Local device: mlx5_0
--------------------------------------------------------------------------
[g067:1513374] 7 more processes have sent help message help-mpi-btl-openib.txt / error in device init
[g067:1513374] Set MCA parameter "orte_base_help_aggregate" to 0 to see all help / error messages
--------------------------------------------------------------------------
WARNING: There was an error initializing an OpenFabrics device.

  Local host:   g067
  Local device: mlx5_0
--------------------------------------------------------------------------
[g067:1518577] 7 more processes have sent help message help-mpi-btl-openib.txt / error in device init
[g067:1518577] Set MCA parameter "orte_base_help_aggregate" to 0 to see all help / error messages
--------------------------------------------------------------------------
WARNING: There was an error initializing an OpenFabrics device.

  Local host:   g067
  Local device: mlx5_0
--------------------------------------------------------------------------
[g067:1520192] 7 more processes have sent help message help-mpi-btl-openib.txt / error in device init
[g067:1520192] Set MCA parameter "orte_base_help_aggregate" to 0 to see all help / error messages
--------------------------------------------------------------------------
WARNING: There was an error initializing an OpenFabrics device.

  Local host:   g067
  Local device: mlx5_0
--------------------------------------------------------------------------
[g067:1520303] 7 more processes have sent help message help-mpi-btl-openib.txt / error in device init
[g067:1520303] Set MCA parameter "orte_base_help_aggregate" to 0 to see all help / error messages
--------------------------------------------------------------------------
WARNING: There was an error initializing an OpenFabrics device.

  Local host:   g067
  Local device: mlx5_0
--------------------------------------------------------------------------
[g067:1520425] 7 more processes have sent help message help-mpi-btl-openib.txt / error in device init
[g067:1520425] Set MCA parameter "orte_base_help_aggregate" to 0 to see all help / error messages
--------------------------------------------------------------------------
WARNING: There was an error initializing an OpenFabrics device.

  Local host:   g067
  Local device: mlx5_0
--------------------------------------------------------------------------
[g067:1525579] 7 more processes have sent help message help-mpi-btl-openib.txt / error in device init
[g067:1525579] Set MCA parameter "orte_base_help_aggregate" to 0 to see all help / error messages
--------------------------------------------------------------------------
WARNING: There was an error initializing an OpenFabrics device.

  Local host:   g067
  Local device: mlx5_0
--------------------------------------------------------------------------
[g067:1526687] 7 more processes have sent help message help-mpi-btl-openib.txt / error in device init
[g067:1526687] Set MCA parameter "orte_base_help_aggregate" to 0 to see all help / error messages
--------------------------------------------------------------------------
WARNING: There was an error initializing an OpenFabrics device.

  Local host:   g067
  Local device: mlx5_0
--------------------------------------------------------------------------
[g067:1526799] 7 more processes have sent help message help-mpi-btl-openib.txt / error in device init
[g067:1526799] Set MCA parameter "orte_base_help_aggregate" to 0 to see all help / error messages
--------------------------------------------------------------------------
WARNING: There was an error initializing an OpenFabrics device.

  Local host:   g067
  Local device: mlx5_0
--------------------------------------------------------------------------
[g067:1526911] 7 more processes have sent help message help-mpi-btl-openib.txt / error in device init
[g067:1526911] Set MCA parameter "orte_base_help_aggregate" to 0 to see all help / error messages
--------------------------------------------------------------------------
WARNING: There was an error initializing an OpenFabrics device.

  Local host:   g067
  Local device: mlx5_0
--------------------------------------------------------------------------
[g067:1530398] 7 more processes have sent help message help-mpi-btl-openib.txt / error in device init
[g067:1530398] Set MCA parameter "orte_base_help_aggregate" to 0 to see all help / error messages
--------------------------------------------------------------------------
WARNING: There was an error initializing an OpenFabrics device.

  Local host:   g067
  Local device: mlx5_0
--------------------------------------------------------------------------
[g067:1530671] 7 more processes have sent help message help-mpi-btl-openib.txt / error in device init
[g067:1530671] Set MCA parameter "orte_base_help_aggregate" to 0 to see all help / error messages
--------------------------------------------------------------------------
WARNING: There was an error initializing an OpenFabrics device.

  Local host:   g067
  Local device: mlx5_0
--------------------------------------------------------------------------
[g067:1530786] 7 more processes have sent help message help-mpi-btl-openib.txt / error in device init
[g067:1530786] Set MCA parameter "orte_base_help_aggregate" to 0 to see all help / error messages
--------------------------------------------------------------------------
WARNING: There was an error initializing an OpenFabrics device.

  Local host:   g067
  Local device: mlx5_0
--------------------------------------------------------------------------
[g067:1530901] 7 more processes have sent help message help-mpi-btl-openib.txt / error in device init
[g067:1530901] Set MCA parameter "orte_base_help_aggregate" to 0 to see all help / error messages
--------------------------------------------------------------------------
WARNING: There was an error initializing an OpenFabrics device.

  Local host:   g067
  Local device: mlx5_0
--------------------------------------------------------------------------
[g067:1534122] 7 more processes have sent help message help-mpi-btl-openib.txt / error in device init
[g067:1534122] Set MCA parameter "orte_base_help_aggregate" to 0 to see all help / error messages
--------------------------------------------------------------------------
WARNING: There was an error initializing an OpenFabrics device.

  Local host:   g067
  Local device: mlx5_0
--------------------------------------------------------------------------
[g067:1535183] 7 more processes have sent help message help-mpi-btl-openib.txt / error in device init
[g067:1535183] Set MCA parameter "orte_base_help_aggregate" to 0 to see all help / error messages
--------------------------------------------------------------------------
WARNING: There was an error initializing an OpenFabrics device.

  Local host:   g067
  Local device: mlx5_0
--------------------------------------------------------------------------
[g067:1535293] 7 more processes have sent help message help-mpi-btl-openib.txt / error in device init
[g067:1535293] Set MCA parameter "orte_base_help_aggregate" to 0 to see all help / error messages
--------------------------------------------------------------------------
WARNING: There was an error initializing an OpenFabrics device.

  Local host:   g067
  Local device: mlx5_0
--------------------------------------------------------------------------
[g067:1535413] 7 more processes have sent help message help-mpi-btl-openib.txt / error in device init
[g067:1535413] Set MCA parameter "orte_base_help_aggregate" to 0 to see all help / error messages
--------------------------------------------------------------------------
WARNING: There was an error initializing an OpenFabrics device.

  Local host:   g067
  Local device: mlx5_0
--------------------------------------------------------------------------
[g067:1538963] 7 more processes have sent help message help-mpi-btl-openib.txt / error in device init
[g067:1538963] Set MCA parameter "orte_base_help_aggregate" to 0 to see all help / error messages
--------------------------------------------------------------------------
WARNING: There was an error initializing an OpenFabrics device.

  Local host:   g067
  Local device: mlx5_0
--------------------------------------------------------------------------
[g067:1539463] 7 more processes have sent help message help-mpi-btl-openib.txt / error in device init
[g067:1539463] Set MCA parameter "orte_base_help_aggregate" to 0 to see all help / error messages
--------------------------------------------------------------------------
WARNING: There was an error initializing an OpenFabrics device.

  Local host:   g067
  Local device: mlx5_0
--------------------------------------------------------------------------
[g067:1539577] 7 more processes have sent help message help-mpi-btl-openib.txt / error in device init
[g067:1539577] Set MCA parameter "orte_base_help_aggregate" to 0 to see all help / error messages
--------------------------------------------------------------------------
WARNING: There was an error initializing an OpenFabrics device.

  Local host:   g067
  Local device: mlx5_0
--------------------------------------------------------------------------
[g067:1539686] 7 more processes have sent help message help-mpi-btl-openib.txt / error in device init
[g067:1539686] Set MCA parameter "orte_base_help_aggregate" to 0 to see all help / error messages
--------------------------------------------------------------------------
WARNING: There was an error initializing an OpenFabrics device.

  Local host:   g067
  Local device: mlx5_0
--------------------------------------------------------------------------
[g067:1543764] 7 more processes have sent help message help-mpi-btl-openib.txt / error in device init
[g067:1543764] Set MCA parameter "orte_base_help_aggregate" to 0 to see all help / error messages
--------------------------------------------------------------------------
WARNING: There was an error initializing an OpenFabrics device.

  Local host:   g067
  Local device: mlx5_0
--------------------------------------------------------------------------
[g067:1544866] 7 more processes have sent help message help-mpi-btl-openib.txt / error in device init
[g067:1544866] Set MCA parameter "orte_base_help_aggregate" to 0 to see all help / error messages
--------------------------------------------------------------------------
WARNING: There was an error initializing an OpenFabrics device.

  Local host:   g067
  Local device: mlx5_0
--------------------------------------------------------------------------
[g067:1545141] 7 more processes have sent help message help-mpi-btl-openib.txt / error in device init
[g067:1545141] Set MCA parameter "orte_base_help_aggregate" to 0 to see all help / error messages
--------------------------------------------------------------------------
WARNING: There was an error initializing an OpenFabrics device.

  Local host:   g067
  Local device: mlx5_0
--------------------------------------------------------------------------
[g067:1545250] 7 more processes have sent help message help-mpi-btl-openib.txt / error in device init
[g067:1545250] Set MCA parameter "orte_base_help_aggregate" to 0 to see all help / error messages
--------------------------------------------------------------------------
WARNING: There was an error initializing an OpenFabrics device.

  Local host:   g067
  Local device: mlx5_0
--------------------------------------------------------------------------
[g067:1548359] 7 more processes have sent help message help-mpi-btl-openib.txt / error in device init
[g067:1548359] Set MCA parameter "orte_base_help_aggregate" to 0 to see all help / error messages
--------------------------------------------------------------------------
WARNING: There was an error initializing an OpenFabrics device.

  Local host:   g067
  Local device: mlx5_0
--------------------------------------------------------------------------
[g067:1549323] 7 more processes have sent help message help-mpi-btl-openib.txt / error in device init
[g067:1549323] Set MCA parameter "orte_base_help_aggregate" to 0 to see all help / error messages
--------------------------------------------------------------------------
WARNING: There was an error initializing an OpenFabrics device.

  Local host:   g067
  Local device: mlx5_0
--------------------------------------------------------------------------
[g067:1549717] 7 more processes have sent help message help-mpi-btl-openib.txt / error in device init
[g067:1549717] Set MCA parameter "orte_base_help_aggregate" to 0 to see all help / error messages
--------------------------------------------------------------------------
WARNING: There was an error initializing an OpenFabrics device.

  Local host:   g067
  Local device: mlx5_0
--------------------------------------------------------------------------
[g067:1549831] 7 more processes have sent help message help-mpi-btl-openib.txt / error in device init
[g067:1549831] Set MCA parameter "orte_base_help_aggregate" to 0 to see all help / error messages
--------------------------------------------------------------------------
WARNING: There was an error initializing an OpenFabrics device.

  Local host:   g067
  Local device: mlx5_0
--------------------------------------------------------------------------
[g067:1551942] 7 more processes have sent help message help-mpi-btl-openib.txt / error in device init
[g067:1551942] Set MCA parameter "orte_base_help_aggregate" to 0 to see all help / error messages
--------------------------------------------------------------------------
WARNING: There was an error initializing an OpenFabrics device.

  Local host:   g067
  Local device: mlx5_0
--------------------------------------------------------------------------
[g067:1553313] 7 more processes have sent help message help-mpi-btl-openib.txt / error in device init
[g067:1553313] Set MCA parameter "orte_base_help_aggregate" to 0 to see all help / error messages
--------------------------------------------------------------------------
WARNING: There was an error initializing an OpenFabrics device.

  Local host:   g067
  Local device: mlx5_0
--------------------------------------------------------------------------
[g067:1553423] 7 more processes have sent help message help-mpi-btl-openib.txt / error in device init
[g067:1553423] Set MCA parameter "orte_base_help_aggregate" to 0 to see all help / error messages
--------------------------------------------------------------------------
WARNING: There was an error initializing an OpenFabrics device.

  Local host:   g067
  Local device: mlx5_0
--------------------------------------------------------------------------
[g067:1553532] 7 more processes have sent help message help-mpi-btl-openib.txt / error in device init
[g067:1553532] Set MCA parameter "orte_base_help_aggregate" to 0 to see all help / error messages
--------------------------------------------------------------------------
WARNING: There was an error initializing an OpenFabrics device.

  Local host:   g067
  Local device: mlx5_0
--------------------------------------------------------------------------
[g067:1555557] 7 more processes have sent help message help-mpi-btl-openib.txt / error in device init
[g067:1555557] Set MCA parameter "orte_base_help_aggregate" to 0 to see all help / error messages
--------------------------------------------------------------------------
WARNING: There was an error initializing an OpenFabrics device.

  Local host:   g067
  Local device: mlx5_0
--------------------------------------------------------------------------
[g067:1556407] 7 more processes have sent help message help-mpi-btl-openib.txt / error in device init
[g067:1556407] Set MCA parameter "orte_base_help_aggregate" to 0 to see all help / error messages
--------------------------------------------------------------------------
WARNING: There was an error initializing an OpenFabrics device.

  Local host:   g067
  Local device: mlx5_0
--------------------------------------------------------------------------
[g067:1556522] 7 more processes have sent help message help-mpi-btl-openib.txt / error in device init
[g067:1556522] Set MCA parameter "orte_base_help_aggregate" to 0 to see all help / error messages
--------------------------------------------------------------------------
WARNING: There was an error initializing an OpenFabrics device.

  Local host:   g067
  Local device: mlx5_0
--------------------------------------------------------------------------
[g067:1556636] 7 more processes have sent help message help-mpi-btl-openib.txt / error in device init
[g067:1556636] Set MCA parameter "orte_base_help_aggregate" to 0 to see all help / error messages
--------------------------------------------------------------------------
WARNING: There was an error initializing an OpenFabrics device.

  Local host:   g067
  Local device: mlx5_0
--------------------------------------------------------------------------
[g067:1558973] 7 more processes have sent help message help-mpi-btl-openib.txt / error in device init
[g067:1558973] Set MCA parameter "orte_base_help_aggregate" to 0 to see all help / error messages
--------------------------------------------------------------------------
WARNING: There was an error initializing an OpenFabrics device.

  Local host:   g067
  Local device: mlx5_0
--------------------------------------------------------------------------
[g067:1559871] 7 more processes have sent help message help-mpi-btl-openib.txt / error in device init
[g067:1559871] Set MCA parameter "orte_base_help_aggregate" to 0 to see all help / error messages
--------------------------------------------------------------------------
WARNING: There was an error initializing an OpenFabrics device.

  Local host:   g067
  Local device: mlx5_0
--------------------------------------------------------------------------
[g067:1559985] 7 more processes have sent help message help-mpi-btl-openib.txt / error in device init
[g067:1559985] Set MCA parameter "orte_base_help_aggregate" to 0 to see all help / error messages
--------------------------------------------------------------------------
WARNING: There was an error initializing an OpenFabrics device.

  Local host:   g067
  Local device: mlx5_0
--------------------------------------------------------------------------
[g067:1560100] 7 more processes have sent help message help-mpi-btl-openib.txt / error in device init
[g067:1560100] Set MCA parameter "orte_base_help_aggregate" to 0 to see all help / error messages
--------------------------------------------------------------------------
WARNING: There was an error initializing an OpenFabrics device.

  Local host:   g067
  Local device: mlx5_0
--------------------------------------------------------------------------
[g067:1562663] 7 more processes have sent help message help-mpi-btl-openib.txt / error in device init
[g067:1562663] Set MCA parameter "orte_base_help_aggregate" to 0 to see all help / error messages
--------------------------------------------------------------------------
WARNING: There was an error initializing an OpenFabrics device.

  Local host:   g067
  Local device: mlx5_0
--------------------------------------------------------------------------
[g067:1563564] 7 more processes have sent help message help-mpi-btl-openib.txt / error in device init
[g067:1563564] Set MCA parameter "orte_base_help_aggregate" to 0 to see all help / error messages
--------------------------------------------------------------------------
WARNING: There was an error initializing an OpenFabrics device.

  Local host:   g067
  Local device: mlx5_0
--------------------------------------------------------------------------
[g067:1563677] 7 more processes have sent help message help-mpi-btl-openib.txt / error in device init
[g067:1563677] Set MCA parameter "orte_base_help_aggregate" to 0 to see all help / error messages
--------------------------------------------------------------------------
WARNING: There was an error initializing an OpenFabrics device.

  Local host:   g067
  Local device: mlx5_0
--------------------------------------------------------------------------
[g067:1566362] 7 more processes have sent help message help-mpi-btl-openib.txt / error in device init
[g067:1566362] Set MCA parameter "orte_base_help_aggregate" to 0 to see all help / error messages
