----------------------------------------------- 
  Element       SASA      Sigma Z        Total  
     Z         Ang**2 cal/Ang**2/mol   kcal/mol 
----------------------------------------------- 
      H        143.917       0.000       0.000
      C        100.611     111.253      11.193
      O         68.371     -63.418      -4.336
      S         51.488     -47.002      -2.420

 Subtotal:     364.387                   4.437
 -----------------------------------------------

  Elements    COT*SASA   Sigma Z,Z'     Total   
    Z,Z'       Ang**2  cal/Ang**2/mol kcal/mol  
 ---------------------------------------------- 
  H   C         97.183     -51.536      -5.008
  H   O          0.000     -27.476      -0.000
  C   C        111.658     -87.925      -9.818
  O   C         32.742     -22.247      -0.728
  O   O         14.664    -112.781      -1.654

 Subtotal:                             -17.208
 ---------------------------------------------- 

 NONAQUEOUS SOLVENT CONTRIBUTION (kcal/mol):
 (proportional to SASA, atomic number independent)
 ---------------------------------------------- 
 Subtotal:                               7.879
 ---------------------------------------------- 

 CDS TOTAL (kcal/mol):                  -4.892
...............................................................................
