--------------------------------------------------------------------------
WARNING: There was an error initializing an OpenFabrics device.

  Local host:   g067
  Local device: mlx5_0
--------------------------------------------------------------------------
[g067:1432544] 7 more processes have sent help message help-mpi-btl-openib.txt / error in device init
[g067:1432544] Set MCA parameter "orte_base_help_aggregate" to 0 to see all help / error messages
--------------------------------------------------------------------------
WARNING: There was an error initializing an OpenFabrics device.

  Local host:   g067
  Local device: mlx5_0
--------------------------------------------------------------------------
[g067:1432876] 7 more processes have sent help message help-mpi-btl-openib.txt / error in device init
[g067:1432876] Set MCA parameter "orte_base_help_aggregate" to 0 to see all help / error messages
--------------------------------------------------------------------------
WARNING: There was an error initializing an OpenFabrics device.

  Local host:   g067
  Local device: mlx5_0
--------------------------------------------------------------------------
[g067:1460760] 7 more processes have sent help message help-mpi-btl-openib.txt / error in device init
[g067:1460760] Set MCA parameter "orte_base_help_aggregate" to 0 to see all help / error messages
--------------------------------------------------------------------------
WARNING: There was an error initializing an OpenFabrics device.

  Local host:   g067
  Local device: mlx5_0
--------------------------------------------------------------------------
[g067:1461364] 7 more processes have sent help message help-mpi-btl-openib.txt / error in device init
[g067:1461364] Set MCA parameter "orte_base_help_aggregate" to 0 to see all help / error messages
--------------------------------------------------------------------------
WARNING: There was an error initializing an OpenFabrics device.

  Local host:   g067
  Local device: mlx5_0
--------------------------------------------------------------------------
[g067:1461476] 7 more processes have sent help message help-mpi-btl-openib.txt / error in device init
[g067:1461476] Set MCA parameter "orte_base_help_aggregate" to 0 to see all help / error messages
--------------------------------------------------------------------------
WARNING: There was an error initializing an OpenFabrics device.

  Local host:   g067
  Local device: mlx5_0
--------------------------------------------------------------------------
[g067:1461812] 7 more processes have sent help message help-mpi-btl-openib.txt / error in device init
[g067:1461812] Set MCA parameter "orte_base_help_aggregate" to 0 to see all help / error messages
--------------------------------------------------------------------------
WARNING: There was an error initializing an OpenFabrics device.

  Local host:   g067
  Local device: mlx5_0
--------------------------------------------------------------------------
[g067:1463771] 7 more processes have sent help message help-mpi-btl-openib.txt / error in device init
[g067:1463771] Set MCA parameter "orte_base_help_aggregate" to 0 to see all help / error messages
--------------------------------------------------------------------------
WARNING: There was an error initializing an OpenFabrics device.

  Local host:   g067
  Local device: mlx5_0
--------------------------------------------------------------------------
[g067:1465116] 7 more processes have sent help message help-mpi-btl-openib.txt / error in device init
[g067:1465116] Set MCA parameter "orte_base_help_aggregate" to 0 to see all help / error messages
--------------------------------------------------------------------------
WARNING: There was an error initializing an OpenFabrics device.

  Local host:   g067
  Local device: mlx5_0
--------------------------------------------------------------------------
[g067:1465226] 7 more processes have sent help message help-mpi-btl-openib.txt / error in device init
[g067:1465226] Set MCA parameter "orte_base_help_aggregate" to 0 to see all help / error messages
--------------------------------------------------------------------------
WARNING: There was an error initializing an OpenFabrics device.

  Local host:   g067
  Local device: mlx5_0
--------------------------------------------------------------------------
[g067:1465337] 7 more processes have sent help message help-mpi-btl-openib.txt / error in device init
[g067:1465337] Set MCA parameter "orte_base_help_aggregate" to 0 to see all help / error messages
--------------------------------------------------------------------------
WARNING: There was an error initializing an OpenFabrics device.

  Local host:   g067
  Local device: mlx5_0
--------------------------------------------------------------------------
[g067:1466846] 7 more processes have sent help message help-mpi-btl-openib.txt / error in device init
[g067:1466846] Set MCA parameter "orte_base_help_aggregate" to 0 to see all help / error messages
--------------------------------------------------------------------------
WARNING: There was an error initializing an OpenFabrics device.

  Local host:   g067
  Local device: mlx5_0
--------------------------------------------------------------------------
[g067:1468496] 7 more processes have sent help message help-mpi-btl-openib.txt / error in device init
[g067:1468496] Set MCA parameter "orte_base_help_aggregate" to 0 to see all help / error messages
--------------------------------------------------------------------------
WARNING: There was an error initializing an OpenFabrics device.

  Local host:   g067
  Local device: mlx5_0
--------------------------------------------------------------------------
[g067:1468607] 7 more processes have sent help message help-mpi-btl-openib.txt / error in device init
[g067:1468607] Set MCA parameter "orte_base_help_aggregate" to 0 to see all help / error messages
--------------------------------------------------------------------------
WARNING: There was an error initializing an OpenFabrics device.

  Local host:   g067
  Local device: mlx5_0
--------------------------------------------------------------------------
[g067:1468715] 7 more processes have sent help message help-mpi-btl-openib.txt / error in device init
[g067:1468715] Set MCA parameter "orte_base_help_aggregate" to 0 to see all help / error messages
--------------------------------------------------------------------------
WARNING: There was an error initializing an OpenFabrics device.

  Local host:   g067
  Local device: mlx5_0
--------------------------------------------------------------------------
[g067:1471091] 7 more processes have sent help message help-mpi-btl-openib.txt / error in device init
[g067:1471091] Set MCA parameter "orte_base_help_aggregate" to 0 to see all help / error messages
--------------------------------------------------------------------------
WARNING: There was an error initializing an OpenFabrics device.

  Local host:   g067
  Local device: mlx5_0
--------------------------------------------------------------------------
[g067:1471581] 7 more processes have sent help message help-mpi-btl-openib.txt / error in device init
[g067:1471581] Set MCA parameter "orte_base_help_aggregate" to 0 to see all help / error messages
--------------------------------------------------------------------------
WARNING: There was an error initializing an OpenFabrics device.

  Local host:   g067
  Local device: mlx5_0
--------------------------------------------------------------------------
[g067:1471694] 7 more processes have sent help message help-mpi-btl-openib.txt / error in device init
[g067:1471694] Set MCA parameter "orte_base_help_aggregate" to 0 to see all help / error messages
--------------------------------------------------------------------------
WARNING: There was an error initializing an OpenFabrics device.

  Local host:   g067
  Local device: mlx5_0
--------------------------------------------------------------------------
[g067:1471804] 7 more processes have sent help message help-mpi-btl-openib.txt / error in device init
[g067:1471804] Set MCA parameter "orte_base_help_aggregate" to 0 to see all help / error messages
--------------------------------------------------------------------------
WARNING: There was an error initializing an OpenFabrics device.

  Local host:   g067
  Local device: mlx5_0
--------------------------------------------------------------------------
[g067:1474100] 7 more processes have sent help message help-mpi-btl-openib.txt / error in device init
[g067:1474100] Set MCA parameter "orte_base_help_aggregate" to 0 to see all help / error messages
--------------------------------------------------------------------------
WARNING: There was an error initializing an OpenFabrics device.

  Local host:   g067
  Local device: mlx5_0
--------------------------------------------------------------------------
[g067:1475182] 7 more processes have sent help message help-mpi-btl-openib.txt / error in device init
[g067:1475182] Set MCA parameter "orte_base_help_aggregate" to 0 to see all help / error messages
--------------------------------------------------------------------------
WARNING: There was an error initializing an OpenFabrics device.

  Local host:   g067
  Local device: mlx5_0
--------------------------------------------------------------------------
[g067:1475289] 7 more processes have sent help message help-mpi-btl-openib.txt / error in device init
[g067:1475289] Set MCA parameter "orte_base_help_aggregate" to 0 to see all help / error messages
--------------------------------------------------------------------------
WARNING: There was an error initializing an OpenFabrics device.

  Local host:   g067
  Local device: mlx5_0
--------------------------------------------------------------------------
[g067:1475397] 7 more processes have sent help message help-mpi-btl-openib.txt / error in device init
[g067:1475397] Set MCA parameter "orte_base_help_aggregate" to 0 to see all help / error messages
--------------------------------------------------------------------------
WARNING: There was an error initializing an OpenFabrics device.

  Local host:   g067
  Local device: mlx5_0
--------------------------------------------------------------------------
[g067:1476973] 7 more processes have sent help message help-mpi-btl-openib.txt / error in device init
[g067:1476973] Set MCA parameter "orte_base_help_aggregate" to 0 to see all help / error messages
--------------------------------------------------------------------------
WARNING: There was an error initializing an OpenFabrics device.

  Local host:   g067
  Local device: mlx5_0
--------------------------------------------------------------------------
[g067:1478331] 7 more processes have sent help message help-mpi-btl-openib.txt / error in device init
[g067:1478331] Set MCA parameter "orte_base_help_aggregate" to 0 to see all help / error messages
--------------------------------------------------------------------------
WARNING: There was an error initializing an OpenFabrics device.

  Local host:   g067
  Local device: mlx5_0
--------------------------------------------------------------------------
[g067:1478440] 7 more processes have sent help message help-mpi-btl-openib.txt / error in device init
[g067:1478440] Set MCA parameter "orte_base_help_aggregate" to 0 to see all help / error messages
--------------------------------------------------------------------------
WARNING: There was an error initializing an OpenFabrics device.

  Local host:   g067
  Local device: mlx5_0
--------------------------------------------------------------------------
[g067:1478551] 7 more processes have sent help message help-mpi-btl-openib.txt / error in device init
[g067:1478551] Set MCA parameter "orte_base_help_aggregate" to 0 to see all help / error messages
--------------------------------------------------------------------------
WARNING: There was an error initializing an OpenFabrics device.

  Local host:   g067
  Local device: mlx5_0
--------------------------------------------------------------------------
[g067:1479929] 7 more processes have sent help message help-mpi-btl-openib.txt / error in device init
[g067:1479929] Set MCA parameter "orte_base_help_aggregate" to 0 to see all help / error messages
--------------------------------------------------------------------------
WARNING: There was an error initializing an OpenFabrics device.

  Local host:   g067
  Local device: mlx5_0
--------------------------------------------------------------------------
[g067:1481200] 7 more processes have sent help message help-mpi-btl-openib.txt / error in device init
[g067:1481200] Set MCA parameter "orte_base_help_aggregate" to 0 to see all help / error messages
--------------------------------------------------------------------------
WARNING: There was an error initializing an OpenFabrics device.

  Local host:   g067
  Local device: mlx5_0
--------------------------------------------------------------------------
[g067:1481313] 7 more processes have sent help message help-mpi-btl-openib.txt / error in device init
[g067:1481313] Set MCA parameter "orte_base_help_aggregate" to 0 to see all help / error messages
--------------------------------------------------------------------------
WARNING: There was an error initializing an OpenFabrics device.

  Local host:   g067
  Local device: mlx5_0
--------------------------------------------------------------------------
[g067:1481424] 7 more processes have sent help message help-mpi-btl-openib.txt / error in device init
[g067:1481424] Set MCA parameter "orte_base_help_aggregate" to 0 to see all help / error messages
--------------------------------------------------------------------------
WARNING: There was an error initializing an OpenFabrics device.

  Local host:   g067
  Local device: mlx5_0
--------------------------------------------------------------------------
[g067:1482964] 7 more processes have sent help message help-mpi-btl-openib.txt / error in device init
[g067:1482964] Set MCA parameter "orte_base_help_aggregate" to 0 to see all help / error messages
--------------------------------------------------------------------------
WARNING: There was an error initializing an OpenFabrics device.

  Local host:   g067
  Local device: mlx5_0
--------------------------------------------------------------------------
[g067:1484217] 7 more processes have sent help message help-mpi-btl-openib.txt / error in device init
[g067:1484217] Set MCA parameter "orte_base_help_aggregate" to 0 to see all help / error messages
--------------------------------------------------------------------------
WARNING: There was an error initializing an OpenFabrics device.

  Local host:   g067
  Local device: mlx5_0
--------------------------------------------------------------------------
[g067:1484328] 7 more processes have sent help message help-mpi-btl-openib.txt / error in device init
[g067:1484328] Set MCA parameter "orte_base_help_aggregate" to 0 to see all help / error messages
--------------------------------------------------------------------------
WARNING: There was an error initializing an OpenFabrics device.

  Local host:   g067
  Local device: mlx5_0
--------------------------------------------------------------------------
[g067:1484441] 7 more processes have sent help message help-mpi-btl-openib.txt / error in device init
[g067:1484441] Set MCA parameter "orte_base_help_aggregate" to 0 to see all help / error messages
--------------------------------------------------------------------------
WARNING: There was an error initializing an OpenFabrics device.

  Local host:   g067
  Local device: mlx5_0
--------------------------------------------------------------------------
[g067:1485904] 7 more processes have sent help message help-mpi-btl-openib.txt / error in device init
[g067:1485904] Set MCA parameter "orte_base_help_aggregate" to 0 to see all help / error messages
--------------------------------------------------------------------------
WARNING: There was an error initializing an OpenFabrics device.

  Local host:   g067
  Local device: mlx5_0
--------------------------------------------------------------------------
[g067:1487410] 7 more processes have sent help message help-mpi-btl-openib.txt / error in device init
[g067:1487410] Set MCA parameter "orte_base_help_aggregate" to 0 to see all help / error messages
--------------------------------------------------------------------------
WARNING: There was an error initializing an OpenFabrics device.

  Local host:   g067
  Local device: mlx5_0
--------------------------------------------------------------------------
[g067:1487521] 7 more processes have sent help message help-mpi-btl-openib.txt / error in device init
[g067:1487521] Set MCA parameter "orte_base_help_aggregate" to 0 to see all help / error messages
--------------------------------------------------------------------------
WARNING: There was an error initializing an OpenFabrics device.

  Local host:   g067
  Local device: mlx5_0
--------------------------------------------------------------------------
[g067:1487632] 7 more processes have sent help message help-mpi-btl-openib.txt / error in device init
[g067:1487632] Set MCA parameter "orte_base_help_aggregate" to 0 to see all help / error messages
--------------------------------------------------------------------------
WARNING: There was an error initializing an OpenFabrics device.

  Local host:   g067
  Local device: mlx5_0
--------------------------------------------------------------------------
[g067:1489037] 7 more processes have sent help message help-mpi-btl-openib.txt / error in device init
[g067:1489037] Set MCA parameter "orte_base_help_aggregate" to 0 to see all help / error messages
--------------------------------------------------------------------------
WARNING: There was an error initializing an OpenFabrics device.

  Local host:   g067
  Local device: mlx5_0
--------------------------------------------------------------------------
[g067:1490354] 7 more processes have sent help message help-mpi-btl-openib.txt / error in device init
[g067:1490354] Set MCA parameter "orte_base_help_aggregate" to 0 to see all help / error messages
--------------------------------------------------------------------------
WARNING: There was an error initializing an OpenFabrics device.

  Local host:   g067
  Local device: mlx5_0
--------------------------------------------------------------------------
[g067:1490547] 7 more processes have sent help message help-mpi-btl-openib.txt / error in device init
[g067:1490547] Set MCA parameter "orte_base_help_aggregate" to 0 to see all help / error messages
--------------------------------------------------------------------------
WARNING: There was an error initializing an OpenFabrics device.

  Local host:   g067
  Local device: mlx5_0
--------------------------------------------------------------------------
[g067:1490691] 7 more processes have sent help message help-mpi-btl-openib.txt / error in device init
[g067:1490691] Set MCA parameter "orte_base_help_aggregate" to 0 to see all help / error messages
--------------------------------------------------------------------------
WARNING: There was an error initializing an OpenFabrics device.

  Local host:   g067
  Local device: mlx5_0
--------------------------------------------------------------------------
[g067:1491822] 7 more processes have sent help message help-mpi-btl-openib.txt / error in device init
[g067:1491822] Set MCA parameter "orte_base_help_aggregate" to 0 to see all help / error messages
--------------------------------------------------------------------------
WARNING: There was an error initializing an OpenFabrics device.

  Local host:   g067
  Local device: mlx5_0
--------------------------------------------------------------------------
[g067:1492859] 7 more processes have sent help message help-mpi-btl-openib.txt / error in device init
[g067:1492859] Set MCA parameter "orte_base_help_aggregate" to 0 to see all help / error messages
--------------------------------------------------------------------------
WARNING: There was an error initializing an OpenFabrics device.

  Local host:   g067
  Local device: mlx5_0
--------------------------------------------------------------------------
[g067:1492970] 7 more processes have sent help message help-mpi-btl-openib.txt / error in device init
[g067:1492970] Set MCA parameter "orte_base_help_aggregate" to 0 to see all help / error messages
--------------------------------------------------------------------------
WARNING: There was an error initializing an OpenFabrics device.

  Local host:   g067
  Local device: mlx5_0
--------------------------------------------------------------------------
[g067:1494371] 7 more processes have sent help message help-mpi-btl-openib.txt / error in device init
[g067:1494371] Set MCA parameter "orte_base_help_aggregate" to 0 to see all help / error messages
