----------------------------------------------- 
  Element       SASA      Sigma Z        Total  
     Z         Ang**2 cal/Ang**2/mol   kcal/mol 
----------------------------------------------- 
      H        150.041       0.000       0.000
      C        121.891     107.436      13.095
      O         66.089     -57.524      -3.802
      S         54.478     -47.450      -2.585

 Subtotal:     392.499                   6.709
 -----------------------------------------------

  Elements    COT*SASA   Sigma Z,Z'     Total   
    Z,Z'       Ang**2  cal/Ang**2/mol kcal/mol  
 ---------------------------------------------- 
  H   C        101.272     -52.027      -5.269
  H   O          0.000     -27.737      -0.000
  C   C        138.491     -88.763     -12.293
  O   C         33.017     -22.459      -0.742
  O   O         13.218     -94.838      -1.254

 Subtotal:                             -19.557
 ---------------------------------------------- 

 NONAQUEOUS SOLVENT CONTRIBUTION (kcal/mol):
 (proportional to SASA, atomic number independent)
 ---------------------------------------------- 
 Subtotal:                               6.808
 ---------------------------------------------- 

 CDS TOTAL (kcal/mol):                  -6.040
...............................................................................
