----------------------------------------------- 
  Element       SASA      Sigma Z        Total  
     Z         Ang**2 cal/Ang**2/mol   kcal/mol 
----------------------------------------------- 
      H        151.351       0.000       0.000
      C        120.558     107.436      12.952
      O         66.999     -57.524      -3.854
      S         54.701     -47.450      -2.596

 Subtotal:     393.609                   6.503
 -----------------------------------------------

  Elements    COT*SASA   Sigma Z,Z'     Total   
    Z,Z'       Ang**2  cal/Ang**2/mol kcal/mol  
 ---------------------------------------------- 
  H   C        102.071     -52.027      -5.310
  H   O          0.000     -27.737      -0.000
  C   C        136.260     -88.763     -12.095
  O   C         32.518     -22.459      -0.730
  O   O         13.614     -94.838      -1.291

 Subtotal:                             -19.427
 ---------------------------------------------- 

 NONAQUEOUS SOLVENT CONTRIBUTION (kcal/mol):
 (proportional to SASA, atomic number independent)
 ---------------------------------------------- 
 Subtotal:                               6.828
 ---------------------------------------------- 

 CDS TOTAL (kcal/mol):                  -6.096
...............................................................................
