--------------------------------------------------------------------------
WARNING: There was an error initializing an OpenFabrics device.

  Local host:   g068
  Local device: mlx5_0
--------------------------------------------------------------------------
[g068:64999] 7 more processes have sent help message help-mpi-btl-openib.txt / error in device init
[g068:64999] Set MCA parameter "orte_base_help_aggregate" to 0 to see all help / error messages
--------------------------------------------------------------------------
WARNING: There was an error initializing an OpenFabrics device.

  Local host:   g068
  Local device: mlx5_0
--------------------------------------------------------------------------
[g068:65511] 7 more processes have sent help message help-mpi-btl-openib.txt / error in device init
[g068:65511] Set MCA parameter "orte_base_help_aggregate" to 0 to see all help / error messages
--------------------------------------------------------------------------
WARNING: There was an error initializing an OpenFabrics device.

  Local host:   g068
  Local device: mlx5_0
--------------------------------------------------------------------------
[g068:68312] 7 more processes have sent help message help-mpi-btl-openib.txt / error in device init
[g068:68312] Set MCA parameter "orte_base_help_aggregate" to 0 to see all help / error messages
--------------------------------------------------------------------------
WARNING: There was an error initializing an OpenFabrics device.

  Local host:   g068
  Local device: mlx5_0
--------------------------------------------------------------------------
[g068:68783] 7 more processes have sent help message help-mpi-btl-openib.txt / error in device init
[g068:68783] Set MCA parameter "orte_base_help_aggregate" to 0 to see all help / error messages
--------------------------------------------------------------------------
WARNING: There was an error initializing an OpenFabrics device.

  Local host:   g068
  Local device: mlx5_0
--------------------------------------------------------------------------
[g068:68894] 7 more processes have sent help message help-mpi-btl-openib.txt / error in device init
[g068:68894] Set MCA parameter "orte_base_help_aggregate" to 0 to see all help / error messages
--------------------------------------------------------------------------
WARNING: There was an error initializing an OpenFabrics device.

  Local host:   g068
  Local device: mlx5_0
--------------------------------------------------------------------------
[g068:69008] 7 more processes have sent help message help-mpi-btl-openib.txt / error in device init
[g068:69008] Set MCA parameter "orte_base_help_aggregate" to 0 to see all help / error messages
--------------------------------------------------------------------------
WARNING: There was an error initializing an OpenFabrics device.

  Local host:   g068
  Local device: mlx5_0
--------------------------------------------------------------------------
[g068:70524] 7 more processes have sent help message help-mpi-btl-openib.txt / error in device init
[g068:70524] Set MCA parameter "orte_base_help_aggregate" to 0 to see all help / error messages
--------------------------------------------------------------------------
WARNING: There was an error initializing an OpenFabrics device.

  Local host:   g068
  Local device: mlx5_0
--------------------------------------------------------------------------
[g068:72108] 7 more processes have sent help message help-mpi-btl-openib.txt / error in device init
[g068:72108] Set MCA parameter "orte_base_help_aggregate" to 0 to see all help / error messages
--------------------------------------------------------------------------
WARNING: There was an error initializing an OpenFabrics device.

  Local host:   g068
  Local device: mlx5_0
--------------------------------------------------------------------------
[g068:72227] 7 more processes have sent help message help-mpi-btl-openib.txt / error in device init
[g068:72227] Set MCA parameter "orte_base_help_aggregate" to 0 to see all help / error messages
--------------------------------------------------------------------------
WARNING: There was an error initializing an OpenFabrics device.

  Local host:   g068
  Local device: mlx5_0
--------------------------------------------------------------------------
[g068:72344] 7 more processes have sent help message help-mpi-btl-openib.txt / error in device init
[g068:72344] Set MCA parameter "orte_base_help_aggregate" to 0 to see all help / error messages
--------------------------------------------------------------------------
WARNING: There was an error initializing an OpenFabrics device.

  Local host:   g068
  Local device: mlx5_0
--------------------------------------------------------------------------
[g068:73994] 7 more processes have sent help message help-mpi-btl-openib.txt / error in device init
[g068:73994] Set MCA parameter "orte_base_help_aggregate" to 0 to see all help / error messages
--------------------------------------------------------------------------
WARNING: There was an error initializing an OpenFabrics device.

  Local host:   g068
  Local device: mlx5_0
--------------------------------------------------------------------------
[g068:74816] 7 more processes have sent help message help-mpi-btl-openib.txt / error in device init
[g068:74816] Set MCA parameter "orte_base_help_aggregate" to 0 to see all help / error messages
--------------------------------------------------------------------------
WARNING: There was an error initializing an OpenFabrics device.

  Local host:   g068
  Local device: mlx5_0
--------------------------------------------------------------------------
[g068:74933] 7 more processes have sent help message help-mpi-btl-openib.txt / error in device init
[g068:74933] Set MCA parameter "orte_base_help_aggregate" to 0 to see all help / error messages
--------------------------------------------------------------------------
WARNING: There was an error initializing an OpenFabrics device.

  Local host:   g068
  Local device: mlx5_0
--------------------------------------------------------------------------
[g068:75049] 7 more processes have sent help message help-mpi-btl-openib.txt / error in device init
[g068:75049] Set MCA parameter "orte_base_help_aggregate" to 0 to see all help / error messages
--------------------------------------------------------------------------
WARNING: There was an error initializing an OpenFabrics device.

  Local host:   g068
  Local device: mlx5_0
--------------------------------------------------------------------------
[g068:76311] 7 more processes have sent help message help-mpi-btl-openib.txt / error in device init
[g068:76311] Set MCA parameter "orte_base_help_aggregate" to 0 to see all help / error messages
--------------------------------------------------------------------------
WARNING: There was an error initializing an OpenFabrics device.

  Local host:   g068
  Local device: mlx5_0
--------------------------------------------------------------------------
[g068:76677] 7 more processes have sent help message help-mpi-btl-openib.txt / error in device init
[g068:76677] Set MCA parameter "orte_base_help_aggregate" to 0 to see all help / error messages
--------------------------------------------------------------------------
WARNING: There was an error initializing an OpenFabrics device.

  Local host:   g068
  Local device: mlx5_0
--------------------------------------------------------------------------
[g068:76912] 7 more processes have sent help message help-mpi-btl-openib.txt / error in device init
[g068:76912] Set MCA parameter "orte_base_help_aggregate" to 0 to see all help / error messages
--------------------------------------------------------------------------
WARNING: There was an error initializing an OpenFabrics device.

  Local host:   g068
  Local device: mlx5_0
--------------------------------------------------------------------------
[g068:77027] 7 more processes have sent help message help-mpi-btl-openib.txt / error in device init
[g068:77027] Set MCA parameter "orte_base_help_aggregate" to 0 to see all help / error messages
--------------------------------------------------------------------------
WARNING: There was an error initializing an OpenFabrics device.

  Local host:   g068
  Local device: mlx5_0
--------------------------------------------------------------------------
[g068:78593] 7 more processes have sent help message help-mpi-btl-openib.txt / error in device init
[g068:78593] Set MCA parameter "orte_base_help_aggregate" to 0 to see all help / error messages
--------------------------------------------------------------------------
WARNING: There was an error initializing an OpenFabrics device.

  Local host:   g068
  Local device: mlx5_0
--------------------------------------------------------------------------
[g068:78958] 7 more processes have sent help message help-mpi-btl-openib.txt / error in device init
[g068:78958] Set MCA parameter "orte_base_help_aggregate" to 0 to see all help / error messages
--------------------------------------------------------------------------
WARNING: There was an error initializing an OpenFabrics device.

  Local host:   g068
  Local device: mlx5_0
--------------------------------------------------------------------------
[g068:79187] 7 more processes have sent help message help-mpi-btl-openib.txt / error in device init
[g068:79187] Set MCA parameter "orte_base_help_aggregate" to 0 to see all help / error messages
--------------------------------------------------------------------------
WARNING: There was an error initializing an OpenFabrics device.

  Local host:   g068
  Local device: mlx5_0
--------------------------------------------------------------------------
[g068:79299] 7 more processes have sent help message help-mpi-btl-openib.txt / error in device init
[g068:79299] Set MCA parameter "orte_base_help_aggregate" to 0 to see all help / error messages
--------------------------------------------------------------------------
WARNING: There was an error initializing an OpenFabrics device.

  Local host:   g068
  Local device: mlx5_0
--------------------------------------------------------------------------
[g068:81865] 7 more processes have sent help message help-mpi-btl-openib.txt / error in device init
[g068:81865] Set MCA parameter "orte_base_help_aggregate" to 0 to see all help / error messages
--------------------------------------------------------------------------
WARNING: There was an error initializing an OpenFabrics device.

  Local host:   g068
  Local device: mlx5_0
--------------------------------------------------------------------------
[g068:82103] 7 more processes have sent help message help-mpi-btl-openib.txt / error in device init
[g068:82103] Set MCA parameter "orte_base_help_aggregate" to 0 to see all help / error messages
--------------------------------------------------------------------------
WARNING: There was an error initializing an OpenFabrics device.

  Local host:   g068
  Local device: mlx5_0
--------------------------------------------------------------------------
[g068:82218] 7 more processes have sent help message help-mpi-btl-openib.txt / error in device init
[g068:82218] Set MCA parameter "orte_base_help_aggregate" to 0 to see all help / error messages
--------------------------------------------------------------------------
WARNING: There was an error initializing an OpenFabrics device.

  Local host:   g068
  Local device: mlx5_0
--------------------------------------------------------------------------
[g068:82333] 7 more processes have sent help message help-mpi-btl-openib.txt / error in device init
[g068:82333] Set MCA parameter "orte_base_help_aggregate" to 0 to see all help / error messages
--------------------------------------------------------------------------
WARNING: There was an error initializing an OpenFabrics device.

  Local host:   g068
  Local device: mlx5_0
--------------------------------------------------------------------------
[g068:84104] 7 more processes have sent help message help-mpi-btl-openib.txt / error in device init
[g068:84104] Set MCA parameter "orte_base_help_aggregate" to 0 to see all help / error messages
--------------------------------------------------------------------------
WARNING: There was an error initializing an OpenFabrics device.

  Local host:   g068
  Local device: mlx5_0
--------------------------------------------------------------------------
[g068:84471] 7 more processes have sent help message help-mpi-btl-openib.txt / error in device init
[g068:84471] Set MCA parameter "orte_base_help_aggregate" to 0 to see all help / error messages
--------------------------------------------------------------------------
WARNING: There was an error initializing an OpenFabrics device.

  Local host:   g068
  Local device: mlx5_0
--------------------------------------------------------------------------
[g068:84588] 7 more processes have sent help message help-mpi-btl-openib.txt / error in device init
[g068:84588] Set MCA parameter "orte_base_help_aggregate" to 0 to see all help / error messages
--------------------------------------------------------------------------
WARNING: There was an error initializing an OpenFabrics device.

  Local host:   g068
  Local device: mlx5_0
--------------------------------------------------------------------------
[g068:84699] 7 more processes have sent help message help-mpi-btl-openib.txt / error in device init
[g068:84699] Set MCA parameter "orte_base_help_aggregate" to 0 to see all help / error messages
--------------------------------------------------------------------------
WARNING: There was an error initializing an OpenFabrics device.

  Local host:   g068
  Local device: mlx5_0
--------------------------------------------------------------------------
[g068:86262] 7 more processes have sent help message help-mpi-btl-openib.txt / error in device init
[g068:86262] Set MCA parameter "orte_base_help_aggregate" to 0 to see all help / error messages
--------------------------------------------------------------------------
WARNING: There was an error initializing an OpenFabrics device.

  Local host:   g068
  Local device: mlx5_0
--------------------------------------------------------------------------
[g068:86994] 7 more processes have sent help message help-mpi-btl-openib.txt / error in device init
[g068:86994] Set MCA parameter "orte_base_help_aggregate" to 0 to see all help / error messages
--------------------------------------------------------------------------
WARNING: There was an error initializing an OpenFabrics device.

  Local host:   g068
  Local device: mlx5_0
--------------------------------------------------------------------------
[g068:87109] 7 more processes have sent help message help-mpi-btl-openib.txt / error in device init
[g068:87109] Set MCA parameter "orte_base_help_aggregate" to 0 to see all help / error messages
--------------------------------------------------------------------------
WARNING: There was an error initializing an OpenFabrics device.

  Local host:   g068
  Local device: mlx5_0
--------------------------------------------------------------------------
[g068:87229] 7 more processes have sent help message help-mpi-btl-openib.txt / error in device init
[g068:87229] Set MCA parameter "orte_base_help_aggregate" to 0 to see all help / error messages
--------------------------------------------------------------------------
WARNING: There was an error initializing an OpenFabrics device.

  Local host:   g068
  Local device: mlx5_0
--------------------------------------------------------------------------
[g068:88507] 7 more processes have sent help message help-mpi-btl-openib.txt / error in device init
[g068:88507] Set MCA parameter "orte_base_help_aggregate" to 0 to see all help / error messages
--------------------------------------------------------------------------
WARNING: There was an error initializing an OpenFabrics device.

  Local host:   g068
  Local device: mlx5_0
--------------------------------------------------------------------------
[g068:88753] 7 more processes have sent help message help-mpi-btl-openib.txt / error in device init
[g068:88753] Set MCA parameter "orte_base_help_aggregate" to 0 to see all help / error messages
--------------------------------------------------------------------------
WARNING: There was an error initializing an OpenFabrics device.

  Local host:   g068
  Local device: mlx5_0
--------------------------------------------------------------------------
[g068:88867] 7 more processes have sent help message help-mpi-btl-openib.txt / error in device init
[g068:88867] Set MCA parameter "orte_base_help_aggregate" to 0 to see all help / error messages
--------------------------------------------------------------------------
WARNING: There was an error initializing an OpenFabrics device.

  Local host:   g068
  Local device: mlx5_0
--------------------------------------------------------------------------
[g068:88988] 7 more processes have sent help message help-mpi-btl-openib.txt / error in device init
[g068:88988] Set MCA parameter "orte_base_help_aggregate" to 0 to see all help / error messages
--------------------------------------------------------------------------
WARNING: There was an error initializing an OpenFabrics device.

  Local host:   g068
  Local device: mlx5_0
--------------------------------------------------------------------------
[g068:91217] 7 more processes have sent help message help-mpi-btl-openib.txt / error in device init
[g068:91217] Set MCA parameter "orte_base_help_aggregate" to 0 to see all help / error messages
--------------------------------------------------------------------------
WARNING: There was an error initializing an OpenFabrics device.

  Local host:   g068
  Local device: mlx5_0
--------------------------------------------------------------------------
[g068:91462] 7 more processes have sent help message help-mpi-btl-openib.txt / error in device init
[g068:91462] Set MCA parameter "orte_base_help_aggregate" to 0 to see all help / error messages
--------------------------------------------------------------------------
WARNING: There was an error initializing an OpenFabrics device.

  Local host:   g068
  Local device: mlx5_0
--------------------------------------------------------------------------
[g068:91577] 7 more processes have sent help message help-mpi-btl-openib.txt / error in device init
[g068:91577] Set MCA parameter "orte_base_help_aggregate" to 0 to see all help / error messages
--------------------------------------------------------------------------
WARNING: There was an error initializing an OpenFabrics device.

  Local host:   g068
  Local device: mlx5_0
--------------------------------------------------------------------------
[g068:91695] 7 more processes have sent help message help-mpi-btl-openib.txt / error in device init
[g068:91695] Set MCA parameter "orte_base_help_aggregate" to 0 to see all help / error messages
--------------------------------------------------------------------------
WARNING: There was an error initializing an OpenFabrics device.

  Local host:   g068
  Local device: mlx5_0
--------------------------------------------------------------------------
[g068:93350] 7 more processes have sent help message help-mpi-btl-openib.txt / error in device init
[g068:93350] Set MCA parameter "orte_base_help_aggregate" to 0 to see all help / error messages
--------------------------------------------------------------------------
WARNING: There was an error initializing an OpenFabrics device.

  Local host:   g068
  Local device: mlx5_0
--------------------------------------------------------------------------
[g068:93591] 7 more processes have sent help message help-mpi-btl-openib.txt / error in device init
[g068:93591] Set MCA parameter "orte_base_help_aggregate" to 0 to see all help / error messages
--------------------------------------------------------------------------
WARNING: There was an error initializing an OpenFabrics device.

  Local host:   g068
  Local device: mlx5_0
--------------------------------------------------------------------------
[g068:93708] 7 more processes have sent help message help-mpi-btl-openib.txt / error in device init
[g068:93708] Set MCA parameter "orte_base_help_aggregate" to 0 to see all help / error messages
--------------------------------------------------------------------------
WARNING: There was an error initializing an OpenFabrics device.

  Local host:   g068
  Local device: mlx5_0
--------------------------------------------------------------------------
[g068:93823] 7 more processes have sent help message help-mpi-btl-openib.txt / error in device init
[g068:93823] Set MCA parameter "orte_base_help_aggregate" to 0 to see all help / error messages
--------------------------------------------------------------------------
WARNING: There was an error initializing an OpenFabrics device.

  Local host:   g068
  Local device: mlx5_0
--------------------------------------------------------------------------
[g068:95024] 7 more processes have sent help message help-mpi-btl-openib.txt / error in device init
[g068:95024] Set MCA parameter "orte_base_help_aggregate" to 0 to see all help / error messages
--------------------------------------------------------------------------
WARNING: There was an error initializing an OpenFabrics device.

  Local host:   g068
  Local device: mlx5_0
--------------------------------------------------------------------------
[g068:95144] 7 more processes have sent help message help-mpi-btl-openib.txt / error in device init
[g068:95144] Set MCA parameter "orte_base_help_aggregate" to 0 to see all help / error messages
--------------------------------------------------------------------------
WARNING: There was an error initializing an OpenFabrics device.

  Local host:   g068
  Local device: mlx5_0
--------------------------------------------------------------------------
[g068:95253] 7 more processes have sent help message help-mpi-btl-openib.txt / error in device init
[g068:95253] Set MCA parameter "orte_base_help_aggregate" to 0 to see all help / error messages
--------------------------------------------------------------------------
WARNING: There was an error initializing an OpenFabrics device.

  Local host:   g068
  Local device: mlx5_0
--------------------------------------------------------------------------
[g068:95368] 7 more processes have sent help message help-mpi-btl-openib.txt / error in device init
[g068:95368] Set MCA parameter "orte_base_help_aggregate" to 0 to see all help / error messages
--------------------------------------------------------------------------
WARNING: There was an error initializing an OpenFabrics device.

  Local host:   g068
  Local device: mlx5_0
--------------------------------------------------------------------------
[g068:96867] 7 more processes have sent help message help-mpi-btl-openib.txt / error in device init
[g068:96867] Set MCA parameter "orte_base_help_aggregate" to 0 to see all help / error messages
--------------------------------------------------------------------------
WARNING: There was an error initializing an OpenFabrics device.

  Local host:   g068
  Local device: mlx5_0
--------------------------------------------------------------------------
[g068:97307] [[15923,0],0] ORTE_ERROR_LOG: Data unpack would read past end of buffer in file util/show_help.c at line 501
[g068:97307] 6 more processes have sent help message help-mpi-btl-openib.txt / error in device init
[g068:97307] Set MCA parameter "orte_base_help_aggregate" to 0 to see all help / error messages
--------------------------------------------------------------------------
WARNING: There was an error initializing an OpenFabrics device.

  Local host:   g068
  Local device: mlx5_0
--------------------------------------------------------------------------
[g068:97424] 7 more processes have sent help message help-mpi-btl-openib.txt / error in device init
[g068:97424] Set MCA parameter "orte_base_help_aggregate" to 0 to see all help / error messages
--------------------------------------------------------------------------
WARNING: There was an error initializing an OpenFabrics device.

  Local host:   g068
  Local device: mlx5_0
--------------------------------------------------------------------------
[g068:97541] 7 more processes have sent help message help-mpi-btl-openib.txt / error in device init
[g068:97541] Set MCA parameter "orte_base_help_aggregate" to 0 to see all help / error messages
--------------------------------------------------------------------------
WARNING: There was an error initializing an OpenFabrics device.

  Local host:   g068
  Local device: mlx5_0
--------------------------------------------------------------------------
[g068:98394] 7 more processes have sent help message help-mpi-btl-openib.txt / error in device init
[g068:98394] Set MCA parameter "orte_base_help_aggregate" to 0 to see all help / error messages
--------------------------------------------------------------------------
WARNING: There was an error initializing an OpenFabrics device.

  Local host:   g068
  Local device: mlx5_0
--------------------------------------------------------------------------
[g068:98875] 7 more processes have sent help message help-mpi-btl-openib.txt / error in device init
[g068:98875] Set MCA parameter "orte_base_help_aggregate" to 0 to see all help / error messages
--------------------------------------------------------------------------
WARNING: There was an error initializing an OpenFabrics device.

  Local host:   g068
  Local device: mlx5_0
--------------------------------------------------------------------------
[g068:98990] 7 more processes have sent help message help-mpi-btl-openib.txt / error in device init
[g068:98990] Set MCA parameter "orte_base_help_aggregate" to 0 to see all help / error messages
--------------------------------------------------------------------------
WARNING: There was an error initializing an OpenFabrics device.

  Local host:   g068
  Local device: mlx5_0
--------------------------------------------------------------------------
[g068:99101] 7 more processes have sent help message help-mpi-btl-openib.txt / error in device init
[g068:99101] Set MCA parameter "orte_base_help_aggregate" to 0 to see all help / error messages
--------------------------------------------------------------------------
WARNING: There was an error initializing an OpenFabrics device.

  Local host:   g068
  Local device: mlx5_0
--------------------------------------------------------------------------
[g068:100906] 7 more processes have sent help message help-mpi-btl-openib.txt / error in device init
[g068:100906] Set MCA parameter "orte_base_help_aggregate" to 0 to see all help / error messages
--------------------------------------------------------------------------
WARNING: There was an error initializing an OpenFabrics device.

  Local host:   g068
  Local device: mlx5_0
--------------------------------------------------------------------------
[g068:101793] 7 more processes have sent help message help-mpi-btl-openib.txt / error in device init
[g068:101793] Set MCA parameter "orte_base_help_aggregate" to 0 to see all help / error messages
--------------------------------------------------------------------------
WARNING: There was an error initializing an OpenFabrics device.

  Local host:   g068
  Local device: mlx5_0
--------------------------------------------------------------------------
[g068:102019] 7 more processes have sent help message help-mpi-btl-openib.txt / error in device init
[g068:102019] Set MCA parameter "orte_base_help_aggregate" to 0 to see all help / error messages
--------------------------------------------------------------------------
WARNING: There was an error initializing an OpenFabrics device.

  Local host:   g068
  Local device: mlx5_0
--------------------------------------------------------------------------
[g068:102754] 7 more processes have sent help message help-mpi-btl-openib.txt / error in device init
[g068:102754] Set MCA parameter "orte_base_help_aggregate" to 0 to see all help / error messages
