----------------------------------------------- 
  Element       SASA      Sigma Z        Total  
     Z         Ang**2 cal/Ang**2/mol   kcal/mol 
----------------------------------------------- 
      H         77.207       0.000       0.000
      C         67.888     107.436       7.294
      O         47.442     -57.524      -2.729
      S         27.219     -47.450      -1.292

 Subtotal:     219.756                   3.273
 -----------------------------------------------

  Elements    COT*SASA   Sigma Z,Z'     Total   
    Z,Z'       Ang**2  cal/Ang**2/mol kcal/mol  
 ---------------------------------------------- 
  H   C         52.129     -52.027      -2.712
  H   O          0.000     -27.737      -0.000
  C   C         77.571     -88.763      -6.885
  O   C         26.775     -22.459      -0.601
  O   O          0.435     -94.838      -0.041

 Subtotal:                             -10.240
 ---------------------------------------------- 

 NONAQUEOUS SOLVENT CONTRIBUTION (kcal/mol):
 (proportional to SASA, atomic number independent)
 ---------------------------------------------- 
 Subtotal:                               3.812
 ---------------------------------------------- 

 CDS TOTAL (kcal/mol):                  -3.155
...............................................................................
