----------------------------------------------- 
  Element       SASA      Sigma Z        Total  
     Z         Ang**2 cal/Ang**2/mol   kcal/mol 
----------------------------------------------- 
      H         79.830       0.000       0.000
      C         64.655     107.436       6.946
      O         51.826     -57.524      -2.981
      S         26.684     -47.450      -1.266

 Subtotal:     222.995                   2.699
 -----------------------------------------------

  Elements    COT*SASA   Sigma Z,Z'     Total   
    Z,Z'       Ang**2  cal/Ang**2/mol kcal/mol  
 ---------------------------------------------- 
  H   C         53.887     -52.027      -2.804
  H   O          0.000     -27.737      -0.000
  C   C         73.176     -88.763      -6.495
  O   C         30.367     -22.459      -0.682
  O   O          0.000     -94.838      -0.000

 Subtotal:                              -9.981
 ---------------------------------------------- 

 NONAQUEOUS SOLVENT CONTRIBUTION (kcal/mol):
 (proportional to SASA, atomic number independent)
 ---------------------------------------------- 
 Subtotal:                               3.868
 ---------------------------------------------- 

 CDS TOTAL (kcal/mol):                  -3.414
...............................................................................
