--------------------------------------------------------------------------
WARNING: There was an error initializing an OpenFabrics device.

  Local host:   g066
  Local device: mlx5_0
--------------------------------------------------------------------------
[g066:4102535] 7 more processes have sent help message help-mpi-btl-openib.txt / error in device init
[g066:4102535] Set MCA parameter "orte_base_help_aggregate" to 0 to see all help / error messages
--------------------------------------------------------------------------
WARNING: There was an error initializing an OpenFabrics device.

  Local host:   g066
  Local device: mlx5_0
--------------------------------------------------------------------------
[g066:4105632] 7 more processes have sent help message help-mpi-btl-openib.txt / error in device init
[g066:4105632] Set MCA parameter "orte_base_help_aggregate" to 0 to see all help / error messages
--------------------------------------------------------------------------
WARNING: There was an error initializing an OpenFabrics device.

  Local host:   g066
  Local device: mlx5_0
--------------------------------------------------------------------------
[g066:4134599] 7 more processes have sent help message help-mpi-btl-openib.txt / error in device init
[g066:4134599] Set MCA parameter "orte_base_help_aggregate" to 0 to see all help / error messages
--------------------------------------------------------------------------
WARNING: There was an error initializing an OpenFabrics device.

  Local host:   g066
  Local device: mlx5_0
--------------------------------------------------------------------------
[g066:4134892] 7 more processes have sent help message help-mpi-btl-openib.txt / error in device init
[g066:4134892] Set MCA parameter "orte_base_help_aggregate" to 0 to see all help / error messages
--------------------------------------------------------------------------
WARNING: There was an error initializing an OpenFabrics device.

  Local host:   g066
  Local device: mlx5_0
--------------------------------------------------------------------------
[g066:4135017] 7 more processes have sent help message help-mpi-btl-openib.txt / error in device init
[g066:4135017] Set MCA parameter "orte_base_help_aggregate" to 0 to see all help / error messages
--------------------------------------------------------------------------
WARNING: There was an error initializing an OpenFabrics device.

  Local host:   g066
  Local device: mlx5_0
--------------------------------------------------------------------------
[g066:4135258] 7 more processes have sent help message help-mpi-btl-openib.txt / error in device init
[g066:4135258] Set MCA parameter "orte_base_help_aggregate" to 0 to see all help / error messages
--------------------------------------------------------------------------
WARNING: There was an error initializing an OpenFabrics device.

  Local host:   g066
  Local device: mlx5_0
--------------------------------------------------------------------------
[g066:4140363] 7 more processes have sent help message help-mpi-btl-openib.txt / error in device init
[g066:4140363] Set MCA parameter "orte_base_help_aggregate" to 0 to see all help / error messages
--------------------------------------------------------------------------
WARNING: There was an error initializing an OpenFabrics device.

  Local host:   g066
  Local device: mlx5_0
--------------------------------------------------------------------------
[g066:4141283] 7 more processes have sent help message help-mpi-btl-openib.txt / error in device init
[g066:4141283] Set MCA parameter "orte_base_help_aggregate" to 0 to see all help / error messages
--------------------------------------------------------------------------
WARNING: There was an error initializing an OpenFabrics device.

  Local host:   g066
  Local device: mlx5_0
--------------------------------------------------------------------------
[g066:4141521] [[38137,0],0] ORTE_ERROR_LOG: Data unpack would read past end of buffer in file util/show_help.c at line 507
[g066:4141521] 6 more processes have sent help message help-mpi-btl-openib.txt / error in device init
[g066:4141521] Set MCA parameter "orte_base_help_aggregate" to 0 to see all help / error messages
--------------------------------------------------------------------------
WARNING: There was an error initializing an OpenFabrics device.

  Local host:   g066
  Local device: mlx5_0
--------------------------------------------------------------------------
[g066:4141674] 7 more processes have sent help message help-mpi-btl-openib.txt / error in device init
[g066:4141674] Set MCA parameter "orte_base_help_aggregate" to 0 to see all help / error messages
--------------------------------------------------------------------------
WARNING: There was an error initializing an OpenFabrics device.

  Local host:   g066
  Local device: mlx5_0
--------------------------------------------------------------------------
[g066:4145950] 7 more processes have sent help message help-mpi-btl-openib.txt / error in device init
[g066:4145950] Set MCA parameter "orte_base_help_aggregate" to 0 to see all help / error messages
--------------------------------------------------------------------------
WARNING: There was an error initializing an OpenFabrics device.

  Local host:   g066
  Local device: mlx5_0
--------------------------------------------------------------------------
[g066:4146222] 7 more processes have sent help message help-mpi-btl-openib.txt / error in device init
[g066:4146222] Set MCA parameter "orte_base_help_aggregate" to 0 to see all help / error messages
--------------------------------------------------------------------------
WARNING: There was an error initializing an OpenFabrics device.

  Local host:   g066
  Local device: mlx5_0
--------------------------------------------------------------------------
[g066:4146358] 7 more processes have sent help message help-mpi-btl-openib.txt / error in device init
[g066:4146358] Set MCA parameter "orte_base_help_aggregate" to 0 to see all help / error messages
--------------------------------------------------------------------------
WARNING: There was an error initializing an OpenFabrics device.

  Local host:   g066
  Local device: mlx5_0
--------------------------------------------------------------------------
[g066:4146493] 7 more processes have sent help message help-mpi-btl-openib.txt / error in device init
[g066:4146493] Set MCA parameter "orte_base_help_aggregate" to 0 to see all help / error messages
--------------------------------------------------------------------------
WARNING: There was an error initializing an OpenFabrics device.

  Local host:   g066
  Local device: mlx5_0
--------------------------------------------------------------------------
[g066:4151023] 7 more processes have sent help message help-mpi-btl-openib.txt / error in device init
[g066:4151023] Set MCA parameter "orte_base_help_aggregate" to 0 to see all help / error messages
--------------------------------------------------------------------------
WARNING: There was an error initializing an OpenFabrics device.

  Local host:   g066
  Local device: mlx5_0
--------------------------------------------------------------------------
[g066:4151298] 7 more processes have sent help message help-mpi-btl-openib.txt / error in device init
[g066:4151298] Set MCA parameter "orte_base_help_aggregate" to 0 to see all help / error messages
--------------------------------------------------------------------------
WARNING: There was an error initializing an OpenFabrics device.

  Local host:   g066
  Local device: mlx5_0
--------------------------------------------------------------------------
[g066:4151558] 7 more processes have sent help message help-mpi-btl-openib.txt / error in device init
[g066:4151558] Set MCA parameter "orte_base_help_aggregate" to 0 to see all help / error messages
--------------------------------------------------------------------------
WARNING: There was an error initializing an OpenFabrics device.

  Local host:   g066
  Local device: mlx5_0
--------------------------------------------------------------------------
[g066:4151814] 7 more processes have sent help message help-mpi-btl-openib.txt / error in device init
[g066:4151814] Set MCA parameter "orte_base_help_aggregate" to 0 to see all help / error messages
--------------------------------------------------------------------------
WARNING: There was an error initializing an OpenFabrics device.

  Local host:   g066
  Local device: mlx5_0
--------------------------------------------------------------------------
[g066:4155975] 7 more processes have sent help message help-mpi-btl-openib.txt / error in device init
[g066:4155975] Set MCA parameter "orte_base_help_aggregate" to 0 to see all help / error messages
--------------------------------------------------------------------------
WARNING: There was an error initializing an OpenFabrics device.

  Local host:   g066
  Local device: mlx5_0
--------------------------------------------------------------------------
[g066:4157098] 7 more processes have sent help message help-mpi-btl-openib.txt / error in device init
[g066:4157098] Set MCA parameter "orte_base_help_aggregate" to 0 to see all help / error messages
--------------------------------------------------------------------------
WARNING: There was an error initializing an OpenFabrics device.

  Local host:   g066
  Local device: mlx5_0
--------------------------------------------------------------------------
[g066:4157296] 7 more processes have sent help message help-mpi-btl-openib.txt / error in device init
[g066:4157296] Set MCA parameter "orte_base_help_aggregate" to 0 to see all help / error messages
--------------------------------------------------------------------------
WARNING: There was an error initializing an OpenFabrics device.

  Local host:   g066
  Local device: mlx5_0
--------------------------------------------------------------------------
[g066:4157543] 7 more processes have sent help message help-mpi-btl-openib.txt / error in device init
[g066:4157543] Set MCA parameter "orte_base_help_aggregate" to 0 to see all help / error messages
--------------------------------------------------------------------------
WARNING: There was an error initializing an OpenFabrics device.

  Local host:   g066
  Local device: mlx5_0
--------------------------------------------------------------------------
[g066:4163463] 7 more processes have sent help message help-mpi-btl-openib.txt / error in device init
[g066:4163463] Set MCA parameter "orte_base_help_aggregate" to 0 to see all help / error messages
--------------------------------------------------------------------------
WARNING: There was an error initializing an OpenFabrics device.

  Local host:   g066
  Local device: mlx5_0
--------------------------------------------------------------------------
[g066:4163743] 7 more processes have sent help message help-mpi-btl-openib.txt / error in device init
[g066:4163743] Set MCA parameter "orte_base_help_aggregate" to 0 to see all help / error messages
--------------------------------------------------------------------------
WARNING: There was an error initializing an OpenFabrics device.

  Local host:   g066
  Local device: mlx5_0
--------------------------------------------------------------------------
[g066:4164170] 7 more processes have sent help message help-mpi-btl-openib.txt / error in device init
[g066:4164170] Set MCA parameter "orte_base_help_aggregate" to 0 to see all help / error messages
--------------------------------------------------------------------------
WARNING: There was an error initializing an OpenFabrics device.

  Local host:   g066
  Local device: mlx5_0
--------------------------------------------------------------------------
[g066:4164771] 7 more processes have sent help message help-mpi-btl-openib.txt / error in device init
[g066:4164771] Set MCA parameter "orte_base_help_aggregate" to 0 to see all help / error messages
--------------------------------------------------------------------------
WARNING: There was an error initializing an OpenFabrics device.

  Local host:   g066
  Local device: mlx5_0
--------------------------------------------------------------------------
[g066:4168344] 7 more processes have sent help message help-mpi-btl-openib.txt / error in device init
[g066:4168344] Set MCA parameter "orte_base_help_aggregate" to 0 to see all help / error messages
--------------------------------------------------------------------------
WARNING: There was an error initializing an OpenFabrics device.

  Local host:   g066
  Local device: mlx5_0
--------------------------------------------------------------------------
[g066:4168745] 7 more processes have sent help message help-mpi-btl-openib.txt / error in device init
[g066:4168745] Set MCA parameter "orte_base_help_aggregate" to 0 to see all help / error messages
--------------------------------------------------------------------------
WARNING: There was an error initializing an OpenFabrics device.

  Local host:   g066
  Local device: mlx5_0
--------------------------------------------------------------------------
[g066:4168999] 7 more processes have sent help message help-mpi-btl-openib.txt / error in device init
[g066:4168999] Set MCA parameter "orte_base_help_aggregate" to 0 to see all help / error messages
--------------------------------------------------------------------------
WARNING: There was an error initializing an OpenFabrics device.

  Local host:   g066
  Local device: mlx5_0
--------------------------------------------------------------------------
[g066:4169135] 7 more processes have sent help message help-mpi-btl-openib.txt / error in device init
[g066:4169135] Set MCA parameter "orte_base_help_aggregate" to 0 to see all help / error messages
--------------------------------------------------------------------------
WARNING: There was an error initializing an OpenFabrics device.

  Local host:   g066
  Local device: mlx5_0
--------------------------------------------------------------------------
[g066:4172800] 7 more processes have sent help message help-mpi-btl-openib.txt / error in device init
[g066:4172800] Set MCA parameter "orte_base_help_aggregate" to 0 to see all help / error messages
--------------------------------------------------------------------------
WARNING: There was an error initializing an OpenFabrics device.

  Local host:   g066
  Local device: mlx5_0
--------------------------------------------------------------------------
[g066:4173349] 7 more processes have sent help message help-mpi-btl-openib.txt / error in device init
[g066:4173349] Set MCA parameter "orte_base_help_aggregate" to 0 to see all help / error messages
--------------------------------------------------------------------------
WARNING: There was an error initializing an OpenFabrics device.

  Local host:   g066
  Local device: mlx5_0
--------------------------------------------------------------------------
[g066:4173475] 7 more processes have sent help message help-mpi-btl-openib.txt / error in device init
[g066:4173475] Set MCA parameter "orte_base_help_aggregate" to 0 to see all help / error messages
--------------------------------------------------------------------------
WARNING: There was an error initializing an OpenFabrics device.

  Local host:   g066
  Local device: mlx5_0
--------------------------------------------------------------------------
[g066:4173610] 7 more processes have sent help message help-mpi-btl-openib.txt / error in device init
[g066:4173610] Set MCA parameter "orte_base_help_aggregate" to 0 to see all help / error messages
--------------------------------------------------------------------------
WARNING: There was an error initializing an OpenFabrics device.

  Local host:   g066
  Local device: mlx5_0
--------------------------------------------------------------------------
[g066:4176344] 7 more processes have sent help message help-mpi-btl-openib.txt / error in device init
[g066:4176344] Set MCA parameter "orte_base_help_aggregate" to 0 to see all help / error messages
--------------------------------------------------------------------------
WARNING: There was an error initializing an OpenFabrics device.

  Local host:   g066
  Local device: mlx5_0
--------------------------------------------------------------------------
[g066:4177999] 7 more processes have sent help message help-mpi-btl-openib.txt / error in device init
[g066:4177999] Set MCA parameter "orte_base_help_aggregate" to 0 to see all help / error messages
--------------------------------------------------------------------------
WARNING: There was an error initializing an OpenFabrics device.

  Local host:   g066
  Local device: mlx5_0
--------------------------------------------------------------------------
[g066:4178140] 7 more processes have sent help message help-mpi-btl-openib.txt / error in device init
[g066:4178140] Set MCA parameter "orte_base_help_aggregate" to 0 to see all help / error messages
--------------------------------------------------------------------------
WARNING: There was an error initializing an OpenFabrics device.

  Local host:   g066
  Local device: mlx5_0
--------------------------------------------------------------------------
[g066:4178279] 7 more processes have sent help message help-mpi-btl-openib.txt / error in device init
[g066:4178279] Set MCA parameter "orte_base_help_aggregate" to 0 to see all help / error messages
--------------------------------------------------------------------------
WARNING: There was an error initializing an OpenFabrics device.

  Local host:   g066
  Local device: mlx5_0
--------------------------------------------------------------------------
[g066:4181607] 7 more processes have sent help message help-mpi-btl-openib.txt / error in device init
[g066:4181607] Set MCA parameter "orte_base_help_aggregate" to 0 to see all help / error messages
--------------------------------------------------------------------------
WARNING: There was an error initializing an OpenFabrics device.

  Local host:   g066
  Local device: mlx5_0
--------------------------------------------------------------------------
[g066:4182141] 7 more processes have sent help message help-mpi-btl-openib.txt / error in device init
[g066:4182141] Set MCA parameter "orte_base_help_aggregate" to 0 to see all help / error messages
--------------------------------------------------------------------------
WARNING: There was an error initializing an OpenFabrics device.

  Local host:   g066
  Local device: mlx5_0
--------------------------------------------------------------------------
[g066:4182280] 7 more processes have sent help message help-mpi-btl-openib.txt / error in device init
[g066:4182280] Set MCA parameter "orte_base_help_aggregate" to 0 to see all help / error messages
--------------------------------------------------------------------------
WARNING: There was an error initializing an OpenFabrics device.

  Local host:   g066
  Local device: mlx5_0
--------------------------------------------------------------------------
[g066:4182409] 7 more processes have sent help message help-mpi-btl-openib.txt / error in device init
[g066:4182409] Set MCA parameter "orte_base_help_aggregate" to 0 to see all help / error messages
--------------------------------------------------------------------------
WARNING: There was an error initializing an OpenFabrics device.

  Local host:   g066
  Local device: mlx5_0
--------------------------------------------------------------------------
[g066:4185910] 7 more processes have sent help message help-mpi-btl-openib.txt / error in device init
[g066:4185910] Set MCA parameter "orte_base_help_aggregate" to 0 to see all help / error messages
--------------------------------------------------------------------------
WARNING: There was an error initializing an OpenFabrics device.

  Local host:   g066
  Local device: mlx5_0
--------------------------------------------------------------------------
[g066:4187456] 7 more processes have sent help message help-mpi-btl-openib.txt / error in device init
[g066:4187456] Set MCA parameter "orte_base_help_aggregate" to 0 to see all help / error messages
--------------------------------------------------------------------------
WARNING: There was an error initializing an OpenFabrics device.

  Local host:   g066
  Local device: mlx5_0
--------------------------------------------------------------------------
[g066:4187581] 7 more processes have sent help message help-mpi-btl-openib.txt / error in device init
[g066:4187581] Set MCA parameter "orte_base_help_aggregate" to 0 to see all help / error messages
--------------------------------------------------------------------------
WARNING: There was an error initializing an OpenFabrics device.

  Local host:   g066
  Local device: mlx5_0
--------------------------------------------------------------------------
[g066:4187833] 7 more processes have sent help message help-mpi-btl-openib.txt / error in device init
[g066:4187833] Set MCA parameter "orte_base_help_aggregate" to 0 to see all help / error messages
--------------------------------------------------------------------------
WARNING: There was an error initializing an OpenFabrics device.

  Local host:   g066
  Local device: mlx5_0
--------------------------------------------------------------------------
[g066:4190740] 7 more processes have sent help message help-mpi-btl-openib.txt / error in device init
[g066:4190740] Set MCA parameter "orte_base_help_aggregate" to 0 to see all help / error messages
--------------------------------------------------------------------------
WARNING: There was an error initializing an OpenFabrics device.

  Local host:   g066
  Local device: mlx5_0
--------------------------------------------------------------------------
[g066:4190899] 7 more processes have sent help message help-mpi-btl-openib.txt / error in device init
[g066:4190899] Set MCA parameter "orte_base_help_aggregate" to 0 to see all help / error messages
--------------------------------------------------------------------------
WARNING: There was an error initializing an OpenFabrics device.

  Local host:   g066
  Local device: mlx5_0
--------------------------------------------------------------------------
[g066:4191170] 7 more processes have sent help message help-mpi-btl-openib.txt / error in device init
[g066:4191170] Set MCA parameter "orte_base_help_aggregate" to 0 to see all help / error messages
--------------------------------------------------------------------------
WARNING: There was an error initializing an OpenFabrics device.

  Local host:   g066
  Local device: mlx5_0
--------------------------------------------------------------------------
[g066:4191305] 7 more processes have sent help message help-mpi-btl-openib.txt / error in device init
[g066:4191305] Set MCA parameter "orte_base_help_aggregate" to 0 to see all help / error messages
--------------------------------------------------------------------------
WARNING: There was an error initializing an OpenFabrics device.

  Local host:   g066
  Local device: mlx5_0
--------------------------------------------------------------------------
[g066:02563] 7 more processes have sent help message help-mpi-btl-openib.txt / error in device init
[g066:02563] Set MCA parameter "orte_base_help_aggregate" to 0 to see all help / error messages
--------------------------------------------------------------------------
WARNING: There was an error initializing an OpenFabrics device.

  Local host:   g066
  Local device: mlx5_0
--------------------------------------------------------------------------
[g066:02856] 7 more processes have sent help message help-mpi-btl-openib.txt / error in device init
[g066:02856] Set MCA parameter "orte_base_help_aggregate" to 0 to see all help / error messages
--------------------------------------------------------------------------
WARNING: There was an error initializing an OpenFabrics device.

  Local host:   g066
  Local device: mlx5_0
--------------------------------------------------------------------------
[g066:03115] 7 more processes have sent help message help-mpi-btl-openib.txt / error in device init
[g066:03115] Set MCA parameter "orte_base_help_aggregate" to 0 to see all help / error messages
--------------------------------------------------------------------------
WARNING: There was an error initializing an OpenFabrics device.

  Local host:   g066
  Local device: mlx5_0
--------------------------------------------------------------------------
[g066:03369] 7 more processes have sent help message help-mpi-btl-openib.txt / error in device init
[g066:03369] Set MCA parameter "orte_base_help_aggregate" to 0 to see all help / error messages
--------------------------------------------------------------------------
WARNING: There was an error initializing an OpenFabrics device.

  Local host:   g066
  Local device: mlx5_0
--------------------------------------------------------------------------
[g066:07554] 7 more processes have sent help message help-mpi-btl-openib.txt / error in device init
[g066:07554] Set MCA parameter "orte_base_help_aggregate" to 0 to see all help / error messages
--------------------------------------------------------------------------
WARNING: There was an error initializing an OpenFabrics device.

  Local host:   g066
  Local device: mlx5_0
--------------------------------------------------------------------------
[g066:08801] 7 more processes have sent help message help-mpi-btl-openib.txt / error in device init
[g066:08801] Set MCA parameter "orte_base_help_aggregate" to 0 to see all help / error messages
--------------------------------------------------------------------------
WARNING: There was an error initializing an OpenFabrics device.

  Local host:   g066
  Local device: mlx5_0
--------------------------------------------------------------------------
[g066:08922] 7 more processes have sent help message help-mpi-btl-openib.txt / error in device init
[g066:08922] Set MCA parameter "orte_base_help_aggregate" to 0 to see all help / error messages
--------------------------------------------------------------------------
WARNING: There was an error initializing an OpenFabrics device.

  Local host:   g066
  Local device: mlx5_0
--------------------------------------------------------------------------
[g066:09175] 7 more processes have sent help message help-mpi-btl-openib.txt / error in device init
[g066:09175] Set MCA parameter "orte_base_help_aggregate" to 0 to see all help / error messages
--------------------------------------------------------------------------
WARNING: There was an error initializing an OpenFabrics device.

  Local host:   g066
  Local device: mlx5_0
--------------------------------------------------------------------------
[g066:12510] 7 more processes have sent help message help-mpi-btl-openib.txt / error in device init
[g066:12510] Set MCA parameter "orte_base_help_aggregate" to 0 to see all help / error messages
--------------------------------------------------------------------------
WARNING: There was an error initializing an OpenFabrics device.

  Local host:   g066
  Local device: mlx5_0
--------------------------------------------------------------------------
[g066:12911] 7 more processes have sent help message help-mpi-btl-openib.txt / error in device init
[g066:12911] Set MCA parameter "orte_base_help_aggregate" to 0 to see all help / error messages
--------------------------------------------------------------------------
WARNING: There was an error initializing an OpenFabrics device.

  Local host:   g066
  Local device: mlx5_0
--------------------------------------------------------------------------
[g066:13176] 7 more processes have sent help message help-mpi-btl-openib.txt / error in device init
[g066:13176] Set MCA parameter "orte_base_help_aggregate" to 0 to see all help / error messages
--------------------------------------------------------------------------
WARNING: There was an error initializing an OpenFabrics device.

  Local host:   g066
  Local device: mlx5_0
--------------------------------------------------------------------------
[g066:13308] 7 more processes have sent help message help-mpi-btl-openib.txt / error in device init
[g066:13308] Set MCA parameter "orte_base_help_aggregate" to 0 to see all help / error messages
--------------------------------------------------------------------------
WARNING: There was an error initializing an OpenFabrics device.

  Local host:   g066
  Local device: mlx5_0
--------------------------------------------------------------------------
[g066:16103] 7 more processes have sent help message help-mpi-btl-openib.txt / error in device init
[g066:16103] Set MCA parameter "orte_base_help_aggregate" to 0 to see all help / error messages
--------------------------------------------------------------------------
WARNING: There was an error initializing an OpenFabrics device.

  Local host:   g066
  Local device: mlx5_0
--------------------------------------------------------------------------
[g066:16250] 7 more processes have sent help message help-mpi-btl-openib.txt / error in device init
[g066:16250] Set MCA parameter "orte_base_help_aggregate" to 0 to see all help / error messages
--------------------------------------------------------------------------
WARNING: There was an error initializing an OpenFabrics device.

  Local host:   g066
  Local device: mlx5_0
--------------------------------------------------------------------------
[g066:16386] 7 more processes have sent help message help-mpi-btl-openib.txt / error in device init
[g066:16386] Set MCA parameter "orte_base_help_aggregate" to 0 to see all help / error messages
--------------------------------------------------------------------------
WARNING: There was an error initializing an OpenFabrics device.

  Local host:   g066
  Local device: mlx5_0
--------------------------------------------------------------------------
[g066:19985] 7 more processes have sent help message help-mpi-btl-openib.txt / error in device init
[g066:19985] Set MCA parameter "orte_base_help_aggregate" to 0 to see all help / error messages
