--------------------------------------------------------------------------
WARNING: There was an error initializing an OpenFabrics device.

  Local host:   g067
  Local device: mlx5_0
--------------------------------------------------------------------------
[g067:1432542] 7 more processes have sent help message help-mpi-btl-openib.txt / error in device init
[g067:1432542] Set MCA parameter "orte_base_help_aggregate" to 0 to see all help / error messages
--------------------------------------------------------------------------
WARNING: There was an error initializing an OpenFabrics device.

  Local host:   g067
  Local device: mlx5_0
--------------------------------------------------------------------------
[g067:1432875] 7 more processes have sent help message help-mpi-btl-openib.txt / error in device init
[g067:1432875] Set MCA parameter "orte_base_help_aggregate" to 0 to see all help / error messages
--------------------------------------------------------------------------
WARNING: There was an error initializing an OpenFabrics device.

  Local host:   g067
  Local device: mlx5_0
--------------------------------------------------------------------------
[g067:1460638] 7 more processes have sent help message help-mpi-btl-openib.txt / error in device init
[g067:1460638] Set MCA parameter "orte_base_help_aggregate" to 0 to see all help / error messages
--------------------------------------------------------------------------
WARNING: There was an error initializing an OpenFabrics device.

  Local host:   g067
  Local device: mlx5_0
--------------------------------------------------------------------------
[g067:1461005] 7 more processes have sent help message help-mpi-btl-openib.txt / error in device init
[g067:1461005] Set MCA parameter "orte_base_help_aggregate" to 0 to see all help / error messages
--------------------------------------------------------------------------
WARNING: There was an error initializing an OpenFabrics device.

  Local host:   g067
  Local device: mlx5_0
--------------------------------------------------------------------------
[g067:1461116] 7 more processes have sent help message help-mpi-btl-openib.txt / error in device init
[g067:1461116] Set MCA parameter "orte_base_help_aggregate" to 0 to see all help / error messages
--------------------------------------------------------------------------
WARNING: There was an error initializing an OpenFabrics device.

  Local host:   g067
  Local device: mlx5_0
--------------------------------------------------------------------------
[g067:1461228] 7 more processes have sent help message help-mpi-btl-openib.txt / error in device init
[g067:1461228] Set MCA parameter "orte_base_help_aggregate" to 0 to see all help / error messages
--------------------------------------------------------------------------
WARNING: There was an error initializing an OpenFabrics device.

  Local host:   g067
  Local device: mlx5_0
--------------------------------------------------------------------------
[g067:1463625] 7 more processes have sent help message help-mpi-btl-openib.txt / error in device init
[g067:1463625] Set MCA parameter "orte_base_help_aggregate" to 0 to see all help / error messages
--------------------------------------------------------------------------
WARNING: There was an error initializing an OpenFabrics device.

  Local host:   g067
  Local device: mlx5_0
--------------------------------------------------------------------------
[g067:1464006] 7 more processes have sent help message help-mpi-btl-openib.txt / error in device init
[g067:1464006] Set MCA parameter "orte_base_help_aggregate" to 0 to see all help / error messages
--------------------------------------------------------------------------
WARNING: There was an error initializing an OpenFabrics device.

  Local host:   g067
  Local device: mlx5_0
--------------------------------------------------------------------------
[g067:1464116] 7 more processes have sent help message help-mpi-btl-openib.txt / error in device init
[g067:1464116] Set MCA parameter "orte_base_help_aggregate" to 0 to see all help / error messages
--------------------------------------------------------------------------
WARNING: There was an error initializing an OpenFabrics device.

  Local host:   g067
  Local device: mlx5_0
--------------------------------------------------------------------------
[g067:1464224] 7 more processes have sent help message help-mpi-btl-openib.txt / error in device init
[g067:1464224] Set MCA parameter "orte_base_help_aggregate" to 0 to see all help / error messages
--------------------------------------------------------------------------
WARNING: There was an error initializing an OpenFabrics device.

  Local host:   g067
  Local device: mlx5_0
--------------------------------------------------------------------------
[g067:1466594] 7 more processes have sent help message help-mpi-btl-openib.txt / error in device init
[g067:1466594] Set MCA parameter "orte_base_help_aggregate" to 0 to see all help / error messages
--------------------------------------------------------------------------
WARNING: There was an error initializing an OpenFabrics device.

  Local host:   g067
  Local device: mlx5_0
--------------------------------------------------------------------------
[g067:1466968] 7 more processes have sent help message help-mpi-btl-openib.txt / error in device init
[g067:1466968] Set MCA parameter "orte_base_help_aggregate" to 0 to see all help / error messages
--------------------------------------------------------------------------
WARNING: There was an error initializing an OpenFabrics device.

  Local host:   g067
  Local device: mlx5_0
--------------------------------------------------------------------------
[g067:1467076] 7 more processes have sent help message help-mpi-btl-openib.txt / error in device init
[g067:1467076] Set MCA parameter "orte_base_help_aggregate" to 0 to see all help / error messages
--------------------------------------------------------------------------
WARNING: There was an error initializing an OpenFabrics device.

  Local host:   g067
  Local device: mlx5_0
--------------------------------------------------------------------------
[g067:1467190] 7 more processes have sent help message help-mpi-btl-openib.txt / error in device init
[g067:1467190] Set MCA parameter "orte_base_help_aggregate" to 0 to see all help / error messages
--------------------------------------------------------------------------
WARNING: There was an error initializing an OpenFabrics device.

  Local host:   g067
  Local device: mlx5_0
--------------------------------------------------------------------------
[g067:1469728] 7 more processes have sent help message help-mpi-btl-openib.txt / error in device init
[g067:1469728] Set MCA parameter "orte_base_help_aggregate" to 0 to see all help / error messages
--------------------------------------------------------------------------
WARNING: There was an error initializing an OpenFabrics device.

  Local host:   g067
  Local device: mlx5_0
--------------------------------------------------------------------------
[g067:1470637] 7 more processes have sent help message help-mpi-btl-openib.txt / error in device init
[g067:1470637] Set MCA parameter "orte_base_help_aggregate" to 0 to see all help / error messages
--------------------------------------------------------------------------
WARNING: There was an error initializing an OpenFabrics device.

  Local host:   g067
  Local device: mlx5_0
--------------------------------------------------------------------------
[g067:1470747] 7 more processes have sent help message help-mpi-btl-openib.txt / error in device init
[g067:1470747] Set MCA parameter "orte_base_help_aggregate" to 0 to see all help / error messages
--------------------------------------------------------------------------
WARNING: There was an error initializing an OpenFabrics device.

  Local host:   g067
  Local device: mlx5_0
--------------------------------------------------------------------------
[g067:1470861] 7 more processes have sent help message help-mpi-btl-openib.txt / error in device init
[g067:1470861] Set MCA parameter "orte_base_help_aggregate" to 0 to see all help / error messages
--------------------------------------------------------------------------
WARNING: There was an error initializing an OpenFabrics device.

  Local host:   g067
  Local device: mlx5_0
--------------------------------------------------------------------------
[g067:1472729] 7 more processes have sent help message help-mpi-btl-openib.txt / error in device init
[g067:1472729] Set MCA parameter "orte_base_help_aggregate" to 0 to see all help / error messages
--------------------------------------------------------------------------
WARNING: There was an error initializing an OpenFabrics device.

  Local host:   g067
  Local device: mlx5_0
--------------------------------------------------------------------------
[g067:1473614] 7 more processes have sent help message help-mpi-btl-openib.txt / error in device init
[g067:1473614] Set MCA parameter "orte_base_help_aggregate" to 0 to see all help / error messages
--------------------------------------------------------------------------
WARNING: There was an error initializing an OpenFabrics device.

  Local host:   g067
  Local device: mlx5_0
--------------------------------------------------------------------------
[g067:1473723] 7 more processes have sent help message help-mpi-btl-openib.txt / error in device init
[g067:1473723] Set MCA parameter "orte_base_help_aggregate" to 0 to see all help / error messages
--------------------------------------------------------------------------
WARNING: There was an error initializing an OpenFabrics device.

  Local host:   g067
  Local device: mlx5_0
--------------------------------------------------------------------------
[g067:1473836] 7 more processes have sent help message help-mpi-btl-openib.txt / error in device init
[g067:1473836] Set MCA parameter "orte_base_help_aggregate" to 0 to see all help / error messages
--------------------------------------------------------------------------
WARNING: There was an error initializing an OpenFabrics device.

  Local host:   g067
  Local device: mlx5_0
--------------------------------------------------------------------------
[g067:1475553] 7 more processes have sent help message help-mpi-btl-openib.txt / error in device init
[g067:1475553] Set MCA parameter "orte_base_help_aggregate" to 0 to see all help / error messages
--------------------------------------------------------------------------
WARNING: There was an error initializing an OpenFabrics device.

  Local host:   g067
  Local device: mlx5_0
--------------------------------------------------------------------------
[g067:1476470] 7 more processes have sent help message help-mpi-btl-openib.txt / error in device init
[g067:1476470] Set MCA parameter "orte_base_help_aggregate" to 0 to see all help / error messages
--------------------------------------------------------------------------
WARNING: There was an error initializing an OpenFabrics device.

  Local host:   g067
  Local device: mlx5_0
--------------------------------------------------------------------------
[g067:1476583] 7 more processes have sent help message help-mpi-btl-openib.txt / error in device init
[g067:1476583] Set MCA parameter "orte_base_help_aggregate" to 0 to see all help / error messages
--------------------------------------------------------------------------
WARNING: There was an error initializing an OpenFabrics device.

  Local host:   g067
  Local device: mlx5_0
--------------------------------------------------------------------------
[g067:1476693] 7 more processes have sent help message help-mpi-btl-openib.txt / error in device init
[g067:1476693] Set MCA parameter "orte_base_help_aggregate" to 0 to see all help / error messages
--------------------------------------------------------------------------
WARNING: There was an error initializing an OpenFabrics device.

  Local host:   g067
  Local device: mlx5_0
--------------------------------------------------------------------------
[g067:1478692] 7 more processes have sent help message help-mpi-btl-openib.txt / error in device init
[g067:1478692] Set MCA parameter "orte_base_help_aggregate" to 0 to see all help / error messages
--------------------------------------------------------------------------
WARNING: There was an error initializing an OpenFabrics device.

  Local host:   g067
  Local device: mlx5_0
--------------------------------------------------------------------------
[g067:1479425] 7 more processes have sent help message help-mpi-btl-openib.txt / error in device init
[g067:1479425] Set MCA parameter "orte_base_help_aggregate" to 0 to see all help / error messages
--------------------------------------------------------------------------
WARNING: There was an error initializing an OpenFabrics device.

  Local host:   g067
  Local device: mlx5_0
--------------------------------------------------------------------------
[g067:1479539] 7 more processes have sent help message help-mpi-btl-openib.txt / error in device init
[g067:1479539] Set MCA parameter "orte_base_help_aggregate" to 0 to see all help / error messages
--------------------------------------------------------------------------
WARNING: There was an error initializing an OpenFabrics device.

  Local host:   g067
  Local device: mlx5_0
--------------------------------------------------------------------------
[g067:1479657] 7 more processes have sent help message help-mpi-btl-openib.txt / error in device init
[g067:1479657] Set MCA parameter "orte_base_help_aggregate" to 0 to see all help / error messages
--------------------------------------------------------------------------
WARNING: There was an error initializing an OpenFabrics device.

  Local host:   g067
  Local device: mlx5_0
--------------------------------------------------------------------------
[g067:1481553] 7 more processes have sent help message help-mpi-btl-openib.txt / error in device init
[g067:1481553] Set MCA parameter "orte_base_help_aggregate" to 0 to see all help / error messages
--------------------------------------------------------------------------
WARNING: There was an error initializing an OpenFabrics device.

  Local host:   g067
  Local device: mlx5_0
--------------------------------------------------------------------------
[g067:1481698] 7 more processes have sent help message help-mpi-btl-openib.txt / error in device init
[g067:1481698] Set MCA parameter "orte_base_help_aggregate" to 0 to see all help / error messages
--------------------------------------------------------------------------
WARNING: There was an error initializing an OpenFabrics device.

  Local host:   g067
  Local device: mlx5_0
--------------------------------------------------------------------------
[g067:1481815] 7 more processes have sent help message help-mpi-btl-openib.txt / error in device init
[g067:1481815] Set MCA parameter "orte_base_help_aggregate" to 0 to see all help / error messages
--------------------------------------------------------------------------
WARNING: There was an error initializing an OpenFabrics device.

  Local host:   g067
  Local device: mlx5_0
--------------------------------------------------------------------------
[g067:1482412] 7 more processes have sent help message help-mpi-btl-openib.txt / error in device init
[g067:1482412] Set MCA parameter "orte_base_help_aggregate" to 0 to see all help / error messages
--------------------------------------------------------------------------
WARNING: There was an error initializing an OpenFabrics device.

  Local host:   g067
  Local device: mlx5_0
--------------------------------------------------------------------------
[g067:1484106] 7 more processes have sent help message help-mpi-btl-openib.txt / error in device init
[g067:1484106] Set MCA parameter "orte_base_help_aggregate" to 0 to see all help / error messages
--------------------------------------------------------------------------
WARNING: There was an error initializing an OpenFabrics device.

  Local host:   g067
  Local device: mlx5_0
--------------------------------------------------------------------------
[g067:1484583] 7 more processes have sent help message help-mpi-btl-openib.txt / error in device init
[g067:1484583] Set MCA parameter "orte_base_help_aggregate" to 0 to see all help / error messages
--------------------------------------------------------------------------
WARNING: There was an error initializing an OpenFabrics device.

  Local host:   g067
  Local device: mlx5_0
--------------------------------------------------------------------------
[g067:1484693] 7 more processes have sent help message help-mpi-btl-openib.txt / error in device init
[g067:1484693] Set MCA parameter "orte_base_help_aggregate" to 0 to see all help / error messages
--------------------------------------------------------------------------
WARNING: There was an error initializing an OpenFabrics device.

  Local host:   g067
  Local device: mlx5_0
--------------------------------------------------------------------------
[g067:1484808] 7 more processes have sent help message help-mpi-btl-openib.txt / error in device init
[g067:1484808] Set MCA parameter "orte_base_help_aggregate" to 0 to see all help / error messages
--------------------------------------------------------------------------
WARNING: There was an error initializing an OpenFabrics device.

  Local host:   g067
  Local device: mlx5_0
--------------------------------------------------------------------------
[g067:1486030] 7 more processes have sent help message help-mpi-btl-openib.txt / error in device init
[g067:1486030] Set MCA parameter "orte_base_help_aggregate" to 0 to see all help / error messages
--------------------------------------------------------------------------
WARNING: There was an error initializing an OpenFabrics device.

  Local host:   g067
  Local device: mlx5_0
--------------------------------------------------------------------------
[g067:1487762] 7 more processes have sent help message help-mpi-btl-openib.txt / error in device init
[g067:1487762] Set MCA parameter "orte_base_help_aggregate" to 0 to see all help / error messages
--------------------------------------------------------------------------
WARNING: There was an error initializing an OpenFabrics device.

  Local host:   g067
  Local device: mlx5_0
--------------------------------------------------------------------------
[g067:1487876] 7 more processes have sent help message help-mpi-btl-openib.txt / error in device init
[g067:1487876] Set MCA parameter "orte_base_help_aggregate" to 0 to see all help / error messages
--------------------------------------------------------------------------
WARNING: There was an error initializing an OpenFabrics device.

  Local host:   g067
  Local device: mlx5_0
--------------------------------------------------------------------------
[g067:1487990] 7 more processes have sent help message help-mpi-btl-openib.txt / error in device init
[g067:1487990] Set MCA parameter "orte_base_help_aggregate" to 0 to see all help / error messages
--------------------------------------------------------------------------
WARNING: There was an error initializing an OpenFabrics device.

  Local host:   g067
  Local device: mlx5_0
--------------------------------------------------------------------------
[g067:1488811] 7 more processes have sent help message help-mpi-btl-openib.txt / error in device init
[g067:1488811] Set MCA parameter "orte_base_help_aggregate" to 0 to see all help / error messages
--------------------------------------------------------------------------
WARNING: There was an error initializing an OpenFabrics device.

  Local host:   g067
  Local device: mlx5_0
--------------------------------------------------------------------------
[g067:1489903] 7 more processes have sent help message help-mpi-btl-openib.txt / error in device init
[g067:1489903] Set MCA parameter "orte_base_help_aggregate" to 0 to see all help / error messages
--------------------------------------------------------------------------
WARNING: There was an error initializing an OpenFabrics device.

  Local host:   g067
  Local device: mlx5_0
--------------------------------------------------------------------------
[g067:1490015] 7 more processes have sent help message help-mpi-btl-openib.txt / error in device init
[g067:1490015] Set MCA parameter "orte_base_help_aggregate" to 0 to see all help / error messages
--------------------------------------------------------------------------
WARNING: There was an error initializing an OpenFabrics device.

  Local host:   g067
  Local device: mlx5_0
--------------------------------------------------------------------------
[g067:1491671] 7 more processes have sent help message help-mpi-btl-openib.txt / error in device init
[g067:1491671] Set MCA parameter "orte_base_help_aggregate" to 0 to see all help / error messages
