----------------------------------------------- 
  Element       SASA      Sigma Z        Total  
     Z         Ang**2 cal/Ang**2/mol   kcal/mol 
----------------------------------------------- 
      H        149.881       0.000       0.000
      C        123.010     120.512      14.824
      O         65.588      27.995       1.836
      S         54.459     -47.496      -2.587

 Subtotal:     392.938                  14.074
 -----------------------------------------------

  Elements    COT*SASA   Sigma Z,Z'     Total   
    Z,Z'       Ang**2  cal/Ang**2/mol kcal/mol  
 ---------------------------------------------- 
  H   C        101.163     -52.078      -5.268
  H   O          0.000     -27.765      -0.000
  C   C        140.105     -88.849     -12.448
  O   C         32.818      15.915       0.522
  O   O         12.928     -70.488      -0.911

 Subtotal:                             -18.106
 ---------------------------------------------- 

 NONAQUEOUS SOLVENT CONTRIBUTION (kcal/mol):
 (proportional to SASA, atomic number independent)
 ---------------------------------------------- 
 Subtotal:                               7.625
 ---------------------------------------------- 

 CDS TOTAL (kcal/mol):                   3.593
...............................................................................
