----------------------------------------------- 
  Element       SASA      Sigma Z        Total  
     Z         Ang**2 cal/Ang**2/mol   kcal/mol 
----------------------------------------------- 
      H        150.365       0.000       0.000
      C        121.251     120.512      14.612
      O         66.435      27.995       1.860
      S         54.557     -47.496      -2.591

 Subtotal:     392.607                  13.881
 -----------------------------------------------

  Elements    COT*SASA   Sigma Z,Z'     Total   
    Z,Z'       Ang**2  cal/Ang**2/mol kcal/mol  
 ---------------------------------------------- 
  H   C        101.523     -52.078      -5.287
  H   O          0.000     -27.765      -0.000
  C   C        137.690     -88.849     -12.234
  O   C         33.189      15.915       0.528
  O   O         13.255     -70.488      -0.934

 Subtotal:                             -17.927
 ---------------------------------------------- 

 NONAQUEOUS SOLVENT CONTRIBUTION (kcal/mol):
 (proportional to SASA, atomic number independent)
 ---------------------------------------------- 
 Subtotal:                               7.618
 ---------------------------------------------- 

 CDS TOTAL (kcal/mol):                   3.572
...............................................................................
