--------------------------------------------------------------------------
WARNING: There was an error initializing an OpenFabrics device.

  Local host:   g122
  Local device: mlx5_0
--------------------------------------------------------------------------
[g122:2660957] 7 more processes have sent help message help-mpi-btl-openib.txt / error in device init
[g122:2660957] Set MCA parameter "orte_base_help_aggregate" to 0 to see all help / error messages
--------------------------------------------------------------------------
WARNING: There was an error initializing an OpenFabrics device.

  Local host:   g122
  Local device: mlx5_0
--------------------------------------------------------------------------
[g122:2661024] 7 more processes have sent help message help-mpi-btl-openib.txt / error in device init
[g122:2661024] Set MCA parameter "orte_base_help_aggregate" to 0 to see all help / error messages
--------------------------------------------------------------------------
WARNING: There was an error initializing an OpenFabrics device.

  Local host:   g122
  Local device: mlx5_0
--------------------------------------------------------------------------
[g122:2663706] 7 more processes have sent help message help-mpi-btl-openib.txt / error in device init
[g122:2663706] Set MCA parameter "orte_base_help_aggregate" to 0 to see all help / error messages
--------------------------------------------------------------------------
WARNING: There was an error initializing an OpenFabrics device.

  Local host:   g122
  Local device: mlx5_0
--------------------------------------------------------------------------
[g122:2663809] 7 more processes have sent help message help-mpi-btl-openib.txt / error in device init
[g122:2663809] Set MCA parameter "orte_base_help_aggregate" to 0 to see all help / error messages
--------------------------------------------------------------------------
WARNING: There was an error initializing an OpenFabrics device.

  Local host:   g122
  Local device: mlx5_0
--------------------------------------------------------------------------
[g122:2663873] 7 more processes have sent help message help-mpi-btl-openib.txt / error in device init
[g122:2663873] Set MCA parameter "orte_base_help_aggregate" to 0 to see all help / error messages
--------------------------------------------------------------------------
WARNING: There was an error initializing an OpenFabrics device.

  Local host:   g122
  Local device: mlx5_0
--------------------------------------------------------------------------
[g122:2663943] 7 more processes have sent help message help-mpi-btl-openib.txt / error in device init
[g122:2663943] Set MCA parameter "orte_base_help_aggregate" to 0 to see all help / error messages
--------------------------------------------------------------------------
WARNING: There was an error initializing an OpenFabrics device.

  Local host:   g122
  Local device: mlx5_0
--------------------------------------------------------------------------
[g122:2666711] 7 more processes have sent help message help-mpi-btl-openib.txt / error in device init
[g122:2666711] Set MCA parameter "orte_base_help_aggregate" to 0 to see all help / error messages
--------------------------------------------------------------------------
WARNING: There was an error initializing an OpenFabrics device.

  Local host:   g122
  Local device: mlx5_0
--------------------------------------------------------------------------
[g122:2667593] 7 more processes have sent help message help-mpi-btl-openib.txt / error in device init
[g122:2667593] Set MCA parameter "orte_base_help_aggregate" to 0 to see all help / error messages
--------------------------------------------------------------------------
WARNING: There was an error initializing an OpenFabrics device.

  Local host:   g122
  Local device: mlx5_0
--------------------------------------------------------------------------
[g122:2667661] 7 more processes have sent help message help-mpi-btl-openib.txt / error in device init
[g122:2667661] Set MCA parameter "orte_base_help_aggregate" to 0 to see all help / error messages
--------------------------------------------------------------------------
WARNING: There was an error initializing an OpenFabrics device.

  Local host:   g122
  Local device: mlx5_0
--------------------------------------------------------------------------
[g122:2667731] 7 more processes have sent help message help-mpi-btl-openib.txt / error in device init
[g122:2667731] Set MCA parameter "orte_base_help_aggregate" to 0 to see all help / error messages
--------------------------------------------------------------------------
WARNING: There was an error initializing an OpenFabrics device.

  Local host:   g122
  Local device: mlx5_0
--------------------------------------------------------------------------
[g122:2669587] 7 more processes have sent help message help-mpi-btl-openib.txt / error in device init
[g122:2669587] Set MCA parameter "orte_base_help_aggregate" to 0 to see all help / error messages
--------------------------------------------------------------------------
WARNING: There was an error initializing an OpenFabrics device.

  Local host:   g122
  Local device: mlx5_0
--------------------------------------------------------------------------
[g122:2670450] 7 more processes have sent help message help-mpi-btl-openib.txt / error in device init
[g122:2670450] Set MCA parameter "orte_base_help_aggregate" to 0 to see all help / error messages
--------------------------------------------------------------------------
WARNING: There was an error initializing an OpenFabrics device.

  Local host:   g122
  Local device: mlx5_0
--------------------------------------------------------------------------
[g122:2670519] 7 more processes have sent help message help-mpi-btl-openib.txt / error in device init
[g122:2670519] Set MCA parameter "orte_base_help_aggregate" to 0 to see all help / error messages
--------------------------------------------------------------------------
WARNING: There was an error initializing an OpenFabrics device.

  Local host:   g122
  Local device: mlx5_0
--------------------------------------------------------------------------
[g122:2670587] 7 more processes have sent help message help-mpi-btl-openib.txt / error in device init
[g122:2670587] Set MCA parameter "orte_base_help_aggregate" to 0 to see all help / error messages
--------------------------------------------------------------------------
WARNING: There was an error initializing an OpenFabrics device.

  Local host:   g122
  Local device: mlx5_0
--------------------------------------------------------------------------
[g122:2673142] 7 more processes have sent help message help-mpi-btl-openib.txt / error in device init
[g122:2673142] Set MCA parameter "orte_base_help_aggregate" to 0 to see all help / error messages
--------------------------------------------------------------------------
WARNING: There was an error initializing an OpenFabrics device.

  Local host:   g122
  Local device: mlx5_0
--------------------------------------------------------------------------
[g122:2673258] 7 more processes have sent help message help-mpi-btl-openib.txt / error in device init
[g122:2673258] Set MCA parameter "orte_base_help_aggregate" to 0 to see all help / error messages
--------------------------------------------------------------------------
WARNING: There was an error initializing an OpenFabrics device.

  Local host:   g122
  Local device: mlx5_0
--------------------------------------------------------------------------
[g122:2673324] 7 more processes have sent help message help-mpi-btl-openib.txt / error in device init
[g122:2673324] Set MCA parameter "orte_base_help_aggregate" to 0 to see all help / error messages
--------------------------------------------------------------------------
WARNING: There was an error initializing an OpenFabrics device.

  Local host:   g122
  Local device: mlx5_0
--------------------------------------------------------------------------
[g122:2673391] 7 more processes have sent help message help-mpi-btl-openib.txt / error in device init
[g122:2673391] Set MCA parameter "orte_base_help_aggregate" to 0 to see all help / error messages
--------------------------------------------------------------------------
WARNING: There was an error initializing an OpenFabrics device.

  Local host:   g122
  Local device: mlx5_0
--------------------------------------------------------------------------
[g122:2676116] 7 more processes have sent help message help-mpi-btl-openib.txt / error in device init
[g122:2676116] Set MCA parameter "orte_base_help_aggregate" to 0 to see all help / error messages
--------------------------------------------------------------------------
WARNING: There was an error initializing an OpenFabrics device.

  Local host:   g122
  Local device: mlx5_0
--------------------------------------------------------------------------
[g122:2676238] 7 more processes have sent help message help-mpi-btl-openib.txt / error in device init
[g122:2676238] Set MCA parameter "orte_base_help_aggregate" to 0 to see all help / error messages
--------------------------------------------------------------------------
WARNING: There was an error initializing an OpenFabrics device.

  Local host:   g122
  Local device: mlx5_0
--------------------------------------------------------------------------
[g122:2676304] 7 more processes have sent help message help-mpi-btl-openib.txt / error in device init
[g122:2676304] Set MCA parameter "orte_base_help_aggregate" to 0 to see all help / error messages
--------------------------------------------------------------------------
WARNING: There was an error initializing an OpenFabrics device.

  Local host:   g122
  Local device: mlx5_0
--------------------------------------------------------------------------
[g122:2676374] 7 more processes have sent help message help-mpi-btl-openib.txt / error in device init
[g122:2676374] Set MCA parameter "orte_base_help_aggregate" to 0 to see all help / error messages
--------------------------------------------------------------------------
WARNING: There was an error initializing an OpenFabrics device.

  Local host:   g122
  Local device: mlx5_0
--------------------------------------------------------------------------
[g122:2678153] 7 more processes have sent help message help-mpi-btl-openib.txt / error in device init
[g122:2678153] Set MCA parameter "orte_base_help_aggregate" to 0 to see all help / error messages
--------------------------------------------------------------------------
WARNING: There was an error initializing an OpenFabrics device.

  Local host:   g122
  Local device: mlx5_0
--------------------------------------------------------------------------
[g122:2678863] 7 more processes have sent help message help-mpi-btl-openib.txt / error in device init
[g122:2678863] Set MCA parameter "orte_base_help_aggregate" to 0 to see all help / error messages
--------------------------------------------------------------------------
WARNING: There was an error initializing an OpenFabrics device.

  Local host:   g122
  Local device: mlx5_0
--------------------------------------------------------------------------
[g122:2678927] 7 more processes have sent help message help-mpi-btl-openib.txt / error in device init
[g122:2678927] Set MCA parameter "orte_base_help_aggregate" to 0 to see all help / error messages
--------------------------------------------------------------------------
WARNING: There was an error initializing an OpenFabrics device.

  Local host:   g122
  Local device: mlx5_0
--------------------------------------------------------------------------
[g122:2678998] 7 more processes have sent help message help-mpi-btl-openib.txt / error in device init
[g122:2678998] Set MCA parameter "orte_base_help_aggregate" to 0 to see all help / error messages
--------------------------------------------------------------------------
WARNING: There was an error initializing an OpenFabrics device.

  Local host:   g122
  Local device: mlx5_0
--------------------------------------------------------------------------
[g122:2681521] 7 more processes have sent help message help-mpi-btl-openib.txt / error in device init
[g122:2681521] Set MCA parameter "orte_base_help_aggregate" to 0 to see all help / error messages
--------------------------------------------------------------------------
WARNING: There was an error initializing an OpenFabrics device.

  Local host:   g122
  Local device: mlx5_0
--------------------------------------------------------------------------
[g122:2681620] 7 more processes have sent help message help-mpi-btl-openib.txt / error in device init
[g122:2681620] Set MCA parameter "orte_base_help_aggregate" to 0 to see all help / error messages
--------------------------------------------------------------------------
WARNING: There was an error initializing an OpenFabrics device.

  Local host:   g122
  Local device: mlx5_0
--------------------------------------------------------------------------
[g122:2681686] 7 more processes have sent help message help-mpi-btl-openib.txt / error in device init
[g122:2681686] Set MCA parameter "orte_base_help_aggregate" to 0 to see all help / error messages
--------------------------------------------------------------------------
WARNING: There was an error initializing an OpenFabrics device.

  Local host:   g122
  Local device: mlx5_0
--------------------------------------------------------------------------
[g122:2681752] 7 more processes have sent help message help-mpi-btl-openib.txt / error in device init
[g122:2681752] Set MCA parameter "orte_base_help_aggregate" to 0 to see all help / error messages
--------------------------------------------------------------------------
WARNING: There was an error initializing an OpenFabrics device.

  Local host:   g122
  Local device: mlx5_0
--------------------------------------------------------------------------
[g122:2683696] 7 more processes have sent help message help-mpi-btl-openib.txt / error in device init
[g122:2683696] Set MCA parameter "orte_base_help_aggregate" to 0 to see all help / error messages
--------------------------------------------------------------------------
WARNING: There was an error initializing an OpenFabrics device.

  Local host:   g122
  Local device: mlx5_0
--------------------------------------------------------------------------
[g122:2684571] 7 more processes have sent help message help-mpi-btl-openib.txt / error in device init
[g122:2684571] Set MCA parameter "orte_base_help_aggregate" to 0 to see all help / error messages
--------------------------------------------------------------------------
WARNING: There was an error initializing an OpenFabrics device.

  Local host:   g122
  Local device: mlx5_0
--------------------------------------------------------------------------
[g122:2684641] 7 more processes have sent help message help-mpi-btl-openib.txt / error in device init
[g122:2684641] Set MCA parameter "orte_base_help_aggregate" to 0 to see all help / error messages
--------------------------------------------------------------------------
WARNING: There was an error initializing an OpenFabrics device.

  Local host:   g122
  Local device: mlx5_0
--------------------------------------------------------------------------
[g122:2684708] 7 more processes have sent help message help-mpi-btl-openib.txt / error in device init
[g122:2684708] Set MCA parameter "orte_base_help_aggregate" to 0 to see all help / error messages
--------------------------------------------------------------------------
WARNING: There was an error initializing an OpenFabrics device.

  Local host:   g122
  Local device: mlx5_0
--------------------------------------------------------------------------
[g122:2686594] 7 more processes have sent help message help-mpi-btl-openib.txt / error in device init
[g122:2686594] Set MCA parameter "orte_base_help_aggregate" to 0 to see all help / error messages
--------------------------------------------------------------------------
WARNING: There was an error initializing an OpenFabrics device.

  Local host:   g122
  Local device: mlx5_0
--------------------------------------------------------------------------
[g122:2687378] 7 more processes have sent help message help-mpi-btl-openib.txt / error in device init
[g122:2687378] Set MCA parameter "orte_base_help_aggregate" to 0 to see all help / error messages
--------------------------------------------------------------------------
WARNING: There was an error initializing an OpenFabrics device.

  Local host:   g122
  Local device: mlx5_0
--------------------------------------------------------------------------
[g122:2687444] 7 more processes have sent help message help-mpi-btl-openib.txt / error in device init
[g122:2687444] Set MCA parameter "orte_base_help_aggregate" to 0 to see all help / error messages
--------------------------------------------------------------------------
WARNING: There was an error initializing an OpenFabrics device.

  Local host:   g122
  Local device: mlx5_0
--------------------------------------------------------------------------
[g122:2687510] 7 more processes have sent help message help-mpi-btl-openib.txt / error in device init
[g122:2687510] Set MCA parameter "orte_base_help_aggregate" to 0 to see all help / error messages
--------------------------------------------------------------------------
WARNING: There was an error initializing an OpenFabrics device.

  Local host:   g122
  Local device: mlx5_0
--------------------------------------------------------------------------
[g122:2688944] 7 more processes have sent help message help-mpi-btl-openib.txt / error in device init
[g122:2688944] Set MCA parameter "orte_base_help_aggregate" to 0 to see all help / error messages
--------------------------------------------------------------------------
WARNING: There was an error initializing an OpenFabrics device.

  Local host:   g122
  Local device: mlx5_0
--------------------------------------------------------------------------
[g122:2689048] 7 more processes have sent help message help-mpi-btl-openib.txt / error in device init
[g122:2689048] Set MCA parameter "orte_base_help_aggregate" to 0 to see all help / error messages
--------------------------------------------------------------------------
WARNING: There was an error initializing an OpenFabrics device.

  Local host:   g122
  Local device: mlx5_0
--------------------------------------------------------------------------
[g122:2689114] 7 more processes have sent help message help-mpi-btl-openib.txt / error in device init
[g122:2689114] Set MCA parameter "orte_base_help_aggregate" to 0 to see all help / error messages
--------------------------------------------------------------------------
WARNING: There was an error initializing an OpenFabrics device.

  Local host:   g122
  Local device: mlx5_0
--------------------------------------------------------------------------
[g122:2689185] 7 more processes have sent help message help-mpi-btl-openib.txt / error in device init
[g122:2689185] Set MCA parameter "orte_base_help_aggregate" to 0 to see all help / error messages
--------------------------------------------------------------------------
WARNING: There was an error initializing an OpenFabrics device.

  Local host:   g122
  Local device: mlx5_0
--------------------------------------------------------------------------
[g122:2691985] 7 more processes have sent help message help-mpi-btl-openib.txt / error in device init
[g122:2691985] Set MCA parameter "orte_base_help_aggregate" to 0 to see all help / error messages
--------------------------------------------------------------------------
WARNING: There was an error initializing an OpenFabrics device.

  Local host:   g122
  Local device: mlx5_0
--------------------------------------------------------------------------
[g122:2692093] 7 more processes have sent help message help-mpi-btl-openib.txt / error in device init
[g122:2692093] Set MCA parameter "orte_base_help_aggregate" to 0 to see all help / error messages
--------------------------------------------------------------------------
WARNING: There was an error initializing an OpenFabrics device.

  Local host:   g122
  Local device: mlx5_0
--------------------------------------------------------------------------
[g122:2692162] 7 more processes have sent help message help-mpi-btl-openib.txt / error in device init
[g122:2692162] Set MCA parameter "orte_base_help_aggregate" to 0 to see all help / error messages
--------------------------------------------------------------------------
WARNING: There was an error initializing an OpenFabrics device.

  Local host:   g122
  Local device: mlx5_0
--------------------------------------------------------------------------
[g122:2694055] 7 more processes have sent help message help-mpi-btl-openib.txt / error in device init
[g122:2694055] Set MCA parameter "orte_base_help_aggregate" to 0 to see all help / error messages
