----------------------------------------------- 
  Element       SASA      Sigma Z        Total  
     Z         Ang**2 cal/Ang**2/mol   kcal/mol 
----------------------------------------------- 
      H        146.262       0.000       0.000
      C        101.894     107.436      10.947
      O         68.327     -57.524      -3.930
      S         52.375     -47.450      -2.485

 Subtotal:     368.858                   4.531
 -----------------------------------------------

  Elements    COT*SASA   Sigma Z,Z'     Total   
    Z,Z'       Ang**2  cal/Ang**2/mol kcal/mol  
 ---------------------------------------------- 
  H   C         98.763     -52.027      -5.138
  H   O          0.000     -27.737      -0.000
  C   C        113.143     -88.763     -10.043
  O   C         32.783     -22.459      -0.736
  O   O         14.631     -94.838      -1.388

 Subtotal:                             -17.305
 ---------------------------------------------- 

 NONAQUEOUS SOLVENT CONTRIBUTION (kcal/mol):
 (proportional to SASA, atomic number independent)
 ---------------------------------------------- 
 Subtotal:                               6.398
 ---------------------------------------------- 

 CDS TOTAL (kcal/mol):                  -6.375
...............................................................................
