--------------------------------------------------------------------------
WARNING: There was an error initializing an OpenFabrics device.

  Local host:   g067
  Local device: mlx5_0
--------------------------------------------------------------------------
[g067:1432543] 7 more processes have sent help message help-mpi-btl-openib.txt / error in device init
[g067:1432543] Set MCA parameter "orte_base_help_aggregate" to 0 to see all help / error messages
--------------------------------------------------------------------------
WARNING: There was an error initializing an OpenFabrics device.

  Local host:   g067
  Local device: mlx5_0
--------------------------------------------------------------------------
[g067:1432883] 7 more processes have sent help message help-mpi-btl-openib.txt / error in device init
[g067:1432883] Set MCA parameter "orte_base_help_aggregate" to 0 to see all help / error messages
--------------------------------------------------------------------------
WARNING: There was an error initializing an OpenFabrics device.

  Local host:   g067
  Local device: mlx5_0
--------------------------------------------------------------------------
[g067:1460870] 7 more processes have sent help message help-mpi-btl-openib.txt / error in device init
[g067:1460870] Set MCA parameter "orte_base_help_aggregate" to 0 to see all help / error messages
--------------------------------------------------------------------------
WARNING: There was an error initializing an OpenFabrics device.

  Local host:   g067
  Local device: mlx5_0
--------------------------------------------------------------------------
[g067:1461590] 7 more processes have sent help message help-mpi-btl-openib.txt / error in device init
[g067:1461590] Set MCA parameter "orte_base_help_aggregate" to 0 to see all help / error messages
--------------------------------------------------------------------------
WARNING: There was an error initializing an OpenFabrics device.

  Local host:   g067
  Local device: mlx5_0
--------------------------------------------------------------------------
[g067:1461701] 7 more processes have sent help message help-mpi-btl-openib.txt / error in device init
[g067:1461701] Set MCA parameter "orte_base_help_aggregate" to 0 to see all help / error messages
--------------------------------------------------------------------------
WARNING: There was an error initializing an OpenFabrics device.

  Local host:   g067
  Local device: mlx5_0
--------------------------------------------------------------------------
[g067:1461925] 7 more processes have sent help message help-mpi-btl-openib.txt / error in device init
[g067:1461925] Set MCA parameter "orte_base_help_aggregate" to 0 to see all help / error messages
--------------------------------------------------------------------------
WARNING: There was an error initializing an OpenFabrics device.

  Local host:   g067
  Local device: mlx5_0
--------------------------------------------------------------------------
[g067:1463883] 7 more processes have sent help message help-mpi-btl-openib.txt / error in device init
[g067:1463883] Set MCA parameter "orte_base_help_aggregate" to 0 to see all help / error messages
--------------------------------------------------------------------------
WARNING: There was an error initializing an OpenFabrics device.

  Local host:   g067
  Local device: mlx5_0
--------------------------------------------------------------------------
[g067:1465451] 7 more processes have sent help message help-mpi-btl-openib.txt / error in device init
[g067:1465451] Set MCA parameter "orte_base_help_aggregate" to 0 to see all help / error messages
--------------------------------------------------------------------------
WARNING: There was an error initializing an OpenFabrics device.

  Local host:   g067
  Local device: mlx5_0
--------------------------------------------------------------------------
[g067:1465565] 7 more processes have sent help message help-mpi-btl-openib.txt / error in device init
[g067:1465565] Set MCA parameter "orte_base_help_aggregate" to 0 to see all help / error messages
--------------------------------------------------------------------------
WARNING: There was an error initializing an OpenFabrics device.

  Local host:   g067
  Local device: mlx5_0
--------------------------------------------------------------------------
[g067:1465675] 7 more processes have sent help message help-mpi-btl-openib.txt / error in device init
[g067:1465675] Set MCA parameter "orte_base_help_aggregate" to 0 to see all help / error messages
--------------------------------------------------------------------------
WARNING: There was an error initializing an OpenFabrics device.

  Local host:   g067
  Local device: mlx5_0
--------------------------------------------------------------------------
[g067:1466737] 7 more processes have sent help message help-mpi-btl-openib.txt / error in device init
[g067:1466737] Set MCA parameter "orte_base_help_aggregate" to 0 to see all help / error messages
--------------------------------------------------------------------------
WARNING: There was an error initializing an OpenFabrics device.

  Local host:   g067
  Local device: mlx5_0
--------------------------------------------------------------------------
[g067:1468159] 7 more processes have sent help message help-mpi-btl-openib.txt / error in device init
[g067:1468159] Set MCA parameter "orte_base_help_aggregate" to 0 to see all help / error messages
--------------------------------------------------------------------------
WARNING: There was an error initializing an OpenFabrics device.

  Local host:   g067
  Local device: mlx5_0
--------------------------------------------------------------------------
[g067:1468270] 7 more processes have sent help message help-mpi-btl-openib.txt / error in device init
[g067:1468270] Set MCA parameter "orte_base_help_aggregate" to 0 to see all help / error messages
--------------------------------------------------------------------------
WARNING: There was an error initializing an OpenFabrics device.

  Local host:   g067
  Local device: mlx5_0
--------------------------------------------------------------------------
[g067:1468380] 7 more processes have sent help message help-mpi-btl-openib.txt / error in device init
[g067:1468380] Set MCA parameter "orte_base_help_aggregate" to 0 to see all help / error messages
--------------------------------------------------------------------------
WARNING: There was an error initializing an OpenFabrics device.

  Local host:   g067
  Local device: mlx5_0
--------------------------------------------------------------------------
[g067:1470975] 7 more processes have sent help message help-mpi-btl-openib.txt / error in device init
[g067:1470975] Set MCA parameter "orte_base_help_aggregate" to 0 to see all help / error messages
--------------------------------------------------------------------------
WARNING: There was an error initializing an OpenFabrics device.

  Local host:   g067
  Local device: mlx5_0
--------------------------------------------------------------------------
[g067:1471233] 7 more processes have sent help message help-mpi-btl-openib.txt / error in device init
[g067:1471233] Set MCA parameter "orte_base_help_aggregate" to 0 to see all help / error messages
--------------------------------------------------------------------------
WARNING: There was an error initializing an OpenFabrics device.

  Local host:   g067
  Local device: mlx5_0
--------------------------------------------------------------------------
[g067:1471347] 7 more processes have sent help message help-mpi-btl-openib.txt / error in device init
[g067:1471347] Set MCA parameter "orte_base_help_aggregate" to 0 to see all help / error messages
--------------------------------------------------------------------------
WARNING: There was an error initializing an OpenFabrics device.

  Local host:   g067
  Local device: mlx5_0
--------------------------------------------------------------------------
[g067:1471460] 7 more processes have sent help message help-mpi-btl-openib.txt / error in device init
[g067:1471460] Set MCA parameter "orte_base_help_aggregate" to 0 to see all help / error messages
--------------------------------------------------------------------------
WARNING: There was an error initializing an OpenFabrics device.

  Local host:   g067
  Local device: mlx5_0
--------------------------------------------------------------------------
[g067:1473973] 7 more processes have sent help message help-mpi-btl-openib.txt / error in device init
[g067:1473973] Set MCA parameter "orte_base_help_aggregate" to 0 to see all help / error messages
--------------------------------------------------------------------------
WARNING: There was an error initializing an OpenFabrics device.

  Local host:   g067
  Local device: mlx5_0
--------------------------------------------------------------------------
[g067:1474241] 7 more processes have sent help message help-mpi-btl-openib.txt / error in device init
[g067:1474241] Set MCA parameter "orte_base_help_aggregate" to 0 to see all help / error messages
--------------------------------------------------------------------------
WARNING: There was an error initializing an OpenFabrics device.

  Local host:   g067
  Local device: mlx5_0
--------------------------------------------------------------------------
[g067:1474349] 7 more processes have sent help message help-mpi-btl-openib.txt / error in device init
[g067:1474349] Set MCA parameter "orte_base_help_aggregate" to 0 to see all help / error messages
--------------------------------------------------------------------------
WARNING: There was an error initializing an OpenFabrics device.

  Local host:   g067
  Local device: mlx5_0
--------------------------------------------------------------------------
[g067:1474458] 7 more processes have sent help message help-mpi-btl-openib.txt / error in device init
[g067:1474458] Set MCA parameter "orte_base_help_aggregate" to 0 to see all help / error messages
--------------------------------------------------------------------------
WARNING: There was an error initializing an OpenFabrics device.

  Local host:   g067
  Local device: mlx5_0
--------------------------------------------------------------------------
[g067:1476856] 7 more processes have sent help message help-mpi-btl-openib.txt / error in device init
[g067:1476856] Set MCA parameter "orte_base_help_aggregate" to 0 to see all help / error messages
--------------------------------------------------------------------------
WARNING: There was an error initializing an OpenFabrics device.

  Local host:   g067
  Local device: mlx5_0
--------------------------------------------------------------------------
[g067:1477995] 7 more processes have sent help message help-mpi-btl-openib.txt / error in device init
[g067:1477995] Set MCA parameter "orte_base_help_aggregate" to 0 to see all help / error messages
--------------------------------------------------------------------------
WARNING: There was an error initializing an OpenFabrics device.

  Local host:   g067
  Local device: mlx5_0
--------------------------------------------------------------------------
[g067:1478106] 7 more processes have sent help message help-mpi-btl-openib.txt / error in device init
[g067:1478106] Set MCA parameter "orte_base_help_aggregate" to 0 to see all help / error messages
--------------------------------------------------------------------------
WARNING: There was an error initializing an OpenFabrics device.

  Local host:   g067
  Local device: mlx5_0
--------------------------------------------------------------------------
[g067:1478217] 7 more processes have sent help message help-mpi-btl-openib.txt / error in device init
[g067:1478217] Set MCA parameter "orte_base_help_aggregate" to 0 to see all help / error messages
--------------------------------------------------------------------------
WARNING: There was an error initializing an OpenFabrics device.

  Local host:   g067
  Local device: mlx5_0
--------------------------------------------------------------------------
[g067:1479817] 7 more processes have sent help message help-mpi-btl-openib.txt / error in device init
[g067:1479817] Set MCA parameter "orte_base_help_aggregate" to 0 to see all help / error messages
--------------------------------------------------------------------------
WARNING: There was an error initializing an OpenFabrics device.

  Local host:   g067
  Local device: mlx5_0
--------------------------------------------------------------------------
[g067:1480857] 7 more processes have sent help message help-mpi-btl-openib.txt / error in device init
[g067:1480857] Set MCA parameter "orte_base_help_aggregate" to 0 to see all help / error messages
--------------------------------------------------------------------------
WARNING: There was an error initializing an OpenFabrics device.

  Local host:   g067
  Local device: mlx5_0
--------------------------------------------------------------------------
[g067:1480968] 7 more processes have sent help message help-mpi-btl-openib.txt / error in device init
[g067:1480968] Set MCA parameter "orte_base_help_aggregate" to 0 to see all help / error messages
--------------------------------------------------------------------------
WARNING: There was an error initializing an OpenFabrics device.

  Local host:   g067
  Local device: mlx5_0
--------------------------------------------------------------------------
[g067:1481081] 7 more processes have sent help message help-mpi-btl-openib.txt / error in device init
[g067:1481081] Set MCA parameter "orte_base_help_aggregate" to 0 to see all help / error messages
--------------------------------------------------------------------------
WARNING: There was an error initializing an OpenFabrics device.

  Local host:   g067
  Local device: mlx5_0
--------------------------------------------------------------------------
[g067:1482845] 7 more processes have sent help message help-mpi-btl-openib.txt / error in device init
[g067:1482845] Set MCA parameter "orte_base_help_aggregate" to 0 to see all help / error messages
--------------------------------------------------------------------------
WARNING: There was an error initializing an OpenFabrics device.

  Local host:   g067
  Local device: mlx5_0
--------------------------------------------------------------------------
[g067:1483768] 7 more processes have sent help message help-mpi-btl-openib.txt / error in device init
[g067:1483768] Set MCA parameter "orte_base_help_aggregate" to 0 to see all help / error messages
--------------------------------------------------------------------------
WARNING: There was an error initializing an OpenFabrics device.

  Local host:   g067
  Local device: mlx5_0
--------------------------------------------------------------------------
[g067:1483881] 7 more processes have sent help message help-mpi-btl-openib.txt / error in device init
[g067:1483881] Set MCA parameter "orte_base_help_aggregate" to 0 to see all help / error messages
--------------------------------------------------------------------------
WARNING: There was an error initializing an OpenFabrics device.

  Local host:   g067
  Local device: mlx5_0
--------------------------------------------------------------------------
[g067:1483991] 7 more processes have sent help message help-mpi-btl-openib.txt / error in device init
[g067:1483991] Set MCA parameter "orte_base_help_aggregate" to 0 to see all help / error messages
--------------------------------------------------------------------------
WARNING: There was an error initializing an OpenFabrics device.

  Local host:   g067
  Local device: mlx5_0
--------------------------------------------------------------------------
[g067:1485792] 7 more processes have sent help message help-mpi-btl-openib.txt / error in device init
[g067:1485792] Set MCA parameter "orte_base_help_aggregate" to 0 to see all help / error messages
--------------------------------------------------------------------------
WARNING: There was an error initializing an OpenFabrics device.

  Local host:   g067
  Local device: mlx5_0
--------------------------------------------------------------------------
[g067:1487072] 7 more processes have sent help message help-mpi-btl-openib.txt / error in device init
[g067:1487072] Set MCA parameter "orte_base_help_aggregate" to 0 to see all help / error messages
--------------------------------------------------------------------------
WARNING: There was an error initializing an OpenFabrics device.

  Local host:   g067
  Local device: mlx5_0
--------------------------------------------------------------------------
[g067:1487183] 7 more processes have sent help message help-mpi-btl-openib.txt / error in device init
[g067:1487183] Set MCA parameter "orte_base_help_aggregate" to 0 to see all help / error messages
--------------------------------------------------------------------------
WARNING: There was an error initializing an OpenFabrics device.

  Local host:   g067
  Local device: mlx5_0
--------------------------------------------------------------------------
[g067:1487299] 7 more processes have sent help message help-mpi-btl-openib.txt / error in device init
[g067:1487299] Set MCA parameter "orte_base_help_aggregate" to 0 to see all help / error messages
--------------------------------------------------------------------------
WARNING: There was an error initializing an OpenFabrics device.

  Local host:   g067
  Local device: mlx5_0
--------------------------------------------------------------------------
[g067:1488922] 7 more processes have sent help message help-mpi-btl-openib.txt / error in device init
[g067:1488922] Set MCA parameter "orte_base_help_aggregate" to 0 to see all help / error messages
--------------------------------------------------------------------------
WARNING: There was an error initializing an OpenFabrics device.

  Local host:   g067
  Local device: mlx5_0
--------------------------------------------------------------------------
[g067:1490130] 7 more processes have sent help message help-mpi-btl-openib.txt / error in device init
[g067:1490130] Set MCA parameter "orte_base_help_aggregate" to 0 to see all help / error messages
--------------------------------------------------------------------------
WARNING: There was an error initializing an OpenFabrics device.

  Local host:   g067
  Local device: mlx5_0
--------------------------------------------------------------------------
[g067:1490243] 7 more processes have sent help message help-mpi-btl-openib.txt / error in device init
[g067:1490243] Set MCA parameter "orte_base_help_aggregate" to 0 to see all help / error messages
--------------------------------------------------------------------------
WARNING: There was an error initializing an OpenFabrics device.

  Local host:   g067
  Local device: mlx5_0
--------------------------------------------------------------------------
[g067:1490466] 7 more processes have sent help message help-mpi-btl-openib.txt / error in device init
[g067:1490466] Set MCA parameter "orte_base_help_aggregate" to 0 to see all help / error messages
--------------------------------------------------------------------------
WARNING: There was an error initializing an OpenFabrics device.

  Local host:   g067
  Local device: mlx5_0
--------------------------------------------------------------------------
[g067:1491931] 7 more processes have sent help message help-mpi-btl-openib.txt / error in device init
[g067:1491931] Set MCA parameter "orte_base_help_aggregate" to 0 to see all help / error messages
--------------------------------------------------------------------------
WARNING: There was an error initializing an OpenFabrics device.

  Local host:   g067
  Local device: mlx5_0
--------------------------------------------------------------------------
[g067:1493090] 7 more processes have sent help message help-mpi-btl-openib.txt / error in device init
[g067:1493090] Set MCA parameter "orte_base_help_aggregate" to 0 to see all help / error messages
--------------------------------------------------------------------------
WARNING: There was an error initializing an OpenFabrics device.

  Local host:   g067
  Local device: mlx5_0
--------------------------------------------------------------------------
[g067:1493201] 7 more processes have sent help message help-mpi-btl-openib.txt / error in device init
[g067:1493201] Set MCA parameter "orte_base_help_aggregate" to 0 to see all help / error messages
--------------------------------------------------------------------------
WARNING: There was an error initializing an OpenFabrics device.

  Local host:   g067
  Local device: mlx5_0
--------------------------------------------------------------------------
[g067:1493314] 7 more processes have sent help message help-mpi-btl-openib.txt / error in device init
[g067:1493314] Set MCA parameter "orte_base_help_aggregate" to 0 to see all help / error messages
--------------------------------------------------------------------------
WARNING: There was an error initializing an OpenFabrics device.

  Local host:   g067
  Local device: mlx5_0
--------------------------------------------------------------------------
[g067:1494490] 7 more processes have sent help message help-mpi-btl-openib.txt / error in device init
[g067:1494490] Set MCA parameter "orte_base_help_aggregate" to 0 to see all help / error messages
--------------------------------------------------------------------------
WARNING: There was an error initializing an OpenFabrics device.

  Local host:   g067
  Local device: mlx5_0
--------------------------------------------------------------------------
[g067:1494638] 7 more processes have sent help message help-mpi-btl-openib.txt / error in device init
[g067:1494638] Set MCA parameter "orte_base_help_aggregate" to 0 to see all help / error messages
--------------------------------------------------------------------------
WARNING: There was an error initializing an OpenFabrics device.

  Local host:   g067
  Local device: mlx5_0
--------------------------------------------------------------------------
[g067:1494745] 7 more processes have sent help message help-mpi-btl-openib.txt / error in device init
[g067:1494745] Set MCA parameter "orte_base_help_aggregate" to 0 to see all help / error messages
--------------------------------------------------------------------------
WARNING: There was an error initializing an OpenFabrics device.

  Local host:   g067
  Local device: mlx5_0
--------------------------------------------------------------------------
[g067:1496605] 7 more processes have sent help message help-mpi-btl-openib.txt / error in device init
[g067:1496605] Set MCA parameter "orte_base_help_aggregate" to 0 to see all help / error messages
