----------------------------------------------- 
  Element       SASA      Sigma Z        Total  
     Z         Ang**2 cal/Ang**2/mol   kcal/mol 
----------------------------------------------- 
      H        149.907       0.000       0.000
      C        121.489     111.253      13.516
      O         66.205     -63.418      -4.199
      S         54.481     -47.002      -2.561

 Subtotal:     392.082                   6.757
 -----------------------------------------------

  Elements    COT*SASA   Sigma Z,Z'     Total   
    Z,Z'       Ang**2  cal/Ang**2/mol kcal/mol  
 ---------------------------------------------- 
  H   C        101.183     -51.536      -5.215
  H   O          0.000     -27.476      -0.000
  C   C        137.940     -87.925     -12.128
  O   C         33.034     -22.247      -0.735
  O   O         13.279    -112.781      -1.498

 Subtotal:                             -19.576
 ---------------------------------------------- 

 NONAQUEOUS SOLVENT CONTRIBUTION (kcal/mol):
 (proportional to SASA, atomic number independent)
 ---------------------------------------------- 
 Subtotal:                               8.478
 ---------------------------------------------- 

 CDS TOTAL (kcal/mol):                  -4.341
...............................................................................
