----------------------------------------------- 
  Element       SASA      Sigma Z        Total  
     Z         Ang**2 cal/Ang**2/mol   kcal/mol 
----------------------------------------------- 
      H        150.820       0.000       0.000
      C        121.937     120.512      14.695
      O         66.285      27.995       1.856
      S         54.689     -47.496      -2.598

 Subtotal:     393.730                  13.953
 -----------------------------------------------

  Elements    COT*SASA   Sigma Z,Z'     Total   
    Z,Z'       Ang**2  cal/Ang**2/mol kcal/mol  
 ---------------------------------------------- 
  H   C        101.713     -52.078      -5.297
  H   O          0.000     -27.765      -0.000
  C   C        138.330     -88.849     -12.291
  O   C         32.283      15.915       0.514
  O   O         13.271     -70.488      -0.935

 Subtotal:                             -18.009
 ---------------------------------------------- 

 NONAQUEOUS SOLVENT CONTRIBUTION (kcal/mol):
 (proportional to SASA, atomic number independent)
 ---------------------------------------------- 
 Subtotal:                               7.640
 ---------------------------------------------- 

 CDS TOTAL (kcal/mol):                   3.584
...............................................................................
