--------------------------------------------------------------------------
WARNING: There was an error initializing an OpenFabrics device.

  Local host:   g120
  Local device: mlx5_0
--------------------------------------------------------------------------
[g120:3435128] 7 more processes have sent help message help-mpi-btl-openib.txt / error in device init
[g120:3435128] Set MCA parameter "orte_base_help_aggregate" to 0 to see all help / error messages
--------------------------------------------------------------------------
WARNING: There was an error initializing an OpenFabrics device.

  Local host:   g120
  Local device: mlx5_0
--------------------------------------------------------------------------
[g120:3435216] 7 more processes have sent help message help-mpi-btl-openib.txt / error in device init
[g120:3435216] Set MCA parameter "orte_base_help_aggregate" to 0 to see all help / error messages
--------------------------------------------------------------------------
WARNING: There was an error initializing an OpenFabrics device.

  Local host:   g120
  Local device: mlx5_0
--------------------------------------------------------------------------
[g120:3437552] 7 more processes have sent help message help-mpi-btl-openib.txt / error in device init
[g120:3437552] Set MCA parameter "orte_base_help_aggregate" to 0 to see all help / error messages
--------------------------------------------------------------------------
WARNING: There was an error initializing an OpenFabrics device.

  Local host:   g120
  Local device: mlx5_0
--------------------------------------------------------------------------
[g120:3438345] 7 more processes have sent help message help-mpi-btl-openib.txt / error in device init
[g120:3438345] Set MCA parameter "orte_base_help_aggregate" to 0 to see all help / error messages
--------------------------------------------------------------------------
WARNING: There was an error initializing an OpenFabrics device.

  Local host:   g120
  Local device: mlx5_0
--------------------------------------------------------------------------
[g120:3438414] 7 more processes have sent help message help-mpi-btl-openib.txt / error in device init
[g120:3438414] Set MCA parameter "orte_base_help_aggregate" to 0 to see all help / error messages
--------------------------------------------------------------------------
WARNING: There was an error initializing an OpenFabrics device.

  Local host:   g120
  Local device: mlx5_0
--------------------------------------------------------------------------
[g120:3438480] 7 more processes have sent help message help-mpi-btl-openib.txt / error in device init
[g120:3438480] Set MCA parameter "orte_base_help_aggregate" to 0 to see all help / error messages
--------------------------------------------------------------------------
WARNING: There was an error initializing an OpenFabrics device.

  Local host:   g120
  Local device: mlx5_0
--------------------------------------------------------------------------
[g120:3441463] 7 more processes have sent help message help-mpi-btl-openib.txt / error in device init
[g120:3441463] Set MCA parameter "orte_base_help_aggregate" to 0 to see all help / error messages
--------------------------------------------------------------------------
WARNING: There was an error initializing an OpenFabrics device.

  Local host:   g120
  Local device: mlx5_0
--------------------------------------------------------------------------
[g120:3442134] 7 more processes have sent help message help-mpi-btl-openib.txt / error in device init
[g120:3442134] Set MCA parameter "orte_base_help_aggregate" to 0 to see all help / error messages
--------------------------------------------------------------------------
WARNING: There was an error initializing an OpenFabrics device.

  Local host:   g120
  Local device: mlx5_0
--------------------------------------------------------------------------
[g120:3442610] 7 more processes have sent help message help-mpi-btl-openib.txt / error in device init
[g120:3442610] Set MCA parameter "orte_base_help_aggregate" to 0 to see all help / error messages
--------------------------------------------------------------------------
WARNING: There was an error initializing an OpenFabrics device.

  Local host:   g120
  Local device: mlx5_0
--------------------------------------------------------------------------
[g120:3443004] 7 more processes have sent help message help-mpi-btl-openib.txt / error in device init
[g120:3443004] Set MCA parameter "orte_base_help_aggregate" to 0 to see all help / error messages
--------------------------------------------------------------------------
WARNING: There was an error initializing an OpenFabrics device.

  Local host:   g120
  Local device: mlx5_0
--------------------------------------------------------------------------
[g120:3445102] 7 more processes have sent help message help-mpi-btl-openib.txt / error in device init
[g120:3445102] Set MCA parameter "orte_base_help_aggregate" to 0 to see all help / error messages
--------------------------------------------------------------------------
WARNING: There was an error initializing an OpenFabrics device.

  Local host:   g120
  Local device: mlx5_0
--------------------------------------------------------------------------
[g120:3445936] 7 more processes have sent help message help-mpi-btl-openib.txt / error in device init
[g120:3445936] Set MCA parameter "orte_base_help_aggregate" to 0 to see all help / error messages
--------------------------------------------------------------------------
WARNING: There was an error initializing an OpenFabrics device.

  Local host:   g120
  Local device: mlx5_0
--------------------------------------------------------------------------
[g120:3445999] 7 more processes have sent help message help-mpi-btl-openib.txt / error in device init
[g120:3445999] Set MCA parameter "orte_base_help_aggregate" to 0 to see all help / error messages
--------------------------------------------------------------------------
WARNING: There was an error initializing an OpenFabrics device.

  Local host:   g120
  Local device: mlx5_0
--------------------------------------------------------------------------
[g120:3446070] 7 more processes have sent help message help-mpi-btl-openib.txt / error in device init
[g120:3446070] Set MCA parameter "orte_base_help_aggregate" to 0 to see all help / error messages
--------------------------------------------------------------------------
WARNING: There was an error initializing an OpenFabrics device.

  Local host:   g120
  Local device: mlx5_0
--------------------------------------------------------------------------
[g120:3449048] 7 more processes have sent help message help-mpi-btl-openib.txt / error in device init
[g120:3449048] Set MCA parameter "orte_base_help_aggregate" to 0 to see all help / error messages
--------------------------------------------------------------------------
WARNING: There was an error initializing an OpenFabrics device.

  Local host:   g120
  Local device: mlx5_0
--------------------------------------------------------------------------
[g120:3449809] 7 more processes have sent help message help-mpi-btl-openib.txt / error in device init
[g120:3449809] Set MCA parameter "orte_base_help_aggregate" to 0 to see all help / error messages
--------------------------------------------------------------------------
WARNING: There was an error initializing an OpenFabrics device.

  Local host:   g120
  Local device: mlx5_0
--------------------------------------------------------------------------
[g120:3449869] 7 more processes have sent help message help-mpi-btl-openib.txt / error in device init
[g120:3449869] Set MCA parameter "orte_base_help_aggregate" to 0 to see all help / error messages
--------------------------------------------------------------------------
WARNING: There was an error initializing an OpenFabrics device.

  Local host:   g120
  Local device: mlx5_0
--------------------------------------------------------------------------
[g120:3449929] 7 more processes have sent help message help-mpi-btl-openib.txt / error in device init
[g120:3449929] Set MCA parameter "orte_base_help_aggregate" to 0 to see all help / error messages
--------------------------------------------------------------------------
WARNING: There was an error initializing an OpenFabrics device.

  Local host:   g120
  Local device: mlx5_0
--------------------------------------------------------------------------
[g120:3452289] 7 more processes have sent help message help-mpi-btl-openib.txt / error in device init
[g120:3452289] Set MCA parameter "orte_base_help_aggregate" to 0 to see all help / error messages
--------------------------------------------------------------------------
WARNING: There was an error initializing an OpenFabrics device.

  Local host:   g120
  Local device: mlx5_0
--------------------------------------------------------------------------
[g120:3453191] 7 more processes have sent help message help-mpi-btl-openib.txt / error in device init
[g120:3453191] Set MCA parameter "orte_base_help_aggregate" to 0 to see all help / error messages
--------------------------------------------------------------------------
WARNING: There was an error initializing an OpenFabrics device.

  Local host:   g120
  Local device: mlx5_0
--------------------------------------------------------------------------
[g120:3453253] 7 more processes have sent help message help-mpi-btl-openib.txt / error in device init
[g120:3453253] Set MCA parameter "orte_base_help_aggregate" to 0 to see all help / error messages
--------------------------------------------------------------------------
WARNING: There was an error initializing an OpenFabrics device.

  Local host:   g120
  Local device: mlx5_0
--------------------------------------------------------------------------
[g120:3453319] 7 more processes have sent help message help-mpi-btl-openib.txt / error in device init
[g120:3453319] Set MCA parameter "orte_base_help_aggregate" to 0 to see all help / error messages
--------------------------------------------------------------------------
WARNING: There was an error initializing an OpenFabrics device.

  Local host:   g120
  Local device: mlx5_0
--------------------------------------------------------------------------
[g120:3456517] 7 more processes have sent help message help-mpi-btl-openib.txt / error in device init
[g120:3456517] Set MCA parameter "orte_base_help_aggregate" to 0 to see all help / error messages
--------------------------------------------------------------------------
WARNING: There was an error initializing an OpenFabrics device.

  Local host:   g120
  Local device: mlx5_0
--------------------------------------------------------------------------
[g120:3457307] 7 more processes have sent help message help-mpi-btl-openib.txt / error in device init
[g120:3457307] Set MCA parameter "orte_base_help_aggregate" to 0 to see all help / error messages
--------------------------------------------------------------------------
WARNING: There was an error initializing an OpenFabrics device.

  Local host:   g120
  Local device: mlx5_0
--------------------------------------------------------------------------
[g120:3457373] 7 more processes have sent help message help-mpi-btl-openib.txt / error in device init
[g120:3457373] Set MCA parameter "orte_base_help_aggregate" to 0 to see all help / error messages
--------------------------------------------------------------------------
WARNING: There was an error initializing an OpenFabrics device.

  Local host:   g120
  Local device: mlx5_0
--------------------------------------------------------------------------
[g120:3457444] 7 more processes have sent help message help-mpi-btl-openib.txt / error in device init
[g120:3457444] Set MCA parameter "orte_base_help_aggregate" to 0 to see all help / error messages
--------------------------------------------------------------------------
WARNING: There was an error initializing an OpenFabrics device.

  Local host:   g120
  Local device: mlx5_0
--------------------------------------------------------------------------
[g120:3459734] 7 more processes have sent help message help-mpi-btl-openib.txt / error in device init
[g120:3459734] Set MCA parameter "orte_base_help_aggregate" to 0 to see all help / error messages
--------------------------------------------------------------------------
WARNING: There was an error initializing an OpenFabrics device.

  Local host:   g120
  Local device: mlx5_0
--------------------------------------------------------------------------
[g120:3460500] 7 more processes have sent help message help-mpi-btl-openib.txt / error in device init
[g120:3460500] Set MCA parameter "orte_base_help_aggregate" to 0 to see all help / error messages
--------------------------------------------------------------------------
WARNING: There was an error initializing an OpenFabrics device.

  Local host:   g120
  Local device: mlx5_0
--------------------------------------------------------------------------
[g120:3460565] 7 more processes have sent help message help-mpi-btl-openib.txt / error in device init
[g120:3460565] Set MCA parameter "orte_base_help_aggregate" to 0 to see all help / error messages
--------------------------------------------------------------------------
WARNING: There was an error initializing an OpenFabrics device.

  Local host:   g120
  Local device: mlx5_0
--------------------------------------------------------------------------
[g120:3460629] 7 more processes have sent help message help-mpi-btl-openib.txt / error in device init
[g120:3460629] Set MCA parameter "orte_base_help_aggregate" to 0 to see all help / error messages
--------------------------------------------------------------------------
WARNING: There was an error initializing an OpenFabrics device.

  Local host:   g120
  Local device: mlx5_0
--------------------------------------------------------------------------
[g120:3462974] 7 more processes have sent help message help-mpi-btl-openib.txt / error in device init
[g120:3462974] Set MCA parameter "orte_base_help_aggregate" to 0 to see all help / error messages
--------------------------------------------------------------------------
WARNING: There was an error initializing an OpenFabrics device.

  Local host:   g120
  Local device: mlx5_0
--------------------------------------------------------------------------
[g120:3463779] 7 more processes have sent help message help-mpi-btl-openib.txt / error in device init
[g120:3463779] Set MCA parameter "orte_base_help_aggregate" to 0 to see all help / error messages
--------------------------------------------------------------------------
WARNING: There was an error initializing an OpenFabrics device.

  Local host:   g120
  Local device: mlx5_0
--------------------------------------------------------------------------
[g120:3463842] 7 more processes have sent help message help-mpi-btl-openib.txt / error in device init
[g120:3463842] Set MCA parameter "orte_base_help_aggregate" to 0 to see all help / error messages
--------------------------------------------------------------------------
WARNING: There was an error initializing an OpenFabrics device.

  Local host:   g120
  Local device: mlx5_0
--------------------------------------------------------------------------
[g120:3463910] 7 more processes have sent help message help-mpi-btl-openib.txt / error in device init
[g120:3463910] Set MCA parameter "orte_base_help_aggregate" to 0 to see all help / error messages
--------------------------------------------------------------------------
WARNING: There was an error initializing an OpenFabrics device.

  Local host:   g120
  Local device: mlx5_0
--------------------------------------------------------------------------
[g120:3466092] 7 more processes have sent help message help-mpi-btl-openib.txt / error in device init
[g120:3466092] Set MCA parameter "orte_base_help_aggregate" to 0 to see all help / error messages
--------------------------------------------------------------------------
WARNING: There was an error initializing an OpenFabrics device.

  Local host:   g120
  Local device: mlx5_0
--------------------------------------------------------------------------
[g120:3466829] 7 more processes have sent help message help-mpi-btl-openib.txt / error in device init
[g120:3466829] Set MCA parameter "orte_base_help_aggregate" to 0 to see all help / error messages
--------------------------------------------------------------------------
WARNING: There was an error initializing an OpenFabrics device.

  Local host:   g120
  Local device: mlx5_0
--------------------------------------------------------------------------
[g120:3466895] 7 more processes have sent help message help-mpi-btl-openib.txt / error in device init
[g120:3466895] Set MCA parameter "orte_base_help_aggregate" to 0 to see all help / error messages
--------------------------------------------------------------------------
WARNING: There was an error initializing an OpenFabrics device.

  Local host:   g120
  Local device: mlx5_0
--------------------------------------------------------------------------
[g120:3466959] 7 more processes have sent help message help-mpi-btl-openib.txt / error in device init
[g120:3466959] Set MCA parameter "orte_base_help_aggregate" to 0 to see all help / error messages
--------------------------------------------------------------------------
WARNING: There was an error initializing an OpenFabrics device.

  Local host:   g120
  Local device: mlx5_0
--------------------------------------------------------------------------
[g120:3469063] 7 more processes have sent help message help-mpi-btl-openib.txt / error in device init
[g120:3469063] Set MCA parameter "orte_base_help_aggregate" to 0 to see all help / error messages
--------------------------------------------------------------------------
WARNING: There was an error initializing an OpenFabrics device.

  Local host:   g120
  Local device: mlx5_0
--------------------------------------------------------------------------
[g120:3469736] 7 more processes have sent help message help-mpi-btl-openib.txt / error in device init
[g120:3469736] Set MCA parameter "orte_base_help_aggregate" to 0 to see all help / error messages
--------------------------------------------------------------------------
WARNING: There was an error initializing an OpenFabrics device.

  Local host:   g120
  Local device: mlx5_0
--------------------------------------------------------------------------
[g120:3469796] 7 more processes have sent help message help-mpi-btl-openib.txt / error in device init
[g120:3469796] Set MCA parameter "orte_base_help_aggregate" to 0 to see all help / error messages
--------------------------------------------------------------------------
WARNING: There was an error initializing an OpenFabrics device.

  Local host:   g120
  Local device: mlx5_0
--------------------------------------------------------------------------
[g120:3469856] 7 more processes have sent help message help-mpi-btl-openib.txt / error in device init
[g120:3469856] Set MCA parameter "orte_base_help_aggregate" to 0 to see all help / error messages
--------------------------------------------------------------------------
WARNING: There was an error initializing an OpenFabrics device.

  Local host:   g120
  Local device: mlx5_0
--------------------------------------------------------------------------
[g120:3472273] 7 more processes have sent help message help-mpi-btl-openib.txt / error in device init
[g120:3472273] Set MCA parameter "orte_base_help_aggregate" to 0 to see all help / error messages
--------------------------------------------------------------------------
WARNING: There was an error initializing an OpenFabrics device.

  Local host:   g120
  Local device: mlx5_0
--------------------------------------------------------------------------
[g120:3472999] 7 more processes have sent help message help-mpi-btl-openib.txt / error in device init
[g120:3472999] Set MCA parameter "orte_base_help_aggregate" to 0 to see all help / error messages
--------------------------------------------------------------------------
WARNING: There was an error initializing an OpenFabrics device.

  Local host:   g120
  Local device: mlx5_0
--------------------------------------------------------------------------
[g120:3473062] 7 more processes have sent help message help-mpi-btl-openib.txt / error in device init
[g120:3473062] Set MCA parameter "orte_base_help_aggregate" to 0 to see all help / error messages
--------------------------------------------------------------------------
WARNING: There was an error initializing an OpenFabrics device.

  Local host:   g120
  Local device: mlx5_0
--------------------------------------------------------------------------
[g120:3473126] 7 more processes have sent help message help-mpi-btl-openib.txt / error in device init
[g120:3473126] Set MCA parameter "orte_base_help_aggregate" to 0 to see all help / error messages
--------------------------------------------------------------------------
WARNING: There was an error initializing an OpenFabrics device.

  Local host:   g120
  Local device: mlx5_0
--------------------------------------------------------------------------
[g120:3475150] 7 more processes have sent help message help-mpi-btl-openib.txt / error in device init
[g120:3475150] Set MCA parameter "orte_base_help_aggregate" to 0 to see all help / error messages
--------------------------------------------------------------------------
WARNING: There was an error initializing an OpenFabrics device.

  Local host:   g120
  Local device: mlx5_0
--------------------------------------------------------------------------
[g120:3475874] 7 more processes have sent help message help-mpi-btl-openib.txt / error in device init
[g120:3475874] Set MCA parameter "orte_base_help_aggregate" to 0 to see all help / error messages
--------------------------------------------------------------------------
WARNING: There was an error initializing an OpenFabrics device.

  Local host:   g120
  Local device: mlx5_0
--------------------------------------------------------------------------
[g120:3475940] 7 more processes have sent help message help-mpi-btl-openib.txt / error in device init
[g120:3475940] Set MCA parameter "orte_base_help_aggregate" to 0 to see all help / error messages
--------------------------------------------------------------------------
WARNING: There was an error initializing an OpenFabrics device.

  Local host:   g120
  Local device: mlx5_0
--------------------------------------------------------------------------
[g120:3477396] 7 more processes have sent help message help-mpi-btl-openib.txt / error in device init
[g120:3477396] Set MCA parameter "orte_base_help_aggregate" to 0 to see all help / error messages
