----------------------------------------------- 
  Element       SASA      Sigma Z        Total  
     Z         Ang**2 cal/Ang**2/mol   kcal/mol 
----------------------------------------------- 
      H         78.324       0.000       0.000
      C         66.648     120.512       8.032
      O         49.454      27.995       1.384
      S         26.360     -47.496      -1.252

 Subtotal:     220.787                   8.164
 -----------------------------------------------

  Elements    COT*SASA   Sigma Z,Z'     Total   
    Z,Z'       Ang**2  cal/Ang**2/mol kcal/mol  
 ---------------------------------------------- 
  H   C         52.873     -52.078      -2.754
  H   O          0.000     -27.765      -0.000
  C   C         75.260     -88.849      -6.687
  O   C         28.599      15.915       0.455
  O   O          0.000     -70.488      -0.000

 Subtotal:                              -8.985
 ---------------------------------------------- 

 NONAQUEOUS SOLVENT CONTRIBUTION (kcal/mol):
 (proportional to SASA, atomic number independent)
 ---------------------------------------------- 
 Subtotal:                               4.284
 ---------------------------------------------- 

 CDS TOTAL (kcal/mol):                   3.463
...............................................................................
