--------------------------------------------------------------------------
WARNING: There was an error initializing an OpenFabrics device.

  Local host:   g066
  Local device: mlx5_0
--------------------------------------------------------------------------
[g066:4103245] 7 more processes have sent help message help-mpi-btl-openib.txt / error in device init
[g066:4103245] Set MCA parameter "orte_base_help_aggregate" to 0 to see all help / error messages
--------------------------------------------------------------------------
WARNING: There was an error initializing an OpenFabrics device.

  Local host:   g066
  Local device: mlx5_0
--------------------------------------------------------------------------
[g066:4105506] 7 more processes have sent help message help-mpi-btl-openib.txt / error in device init
[g066:4105506] Set MCA parameter "orte_base_help_aggregate" to 0 to see all help / error messages
--------------------------------------------------------------------------
WARNING: There was an error initializing an OpenFabrics device.

  Local host:   g066
  Local device: mlx5_0
--------------------------------------------------------------------------
[g066:4138738] 7 more processes have sent help message help-mpi-btl-openib.txt / error in device init
[g066:4138738] Set MCA parameter "orte_base_help_aggregate" to 0 to see all help / error messages
--------------------------------------------------------------------------
WARNING: There was an error initializing an OpenFabrics device.

  Local host:   g066
  Local device: mlx5_0
--------------------------------------------------------------------------
[g066:4139097] 7 more processes have sent help message help-mpi-btl-openib.txt / error in device init
[g066:4139097] Set MCA parameter "orte_base_help_aggregate" to 0 to see all help / error messages
--------------------------------------------------------------------------
WARNING: There was an error initializing an OpenFabrics device.

  Local host:   g066
  Local device: mlx5_0
--------------------------------------------------------------------------
[g066:4139215] 7 more processes have sent help message help-mpi-btl-openib.txt / error in device init
[g066:4139215] Set MCA parameter "orte_base_help_aggregate" to 0 to see all help / error messages
--------------------------------------------------------------------------
WARNING: There was an error initializing an OpenFabrics device.

  Local host:   g066
  Local device: mlx5_0
--------------------------------------------------------------------------
[g066:4139345] 7 more processes have sent help message help-mpi-btl-openib.txt / error in device init
[g066:4139345] Set MCA parameter "orte_base_help_aggregate" to 0 to see all help / error messages
--------------------------------------------------------------------------
WARNING: There was an error initializing an OpenFabrics device.

  Local host:   g066
  Local device: mlx5_0
--------------------------------------------------------------------------
[g066:4147880] 7 more processes have sent help message help-mpi-btl-openib.txt / error in device init
[g066:4147880] Set MCA parameter "orte_base_help_aggregate" to 0 to see all help / error messages
--------------------------------------------------------------------------
WARNING: There was an error initializing an OpenFabrics device.

  Local host:   g066
  Local device: mlx5_0
--------------------------------------------------------------------------
[g066:4148032] 7 more processes have sent help message help-mpi-btl-openib.txt / error in device init
[g066:4148032] Set MCA parameter "orte_base_help_aggregate" to 0 to see all help / error messages
--------------------------------------------------------------------------
WARNING: There was an error initializing an OpenFabrics device.

  Local host:   g066
  Local device: mlx5_0
--------------------------------------------------------------------------
[g066:4148978] 7 more processes have sent help message help-mpi-btl-openib.txt / error in device init
[g066:4148978] Set MCA parameter "orte_base_help_aggregate" to 0 to see all help / error messages
--------------------------------------------------------------------------
WARNING: There was an error initializing an OpenFabrics device.

  Local host:   g066
  Local device: mlx5_0
--------------------------------------------------------------------------
[g066:4149105] 7 more processes have sent help message help-mpi-btl-openib.txt / error in device init
[g066:4149105] Set MCA parameter "orte_base_help_aggregate" to 0 to see all help / error messages
--------------------------------------------------------------------------
WARNING: There was an error initializing an OpenFabrics device.

  Local host:   g066
  Local device: mlx5_0
--------------------------------------------------------------------------
[g066:4152927] 7 more processes have sent help message help-mpi-btl-openib.txt / error in device init
[g066:4152927] Set MCA parameter "orte_base_help_aggregate" to 0 to see all help / error messages
--------------------------------------------------------------------------
WARNING: There was an error initializing an OpenFabrics device.

  Local host:   g066
  Local device: mlx5_0
--------------------------------------------------------------------------
[g066:4153063] 7 more processes have sent help message help-mpi-btl-openib.txt / error in device init
[g066:4153063] Set MCA parameter "orte_base_help_aggregate" to 0 to see all help / error messages
--------------------------------------------------------------------------
WARNING: There was an error initializing an OpenFabrics device.

  Local host:   g066
  Local device: mlx5_0
--------------------------------------------------------------------------
[g066:4153187] 7 more processes have sent help message help-mpi-btl-openib.txt / error in device init
[g066:4153187] Set MCA parameter "orte_base_help_aggregate" to 0 to see all help / error messages
--------------------------------------------------------------------------
WARNING: There was an error initializing an OpenFabrics device.

  Local host:   g066
  Local device: mlx5_0
--------------------------------------------------------------------------
[g066:4153316] 7 more processes have sent help message help-mpi-btl-openib.txt / error in device init
[g066:4153316] Set MCA parameter "orte_base_help_aggregate" to 0 to see all help / error messages
--------------------------------------------------------------------------
WARNING: There was an error initializing an OpenFabrics device.

  Local host:   g066
  Local device: mlx5_0
--------------------------------------------------------------------------
[g066:4156915] 7 more processes have sent help message help-mpi-btl-openib.txt / error in device init
[g066:4156915] Set MCA parameter "orte_base_help_aggregate" to 0 to see all help / error messages
--------------------------------------------------------------------------
WARNING: There was an error initializing an OpenFabrics device.

  Local host:   g066
  Local device: mlx5_0
--------------------------------------------------------------------------
[g066:4157793] 7 more processes have sent help message help-mpi-btl-openib.txt / error in device init
[g066:4157793] Set MCA parameter "orte_base_help_aggregate" to 0 to see all help / error messages
--------------------------------------------------------------------------
WARNING: There was an error initializing an OpenFabrics device.

  Local host:   g066
  Local device: mlx5_0
--------------------------------------------------------------------------
[g066:4157915] 7 more processes have sent help message help-mpi-btl-openib.txt / error in device init
[g066:4157915] Set MCA parameter "orte_base_help_aggregate" to 0 to see all help / error messages
--------------------------------------------------------------------------
WARNING: There was an error initializing an OpenFabrics device.

  Local host:   g066
  Local device: mlx5_0
--------------------------------------------------------------------------
[g066:4158038] 7 more processes have sent help message help-mpi-btl-openib.txt / error in device init
[g066:4158038] Set MCA parameter "orte_base_help_aggregate" to 0 to see all help / error messages
--------------------------------------------------------------------------
WARNING: There was an error initializing an OpenFabrics device.

  Local host:   g066
  Local device: mlx5_0
--------------------------------------------------------------------------
[g066:4161915] 7 more processes have sent help message help-mpi-btl-openib.txt / error in device init
[g066:4161915] Set MCA parameter "orte_base_help_aggregate" to 0 to see all help / error messages
--------------------------------------------------------------------------
WARNING: There was an error initializing an OpenFabrics device.

  Local host:   g066
  Local device: mlx5_0
--------------------------------------------------------------------------
[g066:4162237] 7 more processes have sent help message help-mpi-btl-openib.txt / error in device init
[g066:4162237] Set MCA parameter "orte_base_help_aggregate" to 0 to see all help / error messages
--------------------------------------------------------------------------
WARNING: There was an error initializing an OpenFabrics device.

  Local host:   g066
  Local device: mlx5_0
--------------------------------------------------------------------------
[g066:4162363] 7 more processes have sent help message help-mpi-btl-openib.txt / error in device init
[g066:4162363] Set MCA parameter "orte_base_help_aggregate" to 0 to see all help / error messages
--------------------------------------------------------------------------
WARNING: There was an error initializing an OpenFabrics device.

  Local host:   g066
  Local device: mlx5_0
--------------------------------------------------------------------------
[g066:4162485] 7 more processes have sent help message help-mpi-btl-openib.txt / error in device init
[g066:4162485] Set MCA parameter "orte_base_help_aggregate" to 0 to see all help / error messages
--------------------------------------------------------------------------
WARNING: There was an error initializing an OpenFabrics device.

  Local host:   g066
  Local device: mlx5_0
--------------------------------------------------------------------------
[g066:4166089] 7 more processes have sent help message help-mpi-btl-openib.txt / error in device init
[g066:4166089] Set MCA parameter "orte_base_help_aggregate" to 0 to see all help / error messages
--------------------------------------------------------------------------
WARNING: There was an error initializing an OpenFabrics device.

  Local host:   g066
  Local device: mlx5_0
--------------------------------------------------------------------------
[g066:4167044] 7 more processes have sent help message help-mpi-btl-openib.txt / error in device init
[g066:4167044] Set MCA parameter "orte_base_help_aggregate" to 0 to see all help / error messages
--------------------------------------------------------------------------
WARNING: There was an error initializing an OpenFabrics device.

  Local host:   g066
  Local device: mlx5_0
--------------------------------------------------------------------------
[g066:4167167] 7 more processes have sent help message help-mpi-btl-openib.txt / error in device init
[g066:4167167] Set MCA parameter "orte_base_help_aggregate" to 0 to see all help / error messages
--------------------------------------------------------------------------
WARNING: There was an error initializing an OpenFabrics device.

  Local host:   g066
  Local device: mlx5_0
--------------------------------------------------------------------------
[g066:4167299] 7 more processes have sent help message help-mpi-btl-openib.txt / error in device init
[g066:4167299] Set MCA parameter "orte_base_help_aggregate" to 0 to see all help / error messages
--------------------------------------------------------------------------
WARNING: There was an error initializing an OpenFabrics device.

  Local host:   g066
  Local device: mlx5_0
--------------------------------------------------------------------------
[g066:4171295] 7 more processes have sent help message help-mpi-btl-openib.txt / error in device init
[g066:4171295] Set MCA parameter "orte_base_help_aggregate" to 0 to see all help / error messages
--------------------------------------------------------------------------
WARNING: There was an error initializing an OpenFabrics device.

  Local host:   g066
  Local device: mlx5_0
--------------------------------------------------------------------------
[g066:4171572] 7 more processes have sent help message help-mpi-btl-openib.txt / error in device init
[g066:4171572] Set MCA parameter "orte_base_help_aggregate" to 0 to see all help / error messages
--------------------------------------------------------------------------
WARNING: There was an error initializing an OpenFabrics device.

  Local host:   g066
  Local device: mlx5_0
--------------------------------------------------------------------------
[g066:4171694] 7 more processes have sent help message help-mpi-btl-openib.txt / error in device init
[g066:4171694] Set MCA parameter "orte_base_help_aggregate" to 0 to see all help / error messages
--------------------------------------------------------------------------
WARNING: There was an error initializing an OpenFabrics device.

  Local host:   g066
  Local device: mlx5_0
--------------------------------------------------------------------------
[g066:4171825] 7 more processes have sent help message help-mpi-btl-openib.txt / error in device init
[g066:4171825] Set MCA parameter "orte_base_help_aggregate" to 0 to see all help / error messages
--------------------------------------------------------------------------
WARNING: There was an error initializing an OpenFabrics device.

  Local host:   g066
  Local device: mlx5_0
--------------------------------------------------------------------------
[g066:4176208] 7 more processes have sent help message help-mpi-btl-openib.txt / error in device init
[g066:4176208] Set MCA parameter "orte_base_help_aggregate" to 0 to see all help / error messages
--------------------------------------------------------------------------
WARNING: There was an error initializing an OpenFabrics device.

  Local host:   g066
  Local device: mlx5_0
--------------------------------------------------------------------------
[g066:4177353] 7 more processes have sent help message help-mpi-btl-openib.txt / error in device init
[g066:4177353] Set MCA parameter "orte_base_help_aggregate" to 0 to see all help / error messages
--------------------------------------------------------------------------
WARNING: There was an error initializing an OpenFabrics device.

  Local host:   g066
  Local device: mlx5_0
--------------------------------------------------------------------------
[g066:4177480] 7 more processes have sent help message help-mpi-btl-openib.txt / error in device init
[g066:4177480] Set MCA parameter "orte_base_help_aggregate" to 0 to see all help / error messages
--------------------------------------------------------------------------
WARNING: There was an error initializing an OpenFabrics device.

  Local host:   g066
  Local device: mlx5_0
--------------------------------------------------------------------------
[g066:4177610] 7 more processes have sent help message help-mpi-btl-openib.txt / error in device init
[g066:4177610] Set MCA parameter "orte_base_help_aggregate" to 0 to see all help / error messages
--------------------------------------------------------------------------
WARNING: There was an error initializing an OpenFabrics device.

  Local host:   g066
  Local device: mlx5_0
--------------------------------------------------------------------------
[g066:4180015] 7 more processes have sent help message help-mpi-btl-openib.txt / error in device init
[g066:4180015] Set MCA parameter "orte_base_help_aggregate" to 0 to see all help / error messages
--------------------------------------------------------------------------
WARNING: There was an error initializing an OpenFabrics device.

  Local host:   g066
  Local device: mlx5_0
--------------------------------------------------------------------------
[g066:4180159] 7 more processes have sent help message help-mpi-btl-openib.txt / error in device init
[g066:4180159] Set MCA parameter "orte_base_help_aggregate" to 0 to see all help / error messages
--------------------------------------------------------------------------
WARNING: There was an error initializing an OpenFabrics device.

  Local host:   g066
  Local device: mlx5_0
--------------------------------------------------------------------------
[g066:4180280] 7 more processes have sent help message help-mpi-btl-openib.txt / error in device init
[g066:4180280] Set MCA parameter "orte_base_help_aggregate" to 0 to see all help / error messages
--------------------------------------------------------------------------
WARNING: There was an error initializing an OpenFabrics device.

  Local host:   g066
  Local device: mlx5_0
--------------------------------------------------------------------------
[g066:4180409] 7 more processes have sent help message help-mpi-btl-openib.txt / error in device init
[g066:4180409] Set MCA parameter "orte_base_help_aggregate" to 0 to see all help / error messages
--------------------------------------------------------------------------
WARNING: There was an error initializing an OpenFabrics device.

  Local host:   g066
  Local device: mlx5_0
--------------------------------------------------------------------------
[g066:4184557] 7 more processes have sent help message help-mpi-btl-openib.txt / error in device init
[g066:4184557] Set MCA parameter "orte_base_help_aggregate" to 0 to see all help / error messages
--------------------------------------------------------------------------
WARNING: There was an error initializing an OpenFabrics device.

  Local host:   g066
  Local device: mlx5_0
--------------------------------------------------------------------------
[g066:4184700] 7 more processes have sent help message help-mpi-btl-openib.txt / error in device init
[g066:4184700] Set MCA parameter "orte_base_help_aggregate" to 0 to see all help / error messages
--------------------------------------------------------------------------
WARNING: There was an error initializing an OpenFabrics device.

  Local host:   g066
  Local device: mlx5_0
--------------------------------------------------------------------------
[g066:4184825] 7 more processes have sent help message help-mpi-btl-openib.txt / error in device init
[g066:4184825] Set MCA parameter "orte_base_help_aggregate" to 0 to see all help / error messages
--------------------------------------------------------------------------
WARNING: There was an error initializing an OpenFabrics device.

  Local host:   g066
  Local device: mlx5_0
--------------------------------------------------------------------------
[g066:4184949] 7 more processes have sent help message help-mpi-btl-openib.txt / error in device init
[g066:4184949] Set MCA parameter "orte_base_help_aggregate" to 0 to see all help / error messages
--------------------------------------------------------------------------
WARNING: There was an error initializing an OpenFabrics device.

  Local host:   g066
  Local device: mlx5_0
--------------------------------------------------------------------------
[g066:4186158] 7 more processes have sent help message help-mpi-btl-openib.txt / error in device init
[g066:4186158] Set MCA parameter "orte_base_help_aggregate" to 0 to see all help / error messages
--------------------------------------------------------------------------
WARNING: There was an error initializing an OpenFabrics device.

  Local host:   g066
  Local device: mlx5_0
--------------------------------------------------------------------------
[g066:4187327] 7 more processes have sent help message help-mpi-btl-openib.txt / error in device init
[g066:4187327] Set MCA parameter "orte_base_help_aggregate" to 0 to see all help / error messages
--------------------------------------------------------------------------
WARNING: There was an error initializing an OpenFabrics device.

  Local host:   g066
  Local device: mlx5_0
--------------------------------------------------------------------------
[g066:4187710] 7 more processes have sent help message help-mpi-btl-openib.txt / error in device init
[g066:4187710] Set MCA parameter "orte_base_help_aggregate" to 0 to see all help / error messages
--------------------------------------------------------------------------
WARNING: There was an error initializing an OpenFabrics device.

  Local host:   g066
  Local device: mlx5_0
--------------------------------------------------------------------------
[g066:4188868] 7 more processes have sent help message help-mpi-btl-openib.txt / error in device init
[g066:4188868] Set MCA parameter "orte_base_help_aggregate" to 0 to see all help / error messages
