--------------------------------------------------------------------------
WARNING: There was an error initializing an OpenFabrics device.

  Local host:   g067
  Local device: mlx5_0
--------------------------------------------------------------------------
[g067:1500164] 7 more processes have sent help message help-mpi-btl-openib.txt / error in device init
[g067:1500164] Set MCA parameter "orte_base_help_aggregate" to 0 to see all help / error messages
--------------------------------------------------------------------------
WARNING: There was an error initializing an OpenFabrics device.

  Local host:   g067
  Local device: mlx5_0
--------------------------------------------------------------------------
[g067:1500281] 7 more processes have sent help message help-mpi-btl-openib.txt / error in device init
[g067:1500281] Set MCA parameter "orte_base_help_aggregate" to 0 to see all help / error messages
--------------------------------------------------------------------------
WARNING: There was an error initializing an OpenFabrics device.

  Local host:   g067
  Local device: mlx5_0
--------------------------------------------------------------------------
[g067:1500465] 7 more processes have sent help message help-mpi-btl-openib.txt / error in device init
[g067:1500465] Set MCA parameter "orte_base_help_aggregate" to 0 to see all help / error messages
--------------------------------------------------------------------------
WARNING: There was an error initializing an OpenFabrics device.

  Local host:   g067
  Local device: mlx5_0
--------------------------------------------------------------------------
[g067:1501332] 7 more processes have sent help message help-mpi-btl-openib.txt / error in device init
[g067:1501332] Set MCA parameter "orte_base_help_aggregate" to 0 to see all help / error messages
--------------------------------------------------------------------------
WARNING: There was an error initializing an OpenFabrics device.

  Local host:   g067
  Local device: mlx5_0
--------------------------------------------------------------------------
[g067:1501445] 7 more processes have sent help message help-mpi-btl-openib.txt / error in device init
[g067:1501445] Set MCA parameter "orte_base_help_aggregate" to 0 to see all help / error messages
--------------------------------------------------------------------------
WARNING: There was an error initializing an OpenFabrics device.

  Local host:   g067
  Local device: mlx5_0
--------------------------------------------------------------------------
[g067:1501558] 7 more processes have sent help message help-mpi-btl-openib.txt / error in device init
[g067:1501558] Set MCA parameter "orte_base_help_aggregate" to 0 to see all help / error messages
--------------------------------------------------------------------------
WARNING: There was an error initializing an OpenFabrics device.

  Local host:   g067
  Local device: mlx5_0
--------------------------------------------------------------------------
[g067:1503490] 7 more processes have sent help message help-mpi-btl-openib.txt / error in device init
[g067:1503490] Set MCA parameter "orte_base_help_aggregate" to 0 to see all help / error messages
--------------------------------------------------------------------------
WARNING: There was an error initializing an OpenFabrics device.

  Local host:   g067
  Local device: mlx5_0
--------------------------------------------------------------------------
[g067:1503621] 7 more processes have sent help message help-mpi-btl-openib.txt / error in device init
[g067:1503621] Set MCA parameter "orte_base_help_aggregate" to 0 to see all help / error messages
--------------------------------------------------------------------------
WARNING: There was an error initializing an OpenFabrics device.

  Local host:   g067
  Local device: mlx5_0
--------------------------------------------------------------------------
[g067:1503732] 7 more processes have sent help message help-mpi-btl-openib.txt / error in device init
[g067:1503732] Set MCA parameter "orte_base_help_aggregate" to 0 to see all help / error messages
--------------------------------------------------------------------------
WARNING: There was an error initializing an OpenFabrics device.

  Local host:   g067
  Local device: mlx5_0
--------------------------------------------------------------------------
[g067:1503846] 7 more processes have sent help message help-mpi-btl-openib.txt / error in device init
[g067:1503846] Set MCA parameter "orte_base_help_aggregate" to 0 to see all help / error messages
--------------------------------------------------------------------------
WARNING: There was an error initializing an OpenFabrics device.

  Local host:   g067
  Local device: mlx5_0
--------------------------------------------------------------------------
[g067:1504980] 7 more processes have sent help message help-mpi-btl-openib.txt / error in device init
[g067:1504980] Set MCA parameter "orte_base_help_aggregate" to 0 to see all help / error messages
--------------------------------------------------------------------------
WARNING: There was an error initializing an OpenFabrics device.

  Local host:   g067
  Local device: mlx5_0
--------------------------------------------------------------------------
[g067:1505102] 7 more processes have sent help message help-mpi-btl-openib.txt / error in device init
[g067:1505102] Set MCA parameter "orte_base_help_aggregate" to 0 to see all help / error messages
--------------------------------------------------------------------------
WARNING: There was an error initializing an OpenFabrics device.

  Local host:   g067
  Local device: mlx5_0
--------------------------------------------------------------------------
[g067:1505210] 7 more processes have sent help message help-mpi-btl-openib.txt / error in device init
[g067:1505210] Set MCA parameter "orte_base_help_aggregate" to 0 to see all help / error messages
--------------------------------------------------------------------------
WARNING: There was an error initializing an OpenFabrics device.

  Local host:   g067
  Local device: mlx5_0
--------------------------------------------------------------------------
[g067:1505322] 7 more processes have sent help message help-mpi-btl-openib.txt / error in device init
[g067:1505322] Set MCA parameter "orte_base_help_aggregate" to 0 to see all help / error messages
--------------------------------------------------------------------------
WARNING: There was an error initializing an OpenFabrics device.

  Local host:   g067
  Local device: mlx5_0
--------------------------------------------------------------------------
[g067:1506625] 7 more processes have sent help message help-mpi-btl-openib.txt / error in device init
[g067:1506625] Set MCA parameter "orte_base_help_aggregate" to 0 to see all help / error messages
--------------------------------------------------------------------------
WARNING: There was an error initializing an OpenFabrics device.

  Local host:   g067
  Local device: mlx5_0
--------------------------------------------------------------------------
[g067:1506864] 7 more processes have sent help message help-mpi-btl-openib.txt / error in device init
[g067:1506864] Set MCA parameter "orte_base_help_aggregate" to 0 to see all help / error messages
--------------------------------------------------------------------------
WARNING: There was an error initializing an OpenFabrics device.

  Local host:   g067
  Local device: mlx5_0
--------------------------------------------------------------------------
[g067:1506975] 7 more processes have sent help message help-mpi-btl-openib.txt / error in device init
[g067:1506975] Set MCA parameter "orte_base_help_aggregate" to 0 to see all help / error messages
--------------------------------------------------------------------------
WARNING: There was an error initializing an OpenFabrics device.

  Local host:   g067
  Local device: mlx5_0
--------------------------------------------------------------------------
[g067:1507089] 7 more processes have sent help message help-mpi-btl-openib.txt / error in device init
[g067:1507089] Set MCA parameter "orte_base_help_aggregate" to 0 to see all help / error messages
--------------------------------------------------------------------------
WARNING: There was an error initializing an OpenFabrics device.

  Local host:   g067
  Local device: mlx5_0
--------------------------------------------------------------------------
[g067:1508692] 7 more processes have sent help message help-mpi-btl-openib.txt / error in device init
[g067:1508692] Set MCA parameter "orte_base_help_aggregate" to 0 to see all help / error messages
--------------------------------------------------------------------------
WARNING: There was an error initializing an OpenFabrics device.

  Local host:   g067
  Local device: mlx5_0
--------------------------------------------------------------------------
[g067:1508826] 7 more processes have sent help message help-mpi-btl-openib.txt / error in device init
[g067:1508826] Set MCA parameter "orte_base_help_aggregate" to 0 to see all help / error messages
--------------------------------------------------------------------------
WARNING: There was an error initializing an OpenFabrics device.

  Local host:   g067
  Local device: mlx5_0
--------------------------------------------------------------------------
[g067:1508941] 7 more processes have sent help message help-mpi-btl-openib.txt / error in device init
[g067:1508941] Set MCA parameter "orte_base_help_aggregate" to 0 to see all help / error messages
--------------------------------------------------------------------------
WARNING: There was an error initializing an OpenFabrics device.

  Local host:   g067
  Local device: mlx5_0
--------------------------------------------------------------------------
[g067:1509529] 7 more processes have sent help message help-mpi-btl-openib.txt / error in device init
[g067:1509529] Set MCA parameter "orte_base_help_aggregate" to 0 to see all help / error messages
--------------------------------------------------------------------------
WARNING: There was an error initializing an OpenFabrics device.

  Local host:   g067
  Local device: mlx5_0
--------------------------------------------------------------------------
[g067:1510530] 7 more processes have sent help message help-mpi-btl-openib.txt / error in device init
[g067:1510530] Set MCA parameter "orte_base_help_aggregate" to 0 to see all help / error messages
--------------------------------------------------------------------------
WARNING: There was an error initializing an OpenFabrics device.

  Local host:   g067
  Local device: mlx5_0
--------------------------------------------------------------------------
[g067:1510659] 7 more processes have sent help message help-mpi-btl-openib.txt / error in device init
[g067:1510659] Set MCA parameter "orte_base_help_aggregate" to 0 to see all help / error messages
--------------------------------------------------------------------------
WARNING: There was an error initializing an OpenFabrics device.

  Local host:   g067
  Local device: mlx5_0
--------------------------------------------------------------------------
[g067:1510783] 7 more processes have sent help message help-mpi-btl-openib.txt / error in device init
[g067:1510783] Set MCA parameter "orte_base_help_aggregate" to 0 to see all help / error messages
--------------------------------------------------------------------------
WARNING: There was an error initializing an OpenFabrics device.

  Local host:   g067
  Local device: mlx5_0
--------------------------------------------------------------------------
[g067:1510899] 7 more processes have sent help message help-mpi-btl-openib.txt / error in device init
[g067:1510899] Set MCA parameter "orte_base_help_aggregate" to 0 to see all help / error messages
--------------------------------------------------------------------------
WARNING: There was an error initializing an OpenFabrics device.

  Local host:   g067
  Local device: mlx5_0
--------------------------------------------------------------------------
[g067:1512158] 7 more processes have sent help message help-mpi-btl-openib.txt / error in device init
[g067:1512158] Set MCA parameter "orte_base_help_aggregate" to 0 to see all help / error messages
--------------------------------------------------------------------------
WARNING: There was an error initializing an OpenFabrics device.

  Local host:   g067
  Local device: mlx5_0
--------------------------------------------------------------------------
[g067:1512281] 7 more processes have sent help message help-mpi-btl-openib.txt / error in device init
[g067:1512281] Set MCA parameter "orte_base_help_aggregate" to 0 to see all help / error messages
--------------------------------------------------------------------------
WARNING: There was an error initializing an OpenFabrics device.

  Local host:   g067
  Local device: mlx5_0
--------------------------------------------------------------------------
[g067:1512399] 7 more processes have sent help message help-mpi-btl-openib.txt / error in device init
[g067:1512399] Set MCA parameter "orte_base_help_aggregate" to 0 to see all help / error messages
--------------------------------------------------------------------------
WARNING: There was an error initializing an OpenFabrics device.

  Local host:   g067
  Local device: mlx5_0
--------------------------------------------------------------------------
[g067:1512518] 7 more processes have sent help message help-mpi-btl-openib.txt / error in device init
[g067:1512518] Set MCA parameter "orte_base_help_aggregate" to 0 to see all help / error messages
--------------------------------------------------------------------------
WARNING: There was an error initializing an OpenFabrics device.

  Local host:   g067
  Local device: mlx5_0
--------------------------------------------------------------------------
[g067:1513987] 7 more processes have sent help message help-mpi-btl-openib.txt / error in device init
[g067:1513987] Set MCA parameter "orte_base_help_aggregate" to 0 to see all help / error messages
--------------------------------------------------------------------------
WARNING: There was an error initializing an OpenFabrics device.

  Local host:   g067
  Local device: mlx5_0
--------------------------------------------------------------------------
[g067:1514343] 7 more processes have sent help message help-mpi-btl-openib.txt / error in device init
[g067:1514343] Set MCA parameter "orte_base_help_aggregate" to 0 to see all help / error messages
--------------------------------------------------------------------------
WARNING: There was an error initializing an OpenFabrics device.

  Local host:   g067
  Local device: mlx5_0
--------------------------------------------------------------------------
[g067:1514574] 7 more processes have sent help message help-mpi-btl-openib.txt / error in device init
[g067:1514574] Set MCA parameter "orte_base_help_aggregate" to 0 to see all help / error messages
--------------------------------------------------------------------------
WARNING: There was an error initializing an OpenFabrics device.

  Local host:   g067
  Local device: mlx5_0
--------------------------------------------------------------------------
[g067:1514696] 7 more processes have sent help message help-mpi-btl-openib.txt / error in device init
[g067:1514696] Set MCA parameter "orte_base_help_aggregate" to 0 to see all help / error messages
--------------------------------------------------------------------------
WARNING: There was an error initializing an OpenFabrics device.

  Local host:   g067
  Local device: mlx5_0
--------------------------------------------------------------------------
[g067:1515381] 7 more processes have sent help message help-mpi-btl-openib.txt / error in device init
[g067:1515381] Set MCA parameter "orte_base_help_aggregate" to 0 to see all help / error messages
--------------------------------------------------------------------------
WARNING: There was an error initializing an OpenFabrics device.

  Local host:   g067
  Local device: mlx5_0
--------------------------------------------------------------------------
[g067:1515507] 7 more processes have sent help message help-mpi-btl-openib.txt / error in device init
[g067:1515507] Set MCA parameter "orte_base_help_aggregate" to 0 to see all help / error messages
--------------------------------------------------------------------------
WARNING: There was an error initializing an OpenFabrics device.

  Local host:   g067
  Local device: mlx5_0
--------------------------------------------------------------------------
[g067:1515624] 7 more processes have sent help message help-mpi-btl-openib.txt / error in device init
[g067:1515624] Set MCA parameter "orte_base_help_aggregate" to 0 to see all help / error messages
--------------------------------------------------------------------------
WARNING: There was an error initializing an OpenFabrics device.

  Local host:   g067
  Local device: mlx5_0
--------------------------------------------------------------------------
[g067:1515733] 7 more processes have sent help message help-mpi-btl-openib.txt / error in device init
[g067:1515733] Set MCA parameter "orte_base_help_aggregate" to 0 to see all help / error messages
--------------------------------------------------------------------------
WARNING: There was an error initializing an OpenFabrics device.

  Local host:   g067
  Local device: mlx5_0
--------------------------------------------------------------------------
[g067:1516664] 7 more processes have sent help message help-mpi-btl-openib.txt / error in device init
[g067:1516664] Set MCA parameter "orte_base_help_aggregate" to 0 to see all help / error messages
--------------------------------------------------------------------------
WARNING: There was an error initializing an OpenFabrics device.

  Local host:   g067
  Local device: mlx5_0
--------------------------------------------------------------------------
[g067:1516799] 7 more processes have sent help message help-mpi-btl-openib.txt / error in device init
[g067:1516799] Set MCA parameter "orte_base_help_aggregate" to 0 to see all help / error messages
--------------------------------------------------------------------------
WARNING: There was an error initializing an OpenFabrics device.

  Local host:   g067
  Local device: mlx5_0
--------------------------------------------------------------------------
[g067:1516918] 7 more processes have sent help message help-mpi-btl-openib.txt / error in device init
[g067:1516918] Set MCA parameter "orte_base_help_aggregate" to 0 to see all help / error messages
--------------------------------------------------------------------------
WARNING: There was an error initializing an OpenFabrics device.

  Local host:   g067
  Local device: mlx5_0
--------------------------------------------------------------------------
[g067:1517042] 7 more processes have sent help message help-mpi-btl-openib.txt / error in device init
[g067:1517042] Set MCA parameter "orte_base_help_aggregate" to 0 to see all help / error messages
--------------------------------------------------------------------------
WARNING: There was an error initializing an OpenFabrics device.

  Local host:   g067
  Local device: mlx5_0
--------------------------------------------------------------------------
[g067:1518103] 7 more processes have sent help message help-mpi-btl-openib.txt / error in device init
[g067:1518103] Set MCA parameter "orte_base_help_aggregate" to 0 to see all help / error messages
--------------------------------------------------------------------------
WARNING: There was an error initializing an OpenFabrics device.

  Local host:   g067
  Local device: mlx5_0
--------------------------------------------------------------------------
[g067:1518817] 7 more processes have sent help message help-mpi-btl-openib.txt / error in device init
[g067:1518817] Set MCA parameter "orte_base_help_aggregate" to 0 to see all help / error messages
--------------------------------------------------------------------------
WARNING: There was an error initializing an OpenFabrics device.

  Local host:   g067
  Local device: mlx5_0
--------------------------------------------------------------------------
[g067:1518930] 7 more processes have sent help message help-mpi-btl-openib.txt / error in device init
[g067:1518930] Set MCA parameter "orte_base_help_aggregate" to 0 to see all help / error messages
--------------------------------------------------------------------------
WARNING: There was an error initializing an OpenFabrics device.

  Local host:   g067
  Local device: mlx5_0
--------------------------------------------------------------------------
[g067:1519044] 7 more processes have sent help message help-mpi-btl-openib.txt / error in device init
[g067:1519044] Set MCA parameter "orte_base_help_aggregate" to 0 to see all help / error messages
--------------------------------------------------------------------------
WARNING: There was an error initializing an OpenFabrics device.

  Local host:   g067
  Local device: mlx5_0
--------------------------------------------------------------------------
[g067:1520566] 7 more processes have sent help message help-mpi-btl-openib.txt / error in device init
[g067:1520566] Set MCA parameter "orte_base_help_aggregate" to 0 to see all help / error messages
--------------------------------------------------------------------------
WARNING: There was an error initializing an OpenFabrics device.

  Local host:   g067
  Local device: mlx5_0
--------------------------------------------------------------------------
[g067:1520697] 7 more processes have sent help message help-mpi-btl-openib.txt / error in device init
[g067:1520697] Set MCA parameter "orte_base_help_aggregate" to 0 to see all help / error messages
--------------------------------------------------------------------------
WARNING: There was an error initializing an OpenFabrics device.

  Local host:   g067
  Local device: mlx5_0
--------------------------------------------------------------------------
[g067:1520814] 7 more processes have sent help message help-mpi-btl-openib.txt / error in device init
[g067:1520814] Set MCA parameter "orte_base_help_aggregate" to 0 to see all help / error messages
--------------------------------------------------------------------------
WARNING: There was an error initializing an OpenFabrics device.

  Local host:   g067
  Local device: mlx5_0
--------------------------------------------------------------------------
[g067:1520929] 7 more processes have sent help message help-mpi-btl-openib.txt / error in device init
[g067:1520929] Set MCA parameter "orte_base_help_aggregate" to 0 to see all help / error messages
--------------------------------------------------------------------------
WARNING: There was an error initializing an OpenFabrics device.

  Local host:   g067
  Local device: mlx5_0
--------------------------------------------------------------------------
[g067:1521888] 7 more processes have sent help message help-mpi-btl-openib.txt / error in device init
[g067:1521888] Set MCA parameter "orte_base_help_aggregate" to 0 to see all help / error messages
--------------------------------------------------------------------------
WARNING: There was an error initializing an OpenFabrics device.

  Local host:   g067
  Local device: mlx5_0
--------------------------------------------------------------------------
[g067:1522019] 7 more processes have sent help message help-mpi-btl-openib.txt / error in device init
[g067:1522019] Set MCA parameter "orte_base_help_aggregate" to 0 to see all help / error messages
--------------------------------------------------------------------------
WARNING: There was an error initializing an OpenFabrics device.

  Local host:   g067
  Local device: mlx5_0
--------------------------------------------------------------------------
[g067:1522136] 7 more processes have sent help message help-mpi-btl-openib.txt / error in device init
[g067:1522136] Set MCA parameter "orte_base_help_aggregate" to 0 to see all help / error messages
--------------------------------------------------------------------------
WARNING: There was an error initializing an OpenFabrics device.

  Local host:   g067
  Local device: mlx5_0
--------------------------------------------------------------------------
[g067:1522249] 7 more processes have sent help message help-mpi-btl-openib.txt / error in device init
[g067:1522249] Set MCA parameter "orte_base_help_aggregate" to 0 to see all help / error messages
--------------------------------------------------------------------------
WARNING: There was an error initializing an OpenFabrics device.

  Local host:   g067
  Local device: mlx5_0
--------------------------------------------------------------------------
[g067:1523207] 7 more processes have sent help message help-mpi-btl-openib.txt / error in device init
[g067:1523207] Set MCA parameter "orte_base_help_aggregate" to 0 to see all help / error messages
--------------------------------------------------------------------------
WARNING: There was an error initializing an OpenFabrics device.

  Local host:   g067
  Local device: mlx5_0
--------------------------------------------------------------------------
[g067:1523334] 7 more processes have sent help message help-mpi-btl-openib.txt / error in device init
[g067:1523334] Set MCA parameter "orte_base_help_aggregate" to 0 to see all help / error messages
--------------------------------------------------------------------------
WARNING: There was an error initializing an OpenFabrics device.

  Local host:   g067
  Local device: mlx5_0
--------------------------------------------------------------------------
[g067:1523447] 7 more processes have sent help message help-mpi-btl-openib.txt / error in device init
[g067:1523447] Set MCA parameter "orte_base_help_aggregate" to 0 to see all help / error messages
--------------------------------------------------------------------------
WARNING: There was an error initializing an OpenFabrics device.

  Local host:   g067
  Local device: mlx5_0
--------------------------------------------------------------------------
[g067:1523560] 7 more processes have sent help message help-mpi-btl-openib.txt / error in device init
[g067:1523560] Set MCA parameter "orte_base_help_aggregate" to 0 to see all help / error messages
--------------------------------------------------------------------------
WARNING: There was an error initializing an OpenFabrics device.

  Local host:   g067
  Local device: mlx5_0
--------------------------------------------------------------------------
[g067:1524228] 7 more processes have sent help message help-mpi-btl-openib.txt / error in device init
[g067:1524228] Set MCA parameter "orte_base_help_aggregate" to 0 to see all help / error messages
--------------------------------------------------------------------------
WARNING: There was an error initializing an OpenFabrics device.

  Local host:   g067
  Local device: mlx5_0
--------------------------------------------------------------------------
[g067:1524350] 7 more processes have sent help message help-mpi-btl-openib.txt / error in device init
[g067:1524350] Set MCA parameter "orte_base_help_aggregate" to 0 to see all help / error messages
--------------------------------------------------------------------------
WARNING: There was an error initializing an OpenFabrics device.

  Local host:   g067
  Local device: mlx5_0
--------------------------------------------------------------------------
[g067:1524459] 7 more processes have sent help message help-mpi-btl-openib.txt / error in device init
[g067:1524459] Set MCA parameter "orte_base_help_aggregate" to 0 to see all help / error messages
--------------------------------------------------------------------------
WARNING: There was an error initializing an OpenFabrics device.

  Local host:   g067
  Local device: mlx5_0
--------------------------------------------------------------------------
[g067:1525693] 7 more processes have sent help message help-mpi-btl-openib.txt / error in device init
[g067:1525693] Set MCA parameter "orte_base_help_aggregate" to 0 to see all help / error messages
