----------------------------------------------- 
  Element       SASA      Sigma Z        Total  
     Z         Ang**2 cal/Ang**2/mol   kcal/mol 
----------------------------------------------- 
      H         78.272       0.000       0.000
      C         67.097     120.512       8.086
      O         49.134      27.995       1.376
      S         26.258     -47.496      -1.247

 Subtotal:     220.760                   8.214
 -----------------------------------------------

  Elements    COT*SASA   Sigma Z,Z'     Total   
    Z,Z'       Ang**2  cal/Ang**2/mol kcal/mol  
 ---------------------------------------------- 
  H   C         52.863     -52.078      -2.753
  H   O          0.000     -27.765      -0.000
  C   C         75.620     -88.849      -6.719
  O   C         28.389      15.915       0.452
  O   O          0.000     -70.488      -0.000

 Subtotal:                              -9.020
 ---------------------------------------------- 

 NONAQUEOUS SOLVENT CONTRIBUTION (kcal/mol):
 (proportional to SASA, atomic number independent)
 ---------------------------------------------- 
 Subtotal:                               4.284
 ---------------------------------------------- 

 CDS TOTAL (kcal/mol):                   3.478
...............................................................................
