--------------------------------------------------------------------------
WARNING: There was an error initializing an OpenFabrics device.

  Local host:   g068
  Local device: mlx5_0
--------------------------------------------------------------------------
[g068:66766] 7 more processes have sent help message help-mpi-btl-openib.txt / error in device init
[g068:66766] Set MCA parameter "orte_base_help_aggregate" to 0 to see all help / error messages
--------------------------------------------------------------------------
WARNING: There was an error initializing an OpenFabrics device.

  Local host:   g068
  Local device: mlx5_0
--------------------------------------------------------------------------
[g068:66888] 7 more processes have sent help message help-mpi-btl-openib.txt / error in device init
[g068:66888] Set MCA parameter "orte_base_help_aggregate" to 0 to see all help / error messages
--------------------------------------------------------------------------
WARNING: There was an error initializing an OpenFabrics device.

  Local host:   g068
  Local device: mlx5_0
--------------------------------------------------------------------------
[g068:67705] 7 more processes have sent help message help-mpi-btl-openib.txt / error in device init
[g068:67705] Set MCA parameter "orte_base_help_aggregate" to 0 to see all help / error messages
--------------------------------------------------------------------------
WARNING: There was an error initializing an OpenFabrics device.

  Local host:   g068
  Local device: mlx5_0
--------------------------------------------------------------------------
[g068:67833] 7 more processes have sent help message help-mpi-btl-openib.txt / error in device init
[g068:67833] Set MCA parameter "orte_base_help_aggregate" to 0 to see all help / error messages
--------------------------------------------------------------------------
WARNING: There was an error initializing an OpenFabrics device.

  Local host:   g068
  Local device: mlx5_0
--------------------------------------------------------------------------
[g068:67942] 7 more processes have sent help message help-mpi-btl-openib.txt / error in device init
[g068:67942] Set MCA parameter "orte_base_help_aggregate" to 0 to see all help / error messages
--------------------------------------------------------------------------
WARNING: There was an error initializing an OpenFabrics device.

  Local host:   g068
  Local device: mlx5_0
--------------------------------------------------------------------------
[g068:68057] 7 more processes have sent help message help-mpi-btl-openib.txt / error in device init
[g068:68057] Set MCA parameter "orte_base_help_aggregate" to 0 to see all help / error messages
--------------------------------------------------------------------------
WARNING: There was an error initializing an OpenFabrics device.

  Local host:   g068
  Local device: mlx5_0
--------------------------------------------------------------------------
[g068:69894] 7 more processes have sent help message help-mpi-btl-openib.txt / error in device init
[g068:69894] Set MCA parameter "orte_base_help_aggregate" to 0 to see all help / error messages
--------------------------------------------------------------------------
WARNING: There was an error initializing an OpenFabrics device.

  Local host:   g068
  Local device: mlx5_0
--------------------------------------------------------------------------
[g068:70023] 7 more processes have sent help message help-mpi-btl-openib.txt / error in device init
[g068:70023] Set MCA parameter "orte_base_help_aggregate" to 0 to see all help / error messages
--------------------------------------------------------------------------
WARNING: There was an error initializing an OpenFabrics device.

  Local host:   g068
  Local device: mlx5_0
--------------------------------------------------------------------------
[g068:70137] 7 more processes have sent help message help-mpi-btl-openib.txt / error in device init
[g068:70137] Set MCA parameter "orte_base_help_aggregate" to 0 to see all help / error messages
--------------------------------------------------------------------------
WARNING: There was an error initializing an OpenFabrics device.

  Local host:   g068
  Local device: mlx5_0
--------------------------------------------------------------------------
[g068:70253] 7 more processes have sent help message help-mpi-btl-openib.txt / error in device init
[g068:70253] Set MCA parameter "orte_base_help_aggregate" to 0 to see all help / error messages
--------------------------------------------------------------------------
WARNING: There was an error initializing an OpenFabrics device.

  Local host:   g068
  Local device: mlx5_0
--------------------------------------------------------------------------
[g068:72463] 7 more processes have sent help message help-mpi-btl-openib.txt / error in device init
[g068:72463] Set MCA parameter "orte_base_help_aggregate" to 0 to see all help / error messages
--------------------------------------------------------------------------
WARNING: There was an error initializing an OpenFabrics device.

  Local host:   g068
  Local device: mlx5_0
--------------------------------------------------------------------------
[g068:72588] 7 more processes have sent help message help-mpi-btl-openib.txt / error in device init
[g068:72588] Set MCA parameter "orte_base_help_aggregate" to 0 to see all help / error messages
--------------------------------------------------------------------------
WARNING: There was an error initializing an OpenFabrics device.

  Local host:   g068
  Local device: mlx5_0
--------------------------------------------------------------------------
[g068:72704] 7 more processes have sent help message help-mpi-btl-openib.txt / error in device init
[g068:72704] Set MCA parameter "orte_base_help_aggregate" to 0 to see all help / error messages
--------------------------------------------------------------------------
WARNING: There was an error initializing an OpenFabrics device.

  Local host:   g068
  Local device: mlx5_0
--------------------------------------------------------------------------
[g068:72827] 7 more processes have sent help message help-mpi-btl-openib.txt / error in device init
[g068:72827] Set MCA parameter "orte_base_help_aggregate" to 0 to see all help / error messages
--------------------------------------------------------------------------
WARNING: There was an error initializing an OpenFabrics device.

  Local host:   g068
  Local device: mlx5_0
--------------------------------------------------------------------------
[g068:73747] 7 more processes have sent help message help-mpi-btl-openib.txt / error in device init
[g068:73747] Set MCA parameter "orte_base_help_aggregate" to 0 to see all help / error messages
--------------------------------------------------------------------------
WARNING: There was an error initializing an OpenFabrics device.

  Local host:   g068
  Local device: mlx5_0
--------------------------------------------------------------------------
[g068:74115] 7 more processes have sent help message help-mpi-btl-openib.txt / error in device init
[g068:74115] Set MCA parameter "orte_base_help_aggregate" to 0 to see all help / error messages
--------------------------------------------------------------------------
WARNING: There was an error initializing an OpenFabrics device.

  Local host:   g068
  Local device: mlx5_0
--------------------------------------------------------------------------
[g068:74226] 7 more processes have sent help message help-mpi-btl-openib.txt / error in device init
[g068:74226] Set MCA parameter "orte_base_help_aggregate" to 0 to see all help / error messages
--------------------------------------------------------------------------
WARNING: There was an error initializing an OpenFabrics device.

  Local host:   g068
  Local device: mlx5_0
--------------------------------------------------------------------------
[g068:74342] 7 more processes have sent help message help-mpi-btl-openib.txt / error in device init
[g068:74342] Set MCA parameter "orte_base_help_aggregate" to 0 to see all help / error messages
--------------------------------------------------------------------------
WARNING: There was an error initializing an OpenFabrics device.

  Local host:   g068
  Local device: mlx5_0
--------------------------------------------------------------------------
[g068:75714] 7 more processes have sent help message help-mpi-btl-openib.txt / error in device init
[g068:75714] Set MCA parameter "orte_base_help_aggregate" to 0 to see all help / error messages
--------------------------------------------------------------------------
WARNING: There was an error initializing an OpenFabrics device.

  Local host:   g068
  Local device: mlx5_0
--------------------------------------------------------------------------
[g068:75846] 7 more processes have sent help message help-mpi-btl-openib.txt / error in device init
[g068:75846] Set MCA parameter "orte_base_help_aggregate" to 0 to see all help / error messages
--------------------------------------------------------------------------
WARNING: There was an error initializing an OpenFabrics device.

  Local host:   g068
  Local device: mlx5_0
--------------------------------------------------------------------------
[g068:75963] 7 more processes have sent help message help-mpi-btl-openib.txt / error in device init
[g068:75963] Set MCA parameter "orte_base_help_aggregate" to 0 to see all help / error messages
--------------------------------------------------------------------------
WARNING: There was an error initializing an OpenFabrics device.

  Local host:   g068
  Local device: mlx5_0
--------------------------------------------------------------------------
[g068:76078] 7 more processes have sent help message help-mpi-btl-openib.txt / error in device init
[g068:76078] Set MCA parameter "orte_base_help_aggregate" to 0 to see all help / error messages
--------------------------------------------------------------------------
WARNING: There was an error initializing an OpenFabrics device.

  Local host:   g068
  Local device: mlx5_0
--------------------------------------------------------------------------
[g068:77988] 7 more processes have sent help message help-mpi-btl-openib.txt / error in device init
[g068:77988] Set MCA parameter "orte_base_help_aggregate" to 0 to see all help / error messages
--------------------------------------------------------------------------
WARNING: There was an error initializing an OpenFabrics device.

  Local host:   g068
  Local device: mlx5_0
--------------------------------------------------------------------------
[g068:78110] 7 more processes have sent help message help-mpi-btl-openib.txt / error in device init
[g068:78110] Set MCA parameter "orte_base_help_aggregate" to 0 to see all help / error messages
--------------------------------------------------------------------------
WARNING: There was an error initializing an OpenFabrics device.

  Local host:   g068
  Local device: mlx5_0
--------------------------------------------------------------------------
[g068:78229] 7 more processes have sent help message help-mpi-btl-openib.txt / error in device init
[g068:78229] Set MCA parameter "orte_base_help_aggregate" to 0 to see all help / error messages
--------------------------------------------------------------------------
WARNING: There was an error initializing an OpenFabrics device.

  Local host:   g068
  Local device: mlx5_0
--------------------------------------------------------------------------
[g068:78344] 7 more processes have sent help message help-mpi-btl-openib.txt / error in device init
[g068:78344] Set MCA parameter "orte_base_help_aggregate" to 0 to see all help / error messages
--------------------------------------------------------------------------
WARNING: There was an error initializing an OpenFabrics device.

  Local host:   g068
  Local device: mlx5_0
--------------------------------------------------------------------------
[g068:79996] 7 more processes have sent help message help-mpi-btl-openib.txt / error in device init
[g068:79996] Set MCA parameter "orte_base_help_aggregate" to 0 to see all help / error messages
--------------------------------------------------------------------------
WARNING: There was an error initializing an OpenFabrics device.

  Local host:   g068
  Local device: mlx5_0
--------------------------------------------------------------------------
[g068:80137] 7 more processes have sent help message help-mpi-btl-openib.txt / error in device init
[g068:80137] Set MCA parameter "orte_base_help_aggregate" to 0 to see all help / error messages
--------------------------------------------------------------------------
WARNING: There was an error initializing an OpenFabrics device.

  Local host:   g068
  Local device: mlx5_0
--------------------------------------------------------------------------
[g068:80254] 7 more processes have sent help message help-mpi-btl-openib.txt / error in device init
[g068:80254] Set MCA parameter "orte_base_help_aggregate" to 0 to see all help / error messages
--------------------------------------------------------------------------
WARNING: There was an error initializing an OpenFabrics device.

  Local host:   g068
  Local device: mlx5_0
--------------------------------------------------------------------------
[g068:80367] 7 more processes have sent help message help-mpi-btl-openib.txt / error in device init
[g068:80367] Set MCA parameter "orte_base_help_aggregate" to 0 to see all help / error messages
--------------------------------------------------------------------------
WARNING: There was an error initializing an OpenFabrics device.

  Local host:   g068
  Local device: mlx5_0
--------------------------------------------------------------------------
[g068:80887] 7 more processes have sent help message help-mpi-btl-openib.txt / error in device init
[g068:80887] Set MCA parameter "orte_base_help_aggregate" to 0 to see all help / error messages
--------------------------------------------------------------------------
WARNING: There was an error initializing an OpenFabrics device.

  Local host:   g068
  Local device: mlx5_0
--------------------------------------------------------------------------
[g068:81009] 7 more processes have sent help message help-mpi-btl-openib.txt / error in device init
[g068:81009] Set MCA parameter "orte_base_help_aggregate" to 0 to see all help / error messages
--------------------------------------------------------------------------
WARNING: There was an error initializing an OpenFabrics device.

  Local host:   g068
  Local device: mlx5_0
--------------------------------------------------------------------------
[g068:81125] 7 more processes have sent help message help-mpi-btl-openib.txt / error in device init
[g068:81125] Set MCA parameter "orte_base_help_aggregate" to 0 to see all help / error messages
--------------------------------------------------------------------------
WARNING: There was an error initializing an OpenFabrics device.

  Local host:   g068
  Local device: mlx5_0
--------------------------------------------------------------------------
[g068:81242] 7 more processes have sent help message help-mpi-btl-openib.txt / error in device init
[g068:81242] Set MCA parameter "orte_base_help_aggregate" to 0 to see all help / error messages
--------------------------------------------------------------------------
WARNING: There was an error initializing an OpenFabrics device.

  Local host:   g068
  Local device: mlx5_0
--------------------------------------------------------------------------
[g068:82838] 7 more processes have sent help message help-mpi-btl-openib.txt / error in device init
[g068:82838] Set MCA parameter "orte_base_help_aggregate" to 0 to see all help / error messages
--------------------------------------------------------------------------
WARNING: There was an error initializing an OpenFabrics device.

  Local host:   g068
  Local device: mlx5_0
--------------------------------------------------------------------------
[g068:82972] 7 more processes have sent help message help-mpi-btl-openib.txt / error in device init
[g068:82972] Set MCA parameter "orte_base_help_aggregate" to 0 to see all help / error messages
--------------------------------------------------------------------------
WARNING: There was an error initializing an OpenFabrics device.

  Local host:   g068
  Local device: mlx5_0
--------------------------------------------------------------------------
[g068:83088] 7 more processes have sent help message help-mpi-btl-openib.txt / error in device init
[g068:83088] Set MCA parameter "orte_base_help_aggregate" to 0 to see all help / error messages
--------------------------------------------------------------------------
WARNING: There was an error initializing an OpenFabrics device.

  Local host:   g068
  Local device: mlx5_0
--------------------------------------------------------------------------
[g068:83209] 7 more processes have sent help message help-mpi-btl-openib.txt / error in device init
[g068:83209] Set MCA parameter "orte_base_help_aggregate" to 0 to see all help / error messages
--------------------------------------------------------------------------
WARNING: There was an error initializing an OpenFabrics device.

  Local host:   g068
  Local device: mlx5_0
--------------------------------------------------------------------------
[g068:84229] 7 more processes have sent help message help-mpi-btl-openib.txt / error in device init
[g068:84229] Set MCA parameter "orte_base_help_aggregate" to 0 to see all help / error messages
--------------------------------------------------------------------------
WARNING: There was an error initializing an OpenFabrics device.

  Local host:   g068
  Local device: mlx5_0
--------------------------------------------------------------------------
[g068:84821] 7 more processes have sent help message help-mpi-btl-openib.txt / error in device init
[g068:84821] Set MCA parameter "orte_base_help_aggregate" to 0 to see all help / error messages
--------------------------------------------------------------------------
WARNING: There was an error initializing an OpenFabrics device.

  Local host:   g068
  Local device: mlx5_0
--------------------------------------------------------------------------
[g068:84939] 7 more processes have sent help message help-mpi-btl-openib.txt / error in device init
[g068:84939] Set MCA parameter "orte_base_help_aggregate" to 0 to see all help / error messages
--------------------------------------------------------------------------
WARNING: There was an error initializing an OpenFabrics device.

  Local host:   g068
  Local device: mlx5_0
--------------------------------------------------------------------------
[g068:86126] 7 more processes have sent help message help-mpi-btl-openib.txt / error in device init
[g068:86126] Set MCA parameter "orte_base_help_aggregate" to 0 to see all help / error messages
