--------------------------------------------------------------------------
WARNING: There was an error initializing an OpenFabrics device.

  Local host:   g066
  Local device: mlx5_0
--------------------------------------------------------------------------
[g066:4102792] 7 more processes have sent help message help-mpi-btl-openib.txt / error in device init
[g066:4102792] Set MCA parameter "orte_base_help_aggregate" to 0 to see all help / error messages
--------------------------------------------------------------------------
WARNING: There was an error initializing an OpenFabrics device.

  Local host:   g066
  Local device: mlx5_0
--------------------------------------------------------------------------
[g066:4105543] 7 more processes have sent help message help-mpi-btl-openib.txt / error in device init
[g066:4105543] Set MCA parameter "orte_base_help_aggregate" to 0 to see all help / error messages
--------------------------------------------------------------------------
WARNING: There was an error initializing an OpenFabrics device.

  Local host:   g066
  Local device: mlx5_0
--------------------------------------------------------------------------
[g066:4134738] 7 more processes have sent help message help-mpi-btl-openib.txt / error in device init
[g066:4134738] Set MCA parameter "orte_base_help_aggregate" to 0 to see all help / error messages
--------------------------------------------------------------------------
WARNING: There was an error initializing an OpenFabrics device.

  Local host:   g066
  Local device: mlx5_0
--------------------------------------------------------------------------
[g066:4135152] 7 more processes have sent help message help-mpi-btl-openib.txt / error in device init
[g066:4135152] Set MCA parameter "orte_base_help_aggregate" to 0 to see all help / error messages
--------------------------------------------------------------------------
WARNING: There was an error initializing an OpenFabrics device.

  Local host:   g066
  Local device: mlx5_0
--------------------------------------------------------------------------
[g066:4135402] 7 more processes have sent help message help-mpi-btl-openib.txt / error in device init
[g066:4135402] Set MCA parameter "orte_base_help_aggregate" to 0 to see all help / error messages
--------------------------------------------------------------------------
WARNING: There was an error initializing an OpenFabrics device.

  Local host:   g066
  Local device: mlx5_0
--------------------------------------------------------------------------
[g066:4135528] 7 more processes have sent help message help-mpi-btl-openib.txt / error in device init
[g066:4135528] Set MCA parameter "orte_base_help_aggregate" to 0 to see all help / error messages
--------------------------------------------------------------------------
WARNING: There was an error initializing an OpenFabrics device.

  Local host:   g066
  Local device: mlx5_0
--------------------------------------------------------------------------
[g066:4140935] 7 more processes have sent help message help-mpi-btl-openib.txt / error in device init
[g066:4140935] Set MCA parameter "orte_base_help_aggregate" to 0 to see all help / error messages
--------------------------------------------------------------------------
WARNING: There was an error initializing an OpenFabrics device.

  Local host:   g066
  Local device: mlx5_0
--------------------------------------------------------------------------
[g066:4141425] 7 more processes have sent help message help-mpi-btl-openib.txt / error in device init
[g066:4141425] Set MCA parameter "orte_base_help_aggregate" to 0 to see all help / error messages
--------------------------------------------------------------------------
WARNING: There was an error initializing an OpenFabrics device.

  Local host:   g066
  Local device: mlx5_0
--------------------------------------------------------------------------
[g066:4141806] 7 more processes have sent help message help-mpi-btl-openib.txt / error in device init
[g066:4141806] Set MCA parameter "orte_base_help_aggregate" to 0 to see all help / error messages
--------------------------------------------------------------------------
WARNING: There was an error initializing an OpenFabrics device.

  Local host:   g066
  Local device: mlx5_0
--------------------------------------------------------------------------
[g066:4141933] 7 more processes have sent help message help-mpi-btl-openib.txt / error in device init
[g066:4141933] Set MCA parameter "orte_base_help_aggregate" to 0 to see all help / error messages
--------------------------------------------------------------------------
WARNING: There was an error initializing an OpenFabrics device.

  Local host:   g066
  Local device: mlx5_0
--------------------------------------------------------------------------
[g066:4146087] 7 more processes have sent help message help-mpi-btl-openib.txt / error in device init
[g066:4146087] Set MCA parameter "orte_base_help_aggregate" to 0 to see all help / error messages
--------------------------------------------------------------------------
WARNING: There was an error initializing an OpenFabrics device.

  Local host:   g066
  Local device: mlx5_0
--------------------------------------------------------------------------
[g066:4146623] 7 more processes have sent help message help-mpi-btl-openib.txt / error in device init
[g066:4146623] Set MCA parameter "orte_base_help_aggregate" to 0 to see all help / error messages
--------------------------------------------------------------------------
WARNING: There was an error initializing an OpenFabrics device.

  Local host:   g066
  Local device: mlx5_0
--------------------------------------------------------------------------
[g066:4146746] 7 more processes have sent help message help-mpi-btl-openib.txt / error in device init
[g066:4146746] Set MCA parameter "orte_base_help_aggregate" to 0 to see all help / error messages
--------------------------------------------------------------------------
WARNING: There was an error initializing an OpenFabrics device.

  Local host:   g066
  Local device: mlx5_0
--------------------------------------------------------------------------
[g066:4146879] 7 more processes have sent help message help-mpi-btl-openib.txt / error in device init
[g066:4146879] Set MCA parameter "orte_base_help_aggregate" to 0 to see all help / error messages
--------------------------------------------------------------------------
WARNING: There was an error initializing an OpenFabrics device.

  Local host:   g066
  Local device: mlx5_0
--------------------------------------------------------------------------
[g066:4150890] 7 more processes have sent help message help-mpi-btl-openib.txt / error in device init
[g066:4150890] Set MCA parameter "orte_base_help_aggregate" to 0 to see all help / error messages
--------------------------------------------------------------------------
WARNING: There was an error initializing an OpenFabrics device.

  Local host:   g066
  Local device: mlx5_0
--------------------------------------------------------------------------
[g066:4151166] 7 more processes have sent help message help-mpi-btl-openib.txt / error in device init
[g066:4151166] Set MCA parameter "orte_base_help_aggregate" to 0 to see all help / error messages
--------------------------------------------------------------------------
WARNING: There was an error initializing an OpenFabrics device.

  Local host:   g066
  Local device: mlx5_0
--------------------------------------------------------------------------
[g066:4151428] 7 more processes have sent help message help-mpi-btl-openib.txt / error in device init
[g066:4151428] Set MCA parameter "orte_base_help_aggregate" to 0 to see all help / error messages
--------------------------------------------------------------------------
WARNING: There was an error initializing an OpenFabrics device.

  Local host:   g066
  Local device: mlx5_0
--------------------------------------------------------------------------
[g066:4151689] 7 more processes have sent help message help-mpi-btl-openib.txt / error in device init
[g066:4151689] Set MCA parameter "orte_base_help_aggregate" to 0 to see all help / error messages
--------------------------------------------------------------------------
WARNING: There was an error initializing an OpenFabrics device.

  Local host:   g066
  Local device: mlx5_0
--------------------------------------------------------------------------
[g066:4155843] 7 more processes have sent help message help-mpi-btl-openib.txt / error in device init
[g066:4155843] Set MCA parameter "orte_base_help_aggregate" to 0 to see all help / error messages
--------------------------------------------------------------------------
WARNING: There was an error initializing an OpenFabrics device.

  Local host:   g066
  Local device: mlx5_0
--------------------------------------------------------------------------
[g066:4157047] 7 more processes have sent help message help-mpi-btl-openib.txt / error in device init
[g066:4157047] Set MCA parameter "orte_base_help_aggregate" to 0 to see all help / error messages
--------------------------------------------------------------------------
WARNING: There was an error initializing an OpenFabrics device.

  Local host:   g066
  Local device: mlx5_0
--------------------------------------------------------------------------
[g066:4157421] 7 more processes have sent help message help-mpi-btl-openib.txt / error in device init
[g066:4157421] Set MCA parameter "orte_base_help_aggregate" to 0 to see all help / error messages
--------------------------------------------------------------------------
WARNING: There was an error initializing an OpenFabrics device.

  Local host:   g066
  Local device: mlx5_0
--------------------------------------------------------------------------
[g066:4157666] 7 more processes have sent help message help-mpi-btl-openib.txt / error in device init
[g066:4157666] Set MCA parameter "orte_base_help_aggregate" to 0 to see all help / error messages
--------------------------------------------------------------------------
WARNING: There was an error initializing an OpenFabrics device.

  Local host:   g066
  Local device: mlx5_0
--------------------------------------------------------------------------
[g066:4163596] 7 more processes have sent help message help-mpi-btl-openib.txt / error in device init
[g066:4163596] Set MCA parameter "orte_base_help_aggregate" to 0 to see all help / error messages
--------------------------------------------------------------------------
WARNING: There was an error initializing an OpenFabrics device.

  Local host:   g066
  Local device: mlx5_0
--------------------------------------------------------------------------
[g066:4164400] 7 more processes have sent help message help-mpi-btl-openib.txt / error in device init
[g066:4164400] Set MCA parameter "orte_base_help_aggregate" to 0 to see all help / error messages
--------------------------------------------------------------------------
WARNING: There was an error initializing an OpenFabrics device.

  Local host:   g066
  Local device: mlx5_0
--------------------------------------------------------------------------
[g066:4164907] 7 more processes have sent help message help-mpi-btl-openib.txt / error in device init
[g066:4164907] Set MCA parameter "orte_base_help_aggregate" to 0 to see all help / error messages
--------------------------------------------------------------------------
WARNING: There was an error initializing an OpenFabrics device.

  Local host:   g066
  Local device: mlx5_0
--------------------------------------------------------------------------
[g066:4165036] 7 more processes have sent help message help-mpi-btl-openib.txt / error in device init
[g066:4165036] Set MCA parameter "orte_base_help_aggregate" to 0 to see all help / error messages
--------------------------------------------------------------------------
WARNING: There was an error initializing an OpenFabrics device.

  Local host:   g066
  Local device: mlx5_0
--------------------------------------------------------------------------
[g066:4168212] 7 more processes have sent help message help-mpi-btl-openib.txt / error in device init
[g066:4168212] Set MCA parameter "orte_base_help_aggregate" to 0 to see all help / error messages
--------------------------------------------------------------------------
WARNING: There was an error initializing an OpenFabrics device.

  Local host:   g066
  Local device: mlx5_0
--------------------------------------------------------------------------
[g066:4168488] 7 more processes have sent help message help-mpi-btl-openib.txt / error in device init
[g066:4168488] Set MCA parameter "orte_base_help_aggregate" to 0 to see all help / error messages
--------------------------------------------------------------------------
WARNING: There was an error initializing an OpenFabrics device.

  Local host:   g066
  Local device: mlx5_0
--------------------------------------------------------------------------
[g066:4168616] 7 more processes have sent help message help-mpi-btl-openib.txt / error in device init
[g066:4168616] Set MCA parameter "orte_base_help_aggregate" to 0 to see all help / error messages
--------------------------------------------------------------------------
WARNING: There was an error initializing an OpenFabrics device.

  Local host:   g066
  Local device: mlx5_0
--------------------------------------------------------------------------
[g066:4168876] 7 more processes have sent help message help-mpi-btl-openib.txt / error in device init
[g066:4168876] Set MCA parameter "orte_base_help_aggregate" to 0 to see all help / error messages
--------------------------------------------------------------------------
WARNING: There was an error initializing an OpenFabrics device.

  Local host:   g066
  Local device: mlx5_0
--------------------------------------------------------------------------
[g066:4172656] 7 more processes have sent help message help-mpi-btl-openib.txt / error in device init
[g066:4172656] Set MCA parameter "orte_base_help_aggregate" to 0 to see all help / error messages
--------------------------------------------------------------------------
WARNING: There was an error initializing an OpenFabrics device.

  Local host:   g066
  Local device: mlx5_0
--------------------------------------------------------------------------
[g066:4172948] 7 more processes have sent help message help-mpi-btl-openib.txt / error in device init
[g066:4172948] Set MCA parameter "orte_base_help_aggregate" to 0 to see all help / error messages
--------------------------------------------------------------------------
WARNING: There was an error initializing an OpenFabrics device.

  Local host:   g066
  Local device: mlx5_0
--------------------------------------------------------------------------
[g066:4173076] 7 more processes have sent help message help-mpi-btl-openib.txt / error in device init
[g066:4173076] Set MCA parameter "orte_base_help_aggregate" to 0 to see all help / error messages
--------------------------------------------------------------------------
WARNING: There was an error initializing an OpenFabrics device.

  Local host:   g066
  Local device: mlx5_0
--------------------------------------------------------------------------
[g066:4173210] 7 more processes have sent help message help-mpi-btl-openib.txt / error in device init
[g066:4173210] Set MCA parameter "orte_base_help_aggregate" to 0 to see all help / error messages
--------------------------------------------------------------------------
WARNING: There was an error initializing an OpenFabrics device.

  Local host:   g066
  Local device: mlx5_0
--------------------------------------------------------------------------
[g066:4176078] 7 more processes have sent help message help-mpi-btl-openib.txt / error in device init
[g066:4176078] Set MCA parameter "orte_base_help_aggregate" to 0 to see all help / error messages
--------------------------------------------------------------------------
WARNING: There was an error initializing an OpenFabrics device.

  Local host:   g066
  Local device: mlx5_0
--------------------------------------------------------------------------
[g066:4177215] 7 more processes have sent help message help-mpi-btl-openib.txt / error in device init
[g066:4177215] Set MCA parameter "orte_base_help_aggregate" to 0 to see all help / error messages
--------------------------------------------------------------------------
WARNING: There was an error initializing an OpenFabrics device.

  Local host:   g066
  Local device: mlx5_0
--------------------------------------------------------------------------
[g066:4177736] 7 more processes have sent help message help-mpi-btl-openib.txt / error in device init
[g066:4177736] Set MCA parameter "orte_base_help_aggregate" to 0 to see all help / error messages
--------------------------------------------------------------------------
WARNING: There was an error initializing an OpenFabrics device.

  Local host:   g066
  Local device: mlx5_0
--------------------------------------------------------------------------
[g066:4177867] 7 more processes have sent help message help-mpi-btl-openib.txt / error in device init
[g066:4177867] Set MCA parameter "orte_base_help_aggregate" to 0 to see all help / error messages
--------------------------------------------------------------------------
WARNING: There was an error initializing an OpenFabrics device.

  Local host:   g066
  Local device: mlx5_0
--------------------------------------------------------------------------
[g066:4180534] 7 more processes have sent help message help-mpi-btl-openib.txt / error in device init
[g066:4180534] Set MCA parameter "orte_base_help_aggregate" to 0 to see all help / error messages
--------------------------------------------------------------------------
WARNING: There was an error initializing an OpenFabrics device.

  Local host:   g066
  Local device: mlx5_0
--------------------------------------------------------------------------
[g066:4181747] 7 more processes have sent help message help-mpi-btl-openib.txt / error in device init
[g066:4181747] Set MCA parameter "orte_base_help_aggregate" to 0 to see all help / error messages
--------------------------------------------------------------------------
WARNING: There was an error initializing an OpenFabrics device.

  Local host:   g066
  Local device: mlx5_0
--------------------------------------------------------------------------
[g066:4181879] 7 more processes have sent help message help-mpi-btl-openib.txt / error in device init
[g066:4181879] Set MCA parameter "orte_base_help_aggregate" to 0 to see all help / error messages
--------------------------------------------------------------------------
WARNING: There was an error initializing an OpenFabrics device.

  Local host:   g066
  Local device: mlx5_0
--------------------------------------------------------------------------
[g066:4182005] 7 more processes have sent help message help-mpi-btl-openib.txt / error in device init
[g066:4182005] Set MCA parameter "orte_base_help_aggregate" to 0 to see all help / error messages
--------------------------------------------------------------------------
WARNING: There was an error initializing an OpenFabrics device.

  Local host:   g066
  Local device: mlx5_0
--------------------------------------------------------------------------
[g066:4185765] 7 more processes have sent help message help-mpi-btl-openib.txt / error in device init
[g066:4185765] Set MCA parameter "orte_base_help_aggregate" to 0 to see all help / error messages
--------------------------------------------------------------------------
WARNING: There was an error initializing an OpenFabrics device.

  Local host:   g066
  Local device: mlx5_0
--------------------------------------------------------------------------
[g066:4185904] 7 more processes have sent help message help-mpi-btl-openib.txt / error in device init
[g066:4185904] Set MCA parameter "orte_base_help_aggregate" to 0 to see all help / error messages
--------------------------------------------------------------------------
WARNING: There was an error initializing an OpenFabrics device.

  Local host:   g066
  Local device: mlx5_0
--------------------------------------------------------------------------
[g066:4186284] 7 more processes have sent help message help-mpi-btl-openib.txt / error in device init
[g066:4186284] Set MCA parameter "orte_base_help_aggregate" to 0 to see all help / error messages
--------------------------------------------------------------------------
WARNING: There was an error initializing an OpenFabrics device.

  Local host:   g066
  Local device: mlx5_0
--------------------------------------------------------------------------
[g066:4186975] 7 more processes have sent help message help-mpi-btl-openib.txt / error in device init
[g066:4186975] Set MCA parameter "orte_base_help_aggregate" to 0 to see all help / error messages
--------------------------------------------------------------------------
WARNING: There was an error initializing an OpenFabrics device.

  Local host:   g066
  Local device: mlx5_0
--------------------------------------------------------------------------
[g066:4191026] 7 more processes have sent help message help-mpi-btl-openib.txt / error in device init
[g066:4191026] Set MCA parameter "orte_base_help_aggregate" to 0 to see all help / error messages
--------------------------------------------------------------------------
WARNING: There was an error initializing an OpenFabrics device.

  Local host:   g066
  Local device: mlx5_0
--------------------------------------------------------------------------
[g066:4191435] 7 more processes have sent help message help-mpi-btl-openib.txt / error in device init
[g066:4191435] Set MCA parameter "orte_base_help_aggregate" to 0 to see all help / error messages
--------------------------------------------------------------------------
WARNING: There was an error initializing an OpenFabrics device.

  Local host:   g066
  Local device: mlx5_0
--------------------------------------------------------------------------
[g066:4191581] 7 more processes have sent help message help-mpi-btl-openib.txt / error in device init
[g066:4191581] Set MCA parameter "orte_base_help_aggregate" to 0 to see all help / error messages
--------------------------------------------------------------------------
WARNING: There was an error initializing an OpenFabrics device.

  Local host:   g066
  Local device: mlx5_0
--------------------------------------------------------------------------
[g066:4191714] 7 more processes have sent help message help-mpi-btl-openib.txt / error in device init
[g066:4191714] Set MCA parameter "orte_base_help_aggregate" to 0 to see all help / error messages
--------------------------------------------------------------------------
WARNING: There was an error initializing an OpenFabrics device.

  Local host:   g066
  Local device: mlx5_0
--------------------------------------------------------------------------
[g066:02694] 7 more processes have sent help message help-mpi-btl-openib.txt / error in device init
[g066:02694] Set MCA parameter "orte_base_help_aggregate" to 0 to see all help / error messages
--------------------------------------------------------------------------
WARNING: There was an error initializing an OpenFabrics device.

  Local host:   g066
  Local device: mlx5_0
--------------------------------------------------------------------------
[g066:02987] 7 more processes have sent help message help-mpi-btl-openib.txt / error in device init
[g066:02987] Set MCA parameter "orte_base_help_aggregate" to 0 to see all help / error messages
--------------------------------------------------------------------------
WARNING: There was an error initializing an OpenFabrics device.

  Local host:   g066
  Local device: mlx5_0
--------------------------------------------------------------------------
[g066:03233] 7 more processes have sent help message help-mpi-btl-openib.txt / error in device init
[g066:03233] Set MCA parameter "orte_base_help_aggregate" to 0 to see all help / error messages
--------------------------------------------------------------------------
WARNING: There was an error initializing an OpenFabrics device.

  Local host:   g066
  Local device: mlx5_0
--------------------------------------------------------------------------
[g066:03499] 7 more processes have sent help message help-mpi-btl-openib.txt / error in device init
[g066:03499] Set MCA parameter "orte_base_help_aggregate" to 0 to see all help / error messages
--------------------------------------------------------------------------
WARNING: There was an error initializing an OpenFabrics device.

  Local host:   g066
  Local device: mlx5_0
--------------------------------------------------------------------------
[g066:07423] 7 more processes have sent help message help-mpi-btl-openib.txt / error in device init
[g066:07423] Set MCA parameter "orte_base_help_aggregate" to 0 to see all help / error messages
--------------------------------------------------------------------------
WARNING: There was an error initializing an OpenFabrics device.

  Local host:   g066
  Local device: mlx5_0
--------------------------------------------------------------------------
[g066:08539] 7 more processes have sent help message help-mpi-btl-openib.txt / error in device init
[g066:08539] Set MCA parameter "orte_base_help_aggregate" to 0 to see all help / error messages
--------------------------------------------------------------------------
WARNING: There was an error initializing an OpenFabrics device.

  Local host:   g066
  Local device: mlx5_0
--------------------------------------------------------------------------
[g066:09019] 7 more processes have sent help message help-mpi-btl-openib.txt / error in device init
[g066:09019] Set MCA parameter "orte_base_help_aggregate" to 0 to see all help / error messages
--------------------------------------------------------------------------
WARNING: There was an error initializing an OpenFabrics device.

  Local host:   g066
  Local device: mlx5_0
--------------------------------------------------------------------------
[g066:09255] 7 more processes have sent help message help-mpi-btl-openib.txt / error in device init
[g066:09255] Set MCA parameter "orte_base_help_aggregate" to 0 to see all help / error messages
--------------------------------------------------------------------------
WARNING: There was an error initializing an OpenFabrics device.

  Local host:   g066
  Local device: mlx5_0
--------------------------------------------------------------------------
[g066:12381] 7 more processes have sent help message help-mpi-btl-openib.txt / error in device init
[g066:12381] Set MCA parameter "orte_base_help_aggregate" to 0 to see all help / error messages
--------------------------------------------------------------------------
WARNING: There was an error initializing an OpenFabrics device.

  Local host:   g066
  Local device: mlx5_0
--------------------------------------------------------------------------
[g066:12655] 7 more processes have sent help message help-mpi-btl-openib.txt / error in device init
[g066:12655] Set MCA parameter "orte_base_help_aggregate" to 0 to see all help / error messages
--------------------------------------------------------------------------
WARNING: There was an error initializing an OpenFabrics device.

  Local host:   g066
  Local device: mlx5_0
--------------------------------------------------------------------------
[g066:12781] 7 more processes have sent help message help-mpi-btl-openib.txt / error in device init
[g066:12781] Set MCA parameter "orte_base_help_aggregate" to 0 to see all help / error messages
--------------------------------------------------------------------------
WARNING: There was an error initializing an OpenFabrics device.

  Local host:   g066
  Local device: mlx5_0
--------------------------------------------------------------------------
[g066:13049] 7 more processes have sent help message help-mpi-btl-openib.txt / error in device init
[g066:13049] Set MCA parameter "orte_base_help_aggregate" to 0 to see all help / error messages
--------------------------------------------------------------------------
WARNING: There was an error initializing an OpenFabrics device.

  Local host:   g066
  Local device: mlx5_0
--------------------------------------------------------------------------
[g066:16517] 7 more processes have sent help message help-mpi-btl-openib.txt / error in device init
[g066:16517] Set MCA parameter "orte_base_help_aggregate" to 0 to see all help / error messages
--------------------------------------------------------------------------
WARNING: There was an error initializing an OpenFabrics device.

  Local host:   g066
  Local device: mlx5_0
--------------------------------------------------------------------------
[g066:16800] 7 more processes have sent help message help-mpi-btl-openib.txt / error in device init
[g066:16800] Set MCA parameter "orte_base_help_aggregate" to 0 to see all help / error messages
--------------------------------------------------------------------------
WARNING: There was an error initializing an OpenFabrics device.

  Local host:   g066
  Local device: mlx5_0
--------------------------------------------------------------------------
[g066:17728] 7 more processes have sent help message help-mpi-btl-openib.txt / error in device init
[g066:17728] Set MCA parameter "orte_base_help_aggregate" to 0 to see all help / error messages
--------------------------------------------------------------------------
WARNING: There was an error initializing an OpenFabrics device.

  Local host:   g066
  Local device: mlx5_0
--------------------------------------------------------------------------
[g066:17865] 7 more processes have sent help message help-mpi-btl-openib.txt / error in device init
[g066:17865] Set MCA parameter "orte_base_help_aggregate" to 0 to see all help / error messages
--------------------------------------------------------------------------
WARNING: There was an error initializing an OpenFabrics device.

  Local host:   g066
  Local device: mlx5_0
--------------------------------------------------------------------------
[g066:20971] 7 more processes have sent help message help-mpi-btl-openib.txt / error in device init
[g066:20971] Set MCA parameter "orte_base_help_aggregate" to 0 to see all help / error messages
--------------------------------------------------------------------------
WARNING: There was an error initializing an OpenFabrics device.

  Local host:   g066
  Local device: mlx5_0
--------------------------------------------------------------------------
[g066:21105] 7 more processes have sent help message help-mpi-btl-openib.txt / error in device init
[g066:21105] Set MCA parameter "orte_base_help_aggregate" to 0 to see all help / error messages
--------------------------------------------------------------------------
WARNING: There was an error initializing an OpenFabrics device.

  Local host:   g066
  Local device: mlx5_0
--------------------------------------------------------------------------
[g066:21233] 7 more processes have sent help message help-mpi-btl-openib.txt / error in device init
[g066:21233] Set MCA parameter "orte_base_help_aggregate" to 0 to see all help / error messages
--------------------------------------------------------------------------
WARNING: There was an error initializing an OpenFabrics device.

  Local host:   g066
  Local device: mlx5_0
--------------------------------------------------------------------------
[g066:21359] 7 more processes have sent help message help-mpi-btl-openib.txt / error in device init
[g066:21359] Set MCA parameter "orte_base_help_aggregate" to 0 to see all help / error messages
--------------------------------------------------------------------------
WARNING: There was an error initializing an OpenFabrics device.

  Local host:   g066
  Local device: mlx5_0
--------------------------------------------------------------------------
[g066:23116] 7 more processes have sent help message help-mpi-btl-openib.txt / error in device init
[g066:23116] Set MCA parameter "orte_base_help_aggregate" to 0 to see all help / error messages
--------------------------------------------------------------------------
WARNING: There was an error initializing an OpenFabrics device.

  Local host:   g066
  Local device: mlx5_0
--------------------------------------------------------------------------
[g066:23977] 7 more processes have sent help message help-mpi-btl-openib.txt / error in device init
[g066:23977] Set MCA parameter "orte_base_help_aggregate" to 0 to see all help / error messages
--------------------------------------------------------------------------
WARNING: There was an error initializing an OpenFabrics device.

  Local host:   g066
  Local device: mlx5_0
--------------------------------------------------------------------------
[g066:24232] 7 more processes have sent help message help-mpi-btl-openib.txt / error in device init
[g066:24232] Set MCA parameter "orte_base_help_aggregate" to 0 to see all help / error messages
--------------------------------------------------------------------------
WARNING: There was an error initializing an OpenFabrics device.

  Local host:   g066
  Local device: mlx5_0
--------------------------------------------------------------------------
[g066:24362] 7 more processes have sent help message help-mpi-btl-openib.txt / error in device init
[g066:24362] Set MCA parameter "orte_base_help_aggregate" to 0 to see all help / error messages
--------------------------------------------------------------------------
WARNING: There was an error initializing an OpenFabrics device.

  Local host:   g066
  Local device: mlx5_0
--------------------------------------------------------------------------
[g066:26458] 7 more processes have sent help message help-mpi-btl-openib.txt / error in device init
[g066:26458] Set MCA parameter "orte_base_help_aggregate" to 0 to see all help / error messages
--------------------------------------------------------------------------
WARNING: There was an error initializing an OpenFabrics device.

  Local host:   g066
  Local device: mlx5_0
--------------------------------------------------------------------------
[g066:26600] 7 more processes have sent help message help-mpi-btl-openib.txt / error in device init
[g066:26600] Set MCA parameter "orte_base_help_aggregate" to 0 to see all help / error messages
--------------------------------------------------------------------------
WARNING: There was an error initializing an OpenFabrics device.

  Local host:   g066
  Local device: mlx5_0
--------------------------------------------------------------------------
[g066:26727] 7 more processes have sent help message help-mpi-btl-openib.txt / error in device init
[g066:26727] Set MCA parameter "orte_base_help_aggregate" to 0 to see all help / error messages
--------------------------------------------------------------------------
WARNING: There was an error initializing an OpenFabrics device.

  Local host:   g066
  Local device: mlx5_0
--------------------------------------------------------------------------
[g066:28533] 7 more processes have sent help message help-mpi-btl-openib.txt / error in device init
[g066:28533] Set MCA parameter "orte_base_help_aggregate" to 0 to see all help / error messages
