----------------------------------------------- 
  Element       SASA      Sigma Z        Total  
     Z         Ang**2 cal/Ang**2/mol   kcal/mol 
----------------------------------------------- 
      H         79.788       0.000       0.000
      C         64.662     111.253       7.194
      O         51.823     -63.418      -3.286
      S         26.681     -47.002      -1.254

 Subtotal:     222.954                   2.653
 -----------------------------------------------

  Elements    COT*SASA   Sigma Z,Z'     Total   
    Z,Z'       Ang**2  cal/Ang**2/mol kcal/mol  
 ---------------------------------------------- 
  H   C         53.859     -51.536      -2.776
  H   O          0.000     -27.476      -0.000
  C   C         73.194     -87.925      -6.436
  O   C         30.358     -22.247      -0.675
  O   O          0.000    -112.781      -0.000

 Subtotal:                              -9.887
 ---------------------------------------------- 

 NONAQUEOUS SOLVENT CONTRIBUTION (kcal/mol):
 (proportional to SASA, atomic number independent)
 ---------------------------------------------- 
 Subtotal:                               4.821
 ---------------------------------------------- 

 CDS TOTAL (kcal/mol):                  -2.412
...............................................................................
