--------------------------------------------------------------------------
WARNING: There was an error initializing an OpenFabrics device.

  Local host:   g066
  Local device: mlx5_0
--------------------------------------------------------------------------
[g066:4159352] 7 more processes have sent help message help-mpi-btl-openib.txt / error in device init
[g066:4159352] Set MCA parameter "orte_base_help_aggregate" to 0 to see all help / error messages
--------------------------------------------------------------------------
WARNING: There was an error initializing an OpenFabrics device.

  Local host:   g066
  Local device: mlx5_0
--------------------------------------------------------------------------
[g066:4159496] 7 more processes have sent help message help-mpi-btl-openib.txt / error in device init
[g066:4159496] Set MCA parameter "orte_base_help_aggregate" to 0 to see all help / error messages
--------------------------------------------------------------------------
WARNING: There was an error initializing an OpenFabrics device.

  Local host:   g066
  Local device: mlx5_0
--------------------------------------------------------------------------
[g066:4170056] 7 more processes have sent help message help-mpi-btl-openib.txt / error in device init
[g066:4170056] Set MCA parameter "orte_base_help_aggregate" to 0 to see all help / error messages
--------------------------------------------------------------------------
WARNING: There was an error initializing an OpenFabrics device.

  Local host:   g066
  Local device: mlx5_0
--------------------------------------------------------------------------
[g066:4171028] 7 more processes have sent help message help-mpi-btl-openib.txt / error in device init
[g066:4171028] Set MCA parameter "orte_base_help_aggregate" to 0 to see all help / error messages
--------------------------------------------------------------------------
WARNING: There was an error initializing an OpenFabrics device.

  Local host:   g066
  Local device: mlx5_0
--------------------------------------------------------------------------
[g066:4171164] 7 more processes have sent help message help-mpi-btl-openib.txt / error in device init
[g066:4171164] Set MCA parameter "orte_base_help_aggregate" to 0 to see all help / error messages
--------------------------------------------------------------------------
WARNING: There was an error initializing an OpenFabrics device.

  Local host:   g066
  Local device: mlx5_0
--------------------------------------------------------------------------
[g066:4171421] 7 more processes have sent help message help-mpi-btl-openib.txt / error in device init
[g066:4171421] Set MCA parameter "orte_base_help_aggregate" to 0 to see all help / error messages
--------------------------------------------------------------------------
WARNING: There was an error initializing an OpenFabrics device.

  Local host:   g066
  Local device: mlx5_0
--------------------------------------------------------------------------
[g066:4181472] 7 more processes have sent help message help-mpi-btl-openib.txt / error in device init
[g066:4181472] Set MCA parameter "orte_base_help_aggregate" to 0 to see all help / error messages
--------------------------------------------------------------------------
WARNING: There was an error initializing an OpenFabrics device.

  Local host:   g066
  Local device: mlx5_0
--------------------------------------------------------------------------
[g066:4183293] 7 more processes have sent help message help-mpi-btl-openib.txt / error in device init
[g066:4183293] Set MCA parameter "orte_base_help_aggregate" to 0 to see all help / error messages
--------------------------------------------------------------------------
WARNING: There was an error initializing an OpenFabrics device.

  Local host:   g066
  Local device: mlx5_0
--------------------------------------------------------------------------
[g066:4183418] 7 more processes have sent help message help-mpi-btl-openib.txt / error in device init
[g066:4183418] Set MCA parameter "orte_base_help_aggregate" to 0 to see all help / error messages
--------------------------------------------------------------------------
WARNING: There was an error initializing an OpenFabrics device.

  Local host:   g066
  Local device: mlx5_0
--------------------------------------------------------------------------
[g066:4183555] 7 more processes have sent help message help-mpi-btl-openib.txt / error in device init
[g066:4183555] Set MCA parameter "orte_base_help_aggregate" to 0 to see all help / error messages
--------------------------------------------------------------------------
WARNING: There was an error initializing an OpenFabrics device.

  Local host:   g066
  Local device: mlx5_0
--------------------------------------------------------------------------
[g066:4192636] 7 more processes have sent help message help-mpi-btl-openib.txt / error in device init
[g066:4192636] Set MCA parameter "orte_base_help_aggregate" to 0 to see all help / error messages
--------------------------------------------------------------------------
WARNING: There was an error initializing an OpenFabrics device.

  Local host:   g066
  Local device: mlx5_0
--------------------------------------------------------------------------
[g066:4193624] 7 more processes have sent help message help-mpi-btl-openib.txt / error in device init
[g066:4193624] Set MCA parameter "orte_base_help_aggregate" to 0 to see all help / error messages
--------------------------------------------------------------------------
WARNING: There was an error initializing an OpenFabrics device.

  Local host:   g066
  Local device: mlx5_0
--------------------------------------------------------------------------
[g066:4193752] 7 more processes have sent help message help-mpi-btl-openib.txt / error in device init
[g066:4193752] Set MCA parameter "orte_base_help_aggregate" to 0 to see all help / error messages
--------------------------------------------------------------------------
WARNING: There was an error initializing an OpenFabrics device.

  Local host:   g066
  Local device: mlx5_0
--------------------------------------------------------------------------
[g066:4193886] 7 more processes have sent help message help-mpi-btl-openib.txt / error in device init
[g066:4193886] Set MCA parameter "orte_base_help_aggregate" to 0 to see all help / error messages
--------------------------------------------------------------------------
WARNING: There was an error initializing an OpenFabrics device.

  Local host:   g066
  Local device: mlx5_0
--------------------------------------------------------------------------
[g066:06289] 7 more processes have sent help message help-mpi-btl-openib.txt / error in device init
[g066:06289] Set MCA parameter "orte_base_help_aggregate" to 0 to see all help / error messages
--------------------------------------------------------------------------
WARNING: There was an error initializing an OpenFabrics device.

  Local host:   g066
  Local device: mlx5_0
--------------------------------------------------------------------------
[g066:08672] 7 more processes have sent help message help-mpi-btl-openib.txt / error in device init
[g066:08672] Set MCA parameter "orte_base_help_aggregate" to 0 to see all help / error messages
--------------------------------------------------------------------------
WARNING: There was an error initializing an OpenFabrics device.

  Local host:   g066
  Local device: mlx5_0
--------------------------------------------------------------------------
[g066:09422] 7 more processes have sent help message help-mpi-btl-openib.txt / error in device init
[g066:09422] Set MCA parameter "orte_base_help_aggregate" to 0 to see all help / error messages
--------------------------------------------------------------------------
WARNING: There was an error initializing an OpenFabrics device.

  Local host:   g066
  Local device: mlx5_0
--------------------------------------------------------------------------
[g066:09552] 7 more processes have sent help message help-mpi-btl-openib.txt / error in device init
[g066:09552] Set MCA parameter "orte_base_help_aggregate" to 0 to see all help / error messages
--------------------------------------------------------------------------
WARNING: There was an error initializing an OpenFabrics device.

  Local host:   g066
  Local device: mlx5_0
--------------------------------------------------------------------------
[g066:16658] 7 more processes have sent help message help-mpi-btl-openib.txt / error in device init
[g066:16658] Set MCA parameter "orte_base_help_aggregate" to 0 to see all help / error messages
--------------------------------------------------------------------------
WARNING: There was an error initializing an OpenFabrics device.

  Local host:   g066
  Local device: mlx5_0
--------------------------------------------------------------------------
[g066:18053] 7 more processes have sent help message help-mpi-btl-openib.txt / error in device init
[g066:18053] Set MCA parameter "orte_base_help_aggregate" to 0 to see all help / error messages
--------------------------------------------------------------------------
WARNING: There was an error initializing an OpenFabrics device.

  Local host:   g066
  Local device: mlx5_0
--------------------------------------------------------------------------
[g066:18590] 7 more processes have sent help message help-mpi-btl-openib.txt / error in device init
[g066:18590] Set MCA parameter "orte_base_help_aggregate" to 0 to see all help / error messages
--------------------------------------------------------------------------
WARNING: There was an error initializing an OpenFabrics device.

  Local host:   g066
  Local device: mlx5_0
--------------------------------------------------------------------------
[g066:18922] 7 more processes have sent help message help-mpi-btl-openib.txt / error in device init
[g066:18922] Set MCA parameter "orte_base_help_aggregate" to 0 to see all help / error messages
--------------------------------------------------------------------------
WARNING: There was an error initializing an OpenFabrics device.

  Local host:   g066
  Local device: mlx5_0
--------------------------------------------------------------------------
[g066:24107] 7 more processes have sent help message help-mpi-btl-openib.txt / error in device init
[g066:24107] Set MCA parameter "orte_base_help_aggregate" to 0 to see all help / error messages
--------------------------------------------------------------------------
WARNING: There was an error initializing an OpenFabrics device.

  Local host:   g066
  Local device: mlx5_0
--------------------------------------------------------------------------
[g066:25239] 7 more processes have sent help message help-mpi-btl-openib.txt / error in device init
[g066:25239] Set MCA parameter "orte_base_help_aggregate" to 0 to see all help / error messages
--------------------------------------------------------------------------
WARNING: There was an error initializing an OpenFabrics device.

  Local host:   g066
  Local device: mlx5_0
--------------------------------------------------------------------------
[g066:25374] 7 more processes have sent help message help-mpi-btl-openib.txt / error in device init
[g066:25374] Set MCA parameter "orte_base_help_aggregate" to 0 to see all help / error messages
--------------------------------------------------------------------------
WARNING: There was an error initializing an OpenFabrics device.

  Local host:   g066
  Local device: mlx5_0
--------------------------------------------------------------------------
[g066:25507] 7 more processes have sent help message help-mpi-btl-openib.txt / error in device init
[g066:25507] Set MCA parameter "orte_base_help_aggregate" to 0 to see all help / error messages
--------------------------------------------------------------------------
WARNING: There was an error initializing an OpenFabrics device.

  Local host:   g066
  Local device: mlx5_0
--------------------------------------------------------------------------
[g066:29528] 7 more processes have sent help message help-mpi-btl-openib.txt / error in device init
[g066:29528] Set MCA parameter "orte_base_help_aggregate" to 0 to see all help / error messages
--------------------------------------------------------------------------
WARNING: There was an error initializing an OpenFabrics device.

  Local host:   g066
  Local device: mlx5_0
--------------------------------------------------------------------------
[g066:30417] 7 more processes have sent help message help-mpi-btl-openib.txt / error in device init
[g066:30417] Set MCA parameter "orte_base_help_aggregate" to 0 to see all help / error messages
--------------------------------------------------------------------------
WARNING: There was an error initializing an OpenFabrics device.

  Local host:   g066
  Local device: mlx5_0
--------------------------------------------------------------------------
[g066:30541] 7 more processes have sent help message help-mpi-btl-openib.txt / error in device init
[g066:30541] Set MCA parameter "orte_base_help_aggregate" to 0 to see all help / error messages
--------------------------------------------------------------------------
WARNING: There was an error initializing an OpenFabrics device.

  Local host:   g066
  Local device: mlx5_0
--------------------------------------------------------------------------
[g066:30662] 7 more processes have sent help message help-mpi-btl-openib.txt / error in device init
[g066:30662] Set MCA parameter "orte_base_help_aggregate" to 0 to see all help / error messages
--------------------------------------------------------------------------
WARNING: There was an error initializing an OpenFabrics device.

  Local host:   g066
  Local device: mlx5_0
--------------------------------------------------------------------------
[g066:34094] 7 more processes have sent help message help-mpi-btl-openib.txt / error in device init
[g066:34094] Set MCA parameter "orte_base_help_aggregate" to 0 to see all help / error messages
--------------------------------------------------------------------------
WARNING: There was an error initializing an OpenFabrics device.

  Local host:   g066
  Local device: mlx5_0
--------------------------------------------------------------------------
[g066:34271] 7 more processes have sent help message help-mpi-btl-openib.txt / error in device init
[g066:34271] Set MCA parameter "orte_base_help_aggregate" to 0 to see all help / error messages
--------------------------------------------------------------------------
WARNING: There was an error initializing an OpenFabrics device.

  Local host:   g066
  Local device: mlx5_0
--------------------------------------------------------------------------
[g066:34398] 7 more processes have sent help message help-mpi-btl-openib.txt / error in device init
[g066:34398] Set MCA parameter "orte_base_help_aggregate" to 0 to see all help / error messages
--------------------------------------------------------------------------
WARNING: There was an error initializing an OpenFabrics device.

  Local host:   g066
  Local device: mlx5_0
--------------------------------------------------------------------------
[g066:35392] 7 more processes have sent help message help-mpi-btl-openib.txt / error in device init
[g066:35392] Set MCA parameter "orte_base_help_aggregate" to 0 to see all help / error messages
--------------------------------------------------------------------------
WARNING: There was an error initializing an OpenFabrics device.

  Local host:   g066
  Local device: mlx5_0
--------------------------------------------------------------------------
[g066:38168] 7 more processes have sent help message help-mpi-btl-openib.txt / error in device init
[g066:38168] Set MCA parameter "orte_base_help_aggregate" to 0 to see all help / error messages
--------------------------------------------------------------------------
WARNING: There was an error initializing an OpenFabrics device.

  Local host:   g066
  Local device: mlx5_0
--------------------------------------------------------------------------
[g066:39163] 7 more processes have sent help message help-mpi-btl-openib.txt / error in device init
[g066:39163] Set MCA parameter "orte_base_help_aggregate" to 0 to see all help / error messages
--------------------------------------------------------------------------
WARNING: There was an error initializing an OpenFabrics device.

  Local host:   g066
  Local device: mlx5_0
--------------------------------------------------------------------------
[g066:39289] 7 more processes have sent help message help-mpi-btl-openib.txt / error in device init
[g066:39289] Set MCA parameter "orte_base_help_aggregate" to 0 to see all help / error messages
--------------------------------------------------------------------------
WARNING: There was an error initializing an OpenFabrics device.

  Local host:   g066
  Local device: mlx5_0
--------------------------------------------------------------------------
[g066:39418] 7 more processes have sent help message help-mpi-btl-openib.txt / error in device init
[g066:39418] Set MCA parameter "orte_base_help_aggregate" to 0 to see all help / error messages
--------------------------------------------------------------------------
WARNING: There was an error initializing an OpenFabrics device.

  Local host:   g066
  Local device: mlx5_0
--------------------------------------------------------------------------
[g066:42095] 7 more processes have sent help message help-mpi-btl-openib.txt / error in device init
[g066:42095] Set MCA parameter "orte_base_help_aggregate" to 0 to see all help / error messages
--------------------------------------------------------------------------
WARNING: There was an error initializing an OpenFabrics device.

  Local host:   g066
  Local device: mlx5_0
--------------------------------------------------------------------------
[g066:43081] 7 more processes have sent help message help-mpi-btl-openib.txt / error in device init
[g066:43081] Set MCA parameter "orte_base_help_aggregate" to 0 to see all help / error messages
--------------------------------------------------------------------------
WARNING: There was an error initializing an OpenFabrics device.

  Local host:   g066
  Local device: mlx5_0
--------------------------------------------------------------------------
[g066:43198] 7 more processes have sent help message help-mpi-btl-openib.txt / error in device init
[g066:43198] Set MCA parameter "orte_base_help_aggregate" to 0 to see all help / error messages
--------------------------------------------------------------------------
WARNING: There was an error initializing an OpenFabrics device.

  Local host:   g066
  Local device: mlx5_0
--------------------------------------------------------------------------
[g066:43325] 7 more processes have sent help message help-mpi-btl-openib.txt / error in device init
[g066:43325] Set MCA parameter "orte_base_help_aggregate" to 0 to see all help / error messages
--------------------------------------------------------------------------
WARNING: There was an error initializing an OpenFabrics device.

  Local host:   g066
  Local device: mlx5_0
--------------------------------------------------------------------------
[g066:46087] 7 more processes have sent help message help-mpi-btl-openib.txt / error in device init
[g066:46087] Set MCA parameter "orte_base_help_aggregate" to 0 to see all help / error messages
--------------------------------------------------------------------------
WARNING: There was an error initializing an OpenFabrics device.

  Local host:   g066
  Local device: mlx5_0
--------------------------------------------------------------------------
[g066:47081] 7 more processes have sent help message help-mpi-btl-openib.txt / error in device init
[g066:47081] Set MCA parameter "orte_base_help_aggregate" to 0 to see all help / error messages
--------------------------------------------------------------------------
WARNING: There was an error initializing an OpenFabrics device.

  Local host:   g066
  Local device: mlx5_0
--------------------------------------------------------------------------
[g066:47209] 7 more processes have sent help message help-mpi-btl-openib.txt / error in device init
[g066:47209] Set MCA parameter "orte_base_help_aggregate" to 0 to see all help / error messages
--------------------------------------------------------------------------
WARNING: There was an error initializing an OpenFabrics device.

  Local host:   g066
  Local device: mlx5_0
--------------------------------------------------------------------------
[g066:47335] 7 more processes have sent help message help-mpi-btl-openib.txt / error in device init
[g066:47335] Set MCA parameter "orte_base_help_aggregate" to 0 to see all help / error messages
--------------------------------------------------------------------------
WARNING: There was an error initializing an OpenFabrics device.

  Local host:   g066
  Local device: mlx5_0
--------------------------------------------------------------------------
[g066:49991] 7 more processes have sent help message help-mpi-btl-openib.txt / error in device init
[g066:49991] Set MCA parameter "orte_base_help_aggregate" to 0 to see all help / error messages
--------------------------------------------------------------------------
WARNING: There was an error initializing an OpenFabrics device.

  Local host:   g066
  Local device: mlx5_0
--------------------------------------------------------------------------
[g066:51032] 7 more processes have sent help message help-mpi-btl-openib.txt / error in device init
[g066:51032] Set MCA parameter "orte_base_help_aggregate" to 0 to see all help / error messages
--------------------------------------------------------------------------
WARNING: There was an error initializing an OpenFabrics device.

  Local host:   g066
  Local device: mlx5_0
--------------------------------------------------------------------------
[g066:51159] 7 more processes have sent help message help-mpi-btl-openib.txt / error in device init
[g066:51159] Set MCA parameter "orte_base_help_aggregate" to 0 to see all help / error messages
--------------------------------------------------------------------------
WARNING: There was an error initializing an OpenFabrics device.

  Local host:   g066
  Local device: mlx5_0
--------------------------------------------------------------------------
[g066:53833] 7 more processes have sent help message help-mpi-btl-openib.txt / error in device init
[g066:53833] Set MCA parameter "orte_base_help_aggregate" to 0 to see all help / error messages
