----------------------------------------------- 
  Element       SASA      Sigma Z        Total  
     Z         Ang**2 cal/Ang**2/mol   kcal/mol 
----------------------------------------------- 
      H         78.157       0.000       0.000
      C         67.458     120.512       8.130
      O         48.995      27.995       1.372
      S         26.303     -47.496      -1.249

 Subtotal:     220.913                   8.252
 -----------------------------------------------

  Elements    COT*SASA   Sigma Z,Z'     Total   
    Z,Z'       Ang**2  cal/Ang**2/mol kcal/mol  
 ---------------------------------------------- 
  H   C         52.728     -52.078      -2.746
  H   O          0.000     -27.765      -0.000
  C   C         75.912     -88.849      -6.745
  O   C         28.007      15.915       0.446
  O   O          0.000     -70.488      -0.000

 Subtotal:                              -9.045
 ---------------------------------------------- 

 NONAQUEOUS SOLVENT CONTRIBUTION (kcal/mol):
 (proportional to SASA, atomic number independent)
 ---------------------------------------------- 
 Subtotal:                               4.287
 ---------------------------------------------- 

 CDS TOTAL (kcal/mol):                   3.493
...............................................................................
