--------------------------------------------------------------------------
WARNING: There was an error initializing an OpenFabrics device.

  Local host:   g068
  Local device: mlx5_0
--------------------------------------------------------------------------
[g068:86625] 7 more processes have sent help message help-mpi-btl-openib.txt / error in device init
[g068:86625] Set MCA parameter "orte_base_help_aggregate" to 0 to see all help / error messages
--------------------------------------------------------------------------
WARNING: There was an error initializing an OpenFabrics device.

  Local host:   g068
  Local device: mlx5_0
--------------------------------------------------------------------------
[g068:86744] 7 more processes have sent help message help-mpi-btl-openib.txt / error in device init
[g068:86744] Set MCA parameter "orte_base_help_aggregate" to 0 to see all help / error messages
--------------------------------------------------------------------------
WARNING: There was an error initializing an OpenFabrics device.

  Local host:   g068
  Local device: mlx5_0
--------------------------------------------------------------------------
[g068:89590] 7 more processes have sent help message help-mpi-btl-openib.txt / error in device init
[g068:89590] Set MCA parameter "orte_base_help_aggregate" to 0 to see all help / error messages
--------------------------------------------------------------------------
WARNING: There was an error initializing an OpenFabrics device.

  Local host:   g068
  Local device: mlx5_0
--------------------------------------------------------------------------
[g068:89717] 7 more processes have sent help message help-mpi-btl-openib.txt / error in device init
[g068:89717] Set MCA parameter "orte_base_help_aggregate" to 0 to see all help / error messages
--------------------------------------------------------------------------
WARNING: There was an error initializing an OpenFabrics device.

  Local host:   g068
  Local device: mlx5_0
--------------------------------------------------------------------------
[g068:89834] 7 more processes have sent help message help-mpi-btl-openib.txt / error in device init
[g068:89834] Set MCA parameter "orte_base_help_aggregate" to 0 to see all help / error messages
--------------------------------------------------------------------------
WARNING: There was an error initializing an OpenFabrics device.

  Local host:   g068
  Local device: mlx5_0
--------------------------------------------------------------------------
[g068:89949] 7 more processes have sent help message help-mpi-btl-openib.txt / error in device init
[g068:89949] Set MCA parameter "orte_base_help_aggregate" to 0 to see all help / error messages
--------------------------------------------------------------------------
WARNING: There was an error initializing an OpenFabrics device.

  Local host:   g068
  Local device: mlx5_0
--------------------------------------------------------------------------
[g068:92167] 7 more processes have sent help message help-mpi-btl-openib.txt / error in device init
[g068:92167] Set MCA parameter "orte_base_help_aggregate" to 0 to see all help / error messages
--------------------------------------------------------------------------
WARNING: There was an error initializing an OpenFabrics device.

  Local host:   g068
  Local device: mlx5_0
--------------------------------------------------------------------------
[g068:92754] 7 more processes have sent help message help-mpi-btl-openib.txt / error in device init
[g068:92754] Set MCA parameter "orte_base_help_aggregate" to 0 to see all help / error messages
--------------------------------------------------------------------------
WARNING: There was an error initializing an OpenFabrics device.

  Local host:   g068
  Local device: mlx5_0
--------------------------------------------------------------------------
[g068:93105] 7 more processes have sent help message help-mpi-btl-openib.txt / error in device init
[g068:93105] Set MCA parameter "orte_base_help_aggregate" to 0 to see all help / error messages
--------------------------------------------------------------------------
WARNING: There was an error initializing an OpenFabrics device.

  Local host:   g068
  Local device: mlx5_0
--------------------------------------------------------------------------
[g068:93225] 7 more processes have sent help message help-mpi-btl-openib.txt / error in device init
[g068:93225] Set MCA parameter "orte_base_help_aggregate" to 0 to see all help / error messages
--------------------------------------------------------------------------
WARNING: There was an error initializing an OpenFabrics device.

  Local host:   g068
  Local device: mlx5_0
--------------------------------------------------------------------------
[g068:95508] 7 more processes have sent help message help-mpi-btl-openib.txt / error in device init
[g068:95508] Set MCA parameter "orte_base_help_aggregate" to 0 to see all help / error messages
--------------------------------------------------------------------------
WARNING: There was an error initializing an OpenFabrics device.

  Local host:   g068
  Local device: mlx5_0
--------------------------------------------------------------------------
[g068:95873] 7 more processes have sent help message help-mpi-btl-openib.txt / error in device init
[g068:95873] Set MCA parameter "orte_base_help_aggregate" to 0 to see all help / error messages
--------------------------------------------------------------------------
WARNING: There was an error initializing an OpenFabrics device.

  Local host:   g068
  Local device: mlx5_0
--------------------------------------------------------------------------
[g068:96092] 7 more processes have sent help message help-mpi-btl-openib.txt / error in device init
[g068:96092] Set MCA parameter "orte_base_help_aggregate" to 0 to see all help / error messages
--------------------------------------------------------------------------
WARNING: There was an error initializing an OpenFabrics device.

  Local host:   g068
  Local device: mlx5_0
--------------------------------------------------------------------------
[g068:96326] 7 more processes have sent help message help-mpi-btl-openib.txt / error in device init
[g068:96326] Set MCA parameter "orte_base_help_aggregate" to 0 to see all help / error messages
--------------------------------------------------------------------------
WARNING: There was an error initializing an OpenFabrics device.

  Local host:   g068
  Local device: mlx5_0
--------------------------------------------------------------------------
[g068:97919] 7 more processes have sent help message help-mpi-btl-openib.txt / error in device init
[g068:97919] Set MCA parameter "orte_base_help_aggregate" to 0 to see all help / error messages
--------------------------------------------------------------------------
WARNING: There was an error initializing an OpenFabrics device.

  Local host:   g068
  Local device: mlx5_0
--------------------------------------------------------------------------
[g068:98513] 7 more processes have sent help message help-mpi-btl-openib.txt / error in device init
[g068:98513] Set MCA parameter "orte_base_help_aggregate" to 0 to see all help / error messages
--------------------------------------------------------------------------
WARNING: There was an error initializing an OpenFabrics device.

  Local host:   g068
  Local device: mlx5_0
--------------------------------------------------------------------------
[g068:98628] 7 more processes have sent help message help-mpi-btl-openib.txt / error in device init
[g068:98628] Set MCA parameter "orte_base_help_aggregate" to 0 to see all help / error messages
--------------------------------------------------------------------------
WARNING: There was an error initializing an OpenFabrics device.

  Local host:   g068
  Local device: mlx5_0
--------------------------------------------------------------------------
[g068:98748] 7 more processes have sent help message help-mpi-btl-openib.txt / error in device init
[g068:98748] Set MCA parameter "orte_base_help_aggregate" to 0 to see all help / error messages
--------------------------------------------------------------------------
WARNING: There was an error initializing an OpenFabrics device.

  Local host:   g068
  Local device: mlx5_0
--------------------------------------------------------------------------
[g068:101026] 7 more processes have sent help message help-mpi-btl-openib.txt / error in device init
[g068:101026] Set MCA parameter "orte_base_help_aggregate" to 0 to see all help / error messages
--------------------------------------------------------------------------
WARNING: There was an error initializing an OpenFabrics device.

  Local host:   g068
  Local device: mlx5_0
--------------------------------------------------------------------------
[g068:102139] 7 more processes have sent help message help-mpi-btl-openib.txt / error in device init
[g068:102139] Set MCA parameter "orte_base_help_aggregate" to 0 to see all help / error messages
--------------------------------------------------------------------------
WARNING: There was an error initializing an OpenFabrics device.

  Local host:   g068
  Local device: mlx5_0
--------------------------------------------------------------------------
[g068:102256] 7 more processes have sent help message help-mpi-btl-openib.txt / error in device init
[g068:102256] Set MCA parameter "orte_base_help_aggregate" to 0 to see all help / error messages
--------------------------------------------------------------------------
WARNING: There was an error initializing an OpenFabrics device.

  Local host:   g068
  Local device: mlx5_0
--------------------------------------------------------------------------
[g068:102377] 7 more processes have sent help message help-mpi-btl-openib.txt / error in device init
[g068:102377] Set MCA parameter "orte_base_help_aggregate" to 0 to see all help / error messages
--------------------------------------------------------------------------
WARNING: There was an error initializing an OpenFabrics device.

  Local host:   g068
  Local device: mlx5_0
--------------------------------------------------------------------------
[g068:103834] 7 more processes have sent help message help-mpi-btl-openib.txt / error in device init
[g068:103834] Set MCA parameter "orte_base_help_aggregate" to 0 to see all help / error messages
--------------------------------------------------------------------------
WARNING: There was an error initializing an OpenFabrics device.

  Local host:   g068
  Local device: mlx5_0
--------------------------------------------------------------------------
[g068:103962] 7 more processes have sent help message help-mpi-btl-openib.txt / error in device init
[g068:103962] Set MCA parameter "orte_base_help_aggregate" to 0 to see all help / error messages
--------------------------------------------------------------------------
WARNING: There was an error initializing an OpenFabrics device.

  Local host:   g068
  Local device: mlx5_0
--------------------------------------------------------------------------
[g068:104081] 7 more processes have sent help message help-mpi-btl-openib.txt / error in device init
[g068:104081] Set MCA parameter "orte_base_help_aggregate" to 0 to see all help / error messages
--------------------------------------------------------------------------
WARNING: There was an error initializing an OpenFabrics device.

  Local host:   g068
  Local device: mlx5_0
--------------------------------------------------------------------------
[g068:104197] 7 more processes have sent help message help-mpi-btl-openib.txt / error in device init
[g068:104197] Set MCA parameter "orte_base_help_aggregate" to 0 to see all help / error messages
--------------------------------------------------------------------------
WARNING: There was an error initializing an OpenFabrics device.

  Local host:   g068
  Local device: mlx5_0
--------------------------------------------------------------------------
[g068:104357] 7 more processes have sent help message help-mpi-btl-openib.txt / error in device init
[g068:104357] Set MCA parameter "orte_base_help_aggregate" to 0 to see all help / error messages
--------------------------------------------------------------------------
WARNING: There was an error initializing an OpenFabrics device.

  Local host:   g068
  Local device: mlx5_0
--------------------------------------------------------------------------
[g068:105251] 7 more processes have sent help message help-mpi-btl-openib.txt / error in device init
[g068:105251] Set MCA parameter "orte_base_help_aggregate" to 0 to see all help / error messages
--------------------------------------------------------------------------
WARNING: There was an error initializing an OpenFabrics device.

  Local host:   g068
  Local device: mlx5_0
--------------------------------------------------------------------------
[g068:105372] 7 more processes have sent help message help-mpi-btl-openib.txt / error in device init
[g068:105372] Set MCA parameter "orte_base_help_aggregate" to 0 to see all help / error messages
--------------------------------------------------------------------------
WARNING: There was an error initializing an OpenFabrics device.

  Local host:   g068
  Local device: mlx5_0
--------------------------------------------------------------------------
[g068:105485] 7 more processes have sent help message help-mpi-btl-openib.txt / error in device init
[g068:105485] Set MCA parameter "orte_base_help_aggregate" to 0 to see all help / error messages
--------------------------------------------------------------------------
WARNING: There was an error initializing an OpenFabrics device.

  Local host:   g068
  Local device: mlx5_0
--------------------------------------------------------------------------
[g068:105788] 7 more processes have sent help message help-mpi-btl-openib.txt / error in device init
[g068:105788] Set MCA parameter "orte_base_help_aggregate" to 0 to see all help / error messages
--------------------------------------------------------------------------
WARNING: There was an error initializing an OpenFabrics device.

  Local host:   g068
  Local device: mlx5_0
--------------------------------------------------------------------------
[g068:106783] 7 more processes have sent help message help-mpi-btl-openib.txt / error in device init
[g068:106783] Set MCA parameter "orte_base_help_aggregate" to 0 to see all help / error messages
--------------------------------------------------------------------------
WARNING: There was an error initializing an OpenFabrics device.

  Local host:   g068
  Local device: mlx5_0
--------------------------------------------------------------------------
[g068:106906] 7 more processes have sent help message help-mpi-btl-openib.txt / error in device init
[g068:106906] Set MCA parameter "orte_base_help_aggregate" to 0 to see all help / error messages
--------------------------------------------------------------------------
WARNING: There was an error initializing an OpenFabrics device.

  Local host:   g068
  Local device: mlx5_0
--------------------------------------------------------------------------
[g068:107023] 7 more processes have sent help message help-mpi-btl-openib.txt / error in device init
[g068:107023] Set MCA parameter "orte_base_help_aggregate" to 0 to see all help / error messages
--------------------------------------------------------------------------
WARNING: There was an error initializing an OpenFabrics device.

  Local host:   g068
  Local device: mlx5_0
--------------------------------------------------------------------------
[g068:107549] 7 more processes have sent help message help-mpi-btl-openib.txt / error in device init
[g068:107549] Set MCA parameter "orte_base_help_aggregate" to 0 to see all help / error messages
--------------------------------------------------------------------------
WARNING: There was an error initializing an OpenFabrics device.

  Local host:   g068
  Local device: mlx5_0
--------------------------------------------------------------------------
[g068:108402] 7 more processes have sent help message help-mpi-btl-openib.txt / error in device init
[g068:108402] Set MCA parameter "orte_base_help_aggregate" to 0 to see all help / error messages
--------------------------------------------------------------------------
WARNING: There was an error initializing an OpenFabrics device.

  Local host:   g068
  Local device: mlx5_0
--------------------------------------------------------------------------
[g068:108516] 7 more processes have sent help message help-mpi-btl-openib.txt / error in device init
[g068:108516] Set MCA parameter "orte_base_help_aggregate" to 0 to see all help / error messages
--------------------------------------------------------------------------
WARNING: There was an error initializing an OpenFabrics device.

  Local host:   g068
  Local device: mlx5_0
--------------------------------------------------------------------------
[g068:108628] 7 more processes have sent help message help-mpi-btl-openib.txt / error in device init
[g068:108628] Set MCA parameter "orte_base_help_aggregate" to 0 to see all help / error messages
--------------------------------------------------------------------------
WARNING: There was an error initializing an OpenFabrics device.

  Local host:   g068
  Local device: mlx5_0
--------------------------------------------------------------------------
[g068:108802] 7 more processes have sent help message help-mpi-btl-openib.txt / error in device init
[g068:108802] Set MCA parameter "orte_base_help_aggregate" to 0 to see all help / error messages
--------------------------------------------------------------------------
WARNING: There was an error initializing an OpenFabrics device.

  Local host:   g068
  Local device: mlx5_0
--------------------------------------------------------------------------
[g068:108928] 7 more processes have sent help message help-mpi-btl-openib.txt / error in device init
[g068:108928] Set MCA parameter "orte_base_help_aggregate" to 0 to see all help / error messages
--------------------------------------------------------------------------
WARNING: There was an error initializing an OpenFabrics device.

  Local host:   g068
  Local device: mlx5_0
--------------------------------------------------------------------------
[g068:109045] 7 more processes have sent help message help-mpi-btl-openib.txt / error in device init
[g068:109045] Set MCA parameter "orte_base_help_aggregate" to 0 to see all help / error messages
--------------------------------------------------------------------------
WARNING: There was an error initializing an OpenFabrics device.

  Local host:   g068
  Local device: mlx5_0
--------------------------------------------------------------------------
[g068:110036] 7 more processes have sent help message help-mpi-btl-openib.txt / error in device init
[g068:110036] Set MCA parameter "orte_base_help_aggregate" to 0 to see all help / error messages
