--------------------------------------------------------------------------
WARNING: There was an error initializing an OpenFabrics device.

  Local host:   g068
  Local device: mlx5_0
--------------------------------------------------------------------------
[g068:65343] 7 more processes have sent help message help-mpi-btl-openib.txt / error in device init
[g068:65343] Set MCA parameter "orte_base_help_aggregate" to 0 to see all help / error messages
--------------------------------------------------------------------------
WARNING: There was an error initializing an OpenFabrics device.

  Local host:   g068
  Local device: mlx5_0
--------------------------------------------------------------------------
[g068:65509] 7 more processes have sent help message help-mpi-btl-openib.txt / error in device init
[g068:65509] Set MCA parameter "orte_base_help_aggregate" to 0 to see all help / error messages
--------------------------------------------------------------------------
WARNING: There was an error initializing an OpenFabrics device.

  Local host:   g068
  Local device: mlx5_0
--------------------------------------------------------------------------
[g068:68199] 7 more processes have sent help message help-mpi-btl-openib.txt / error in device init
[g068:68199] Set MCA parameter "orte_base_help_aggregate" to 0 to see all help / error messages
--------------------------------------------------------------------------
WARNING: There was an error initializing an OpenFabrics device.

  Local host:   g068
  Local device: mlx5_0
--------------------------------------------------------------------------
[g068:68438] 7 more processes have sent help message help-mpi-btl-openib.txt / error in device init
[g068:68438] Set MCA parameter "orte_base_help_aggregate" to 0 to see all help / error messages
--------------------------------------------------------------------------
WARNING: There was an error initializing an OpenFabrics device.

  Local host:   g068
  Local device: mlx5_0
--------------------------------------------------------------------------
[g068:68554] 7 more processes have sent help message help-mpi-btl-openib.txt / error in device init
[g068:68554] Set MCA parameter "orte_base_help_aggregate" to 0 to see all help / error messages
--------------------------------------------------------------------------
WARNING: There was an error initializing an OpenFabrics device.

  Local host:   g068
  Local device: mlx5_0
--------------------------------------------------------------------------
[g068:68669] 7 more processes have sent help message help-mpi-btl-openib.txt / error in device init
[g068:68669] Set MCA parameter "orte_base_help_aggregate" to 0 to see all help / error messages
--------------------------------------------------------------------------
WARNING: There was an error initializing an OpenFabrics device.

  Local host:   g068
  Local device: mlx5_0
--------------------------------------------------------------------------
[g068:70412] 7 more processes have sent help message help-mpi-btl-openib.txt / error in device init
[g068:70412] Set MCA parameter "orte_base_help_aggregate" to 0 to see all help / error messages
--------------------------------------------------------------------------
WARNING: There was an error initializing an OpenFabrics device.

  Local host:   g068
  Local device: mlx5_0
--------------------------------------------------------------------------
[g068:71641] 7 more processes have sent help message help-mpi-btl-openib.txt / error in device init
[g068:71641] Set MCA parameter "orte_base_help_aggregate" to 0 to see all help / error messages
--------------------------------------------------------------------------
WARNING: There was an error initializing an OpenFabrics device.

  Local host:   g068
  Local device: mlx5_0
--------------------------------------------------------------------------
[g068:71865] 7 more processes have sent help message help-mpi-btl-openib.txt / error in device init
[g068:71865] Set MCA parameter "orte_base_help_aggregate" to 0 to see all help / error messages
--------------------------------------------------------------------------
WARNING: There was an error initializing an OpenFabrics device.

  Local host:   g068
  Local device: mlx5_0
--------------------------------------------------------------------------
[g068:71983] 7 more processes have sent help message help-mpi-btl-openib.txt / error in device init
[g068:71983] Set MCA parameter "orte_base_help_aggregate" to 0 to see all help / error messages
--------------------------------------------------------------------------
WARNING: There was an error initializing an OpenFabrics device.

  Local host:   g068
  Local device: mlx5_0
--------------------------------------------------------------------------
[g068:73870] 7 more processes have sent help message help-mpi-btl-openib.txt / error in device init
[g068:73870] Set MCA parameter "orte_base_help_aggregate" to 0 to see all help / error messages
--------------------------------------------------------------------------
WARNING: There was an error initializing an OpenFabrics device.

  Local host:   g068
  Local device: mlx5_0
--------------------------------------------------------------------------
[g068:74462] 7 more processes have sent help message help-mpi-btl-openib.txt / error in device init
[g068:74462] Set MCA parameter "orte_base_help_aggregate" to 0 to see all help / error messages
--------------------------------------------------------------------------
WARNING: There was an error initializing an OpenFabrics device.

  Local host:   g068
  Local device: mlx5_0
--------------------------------------------------------------------------
[g068:74575] 7 more processes have sent help message help-mpi-btl-openib.txt / error in device init
[g068:74575] Set MCA parameter "orte_base_help_aggregate" to 0 to see all help / error messages
--------------------------------------------------------------------------
WARNING: There was an error initializing an OpenFabrics device.

  Local host:   g068
  Local device: mlx5_0
--------------------------------------------------------------------------
[g068:74690] 7 more processes have sent help message help-mpi-btl-openib.txt / error in device init
[g068:74690] Set MCA parameter "orte_base_help_aggregate" to 0 to see all help / error messages
--------------------------------------------------------------------------
WARNING: There was an error initializing an OpenFabrics device.

  Local host:   g068
  Local device: mlx5_0
--------------------------------------------------------------------------
[g068:76194] 7 more processes have sent help message help-mpi-btl-openib.txt / error in device init
[g068:76194] Set MCA parameter "orte_base_help_aggregate" to 0 to see all help / error messages
--------------------------------------------------------------------------
WARNING: There was an error initializing an OpenFabrics device.

  Local host:   g068
  Local device: mlx5_0
--------------------------------------------------------------------------
[g068:76444] 7 more processes have sent help message help-mpi-btl-openib.txt / error in device init
[g068:76444] Set MCA parameter "orte_base_help_aggregate" to 0 to see all help / error messages
--------------------------------------------------------------------------
WARNING: There was an error initializing an OpenFabrics device.

  Local host:   g068
  Local device: mlx5_0
--------------------------------------------------------------------------
[g068:76557] 7 more processes have sent help message help-mpi-btl-openib.txt / error in device init
[g068:76557] Set MCA parameter "orte_base_help_aggregate" to 0 to see all help / error messages
--------------------------------------------------------------------------
WARNING: There was an error initializing an OpenFabrics device.

  Local host:   g068
  Local device: mlx5_0
--------------------------------------------------------------------------
[g068:76797] 7 more processes have sent help message help-mpi-btl-openib.txt / error in device init
[g068:76797] Set MCA parameter "orte_base_help_aggregate" to 0 to see all help / error messages
--------------------------------------------------------------------------
WARNING: There was an error initializing an OpenFabrics device.

  Local host:   g068
  Local device: mlx5_0
--------------------------------------------------------------------------
[g068:78480] 7 more processes have sent help message help-mpi-btl-openib.txt / error in device init
[g068:78480] Set MCA parameter "orte_base_help_aggregate" to 0 to see all help / error messages
--------------------------------------------------------------------------
WARNING: There was an error initializing an OpenFabrics device.

  Local host:   g068
  Local device: mlx5_0
--------------------------------------------------------------------------
[g068:78724] 7 more processes have sent help message help-mpi-btl-openib.txt / error in device init
[g068:78724] Set MCA parameter "orte_base_help_aggregate" to 0 to see all help / error messages
--------------------------------------------------------------------------
WARNING: There was an error initializing an OpenFabrics device.

  Local host:   g068
  Local device: mlx5_0
--------------------------------------------------------------------------
[g068:78837] 7 more processes have sent help message help-mpi-btl-openib.txt / error in device init
[g068:78837] Set MCA parameter "orte_base_help_aggregate" to 0 to see all help / error messages
--------------------------------------------------------------------------
WARNING: There was an error initializing an OpenFabrics device.

  Local host:   g068
  Local device: mlx5_0
--------------------------------------------------------------------------
[g068:79069] 7 more processes have sent help message help-mpi-btl-openib.txt / error in device init
[g068:79069] Set MCA parameter "orte_base_help_aggregate" to 0 to see all help / error messages
--------------------------------------------------------------------------
WARNING: There was an error initializing an OpenFabrics device.

  Local host:   g068
  Local device: mlx5_0
--------------------------------------------------------------------------
[g068:81983] 7 more processes have sent help message help-mpi-btl-openib.txt / error in device init
[g068:81983] Set MCA parameter "orte_base_help_aggregate" to 0 to see all help / error messages
--------------------------------------------------------------------------
WARNING: There was an error initializing an OpenFabrics device.

  Local host:   g068
  Local device: mlx5_0
--------------------------------------------------------------------------
[g068:82467] 7 more processes have sent help message help-mpi-btl-openib.txt / error in device init
[g068:82467] Set MCA parameter "orte_base_help_aggregate" to 0 to see all help / error messages
--------------------------------------------------------------------------
WARNING: There was an error initializing an OpenFabrics device.

  Local host:   g068
  Local device: mlx5_0
--------------------------------------------------------------------------
[g068:82580] 7 more processes have sent help message help-mpi-btl-openib.txt / error in device init
[g068:82580] Set MCA parameter "orte_base_help_aggregate" to 0 to see all help / error messages
--------------------------------------------------------------------------
WARNING: There was an error initializing an OpenFabrics device.

  Local host:   g068
  Local device: mlx5_0
--------------------------------------------------------------------------
[g068:82691] 7 more processes have sent help message help-mpi-btl-openib.txt / error in device init
[g068:82691] Set MCA parameter "orte_base_help_aggregate" to 0 to see all help / error messages
--------------------------------------------------------------------------
WARNING: There was an error initializing an OpenFabrics device.

  Local host:   g068
  Local device: mlx5_0
--------------------------------------------------------------------------
[g068:84346] 7 more processes have sent help message help-mpi-btl-openib.txt / error in device init
[g068:84346] Set MCA parameter "orte_base_help_aggregate" to 0 to see all help / error messages
--------------------------------------------------------------------------
WARNING: There was an error initializing an OpenFabrics device.

  Local host:   g068
  Local device: mlx5_0
--------------------------------------------------------------------------
[g068:85056] 7 more processes have sent help message help-mpi-btl-openib.txt / error in device init
[g068:85056] Set MCA parameter "orte_base_help_aggregate" to 0 to see all help / error messages
--------------------------------------------------------------------------
WARNING: There was an error initializing an OpenFabrics device.

  Local host:   g068
  Local device: mlx5_0
--------------------------------------------------------------------------
[g068:85181] 7 more processes have sent help message help-mpi-btl-openib.txt / error in device init
[g068:85181] Set MCA parameter "orte_base_help_aggregate" to 0 to see all help / error messages
--------------------------------------------------------------------------
WARNING: There was an error initializing an OpenFabrics device.

  Local host:   g068
  Local device: mlx5_0
--------------------------------------------------------------------------
[g068:85291] 7 more processes have sent help message help-mpi-btl-openib.txt / error in device init
[g068:85291] Set MCA parameter "orte_base_help_aggregate" to 0 to see all help / error messages
--------------------------------------------------------------------------
WARNING: There was an error initializing an OpenFabrics device.

  Local host:   g068
  Local device: mlx5_0
--------------------------------------------------------------------------
[g068:86863] 7 more processes have sent help message help-mpi-btl-openib.txt / error in device init
[g068:86863] Set MCA parameter "orte_base_help_aggregate" to 0 to see all help / error messages
--------------------------------------------------------------------------
WARNING: There was an error initializing an OpenFabrics device.

  Local host:   g068
  Local device: mlx5_0
--------------------------------------------------------------------------
[g068:87357] 7 more processes have sent help message help-mpi-btl-openib.txt / error in device init
[g068:87357] Set MCA parameter "orte_base_help_aggregate" to 0 to see all help / error messages
--------------------------------------------------------------------------
WARNING: There was an error initializing an OpenFabrics device.

  Local host:   g068
  Local device: mlx5_0
--------------------------------------------------------------------------
[g068:87479] 7 more processes have sent help message help-mpi-btl-openib.txt / error in device init
[g068:87479] Set MCA parameter "orte_base_help_aggregate" to 0 to see all help / error messages
--------------------------------------------------------------------------
WARNING: There was an error initializing an OpenFabrics device.

  Local host:   g068
  Local device: mlx5_0
--------------------------------------------------------------------------
[g068:87597] 7 more processes have sent help message help-mpi-btl-openib.txt / error in device init
[g068:87597] Set MCA parameter "orte_base_help_aggregate" to 0 to see all help / error messages
--------------------------------------------------------------------------
WARNING: There was an error initializing an OpenFabrics device.

  Local host:   g068
  Local device: mlx5_0
--------------------------------------------------------------------------
[g068:88629] 7 more processes have sent help message help-mpi-btl-openib.txt / error in device init
[g068:88629] Set MCA parameter "orte_base_help_aggregate" to 0 to see all help / error messages
--------------------------------------------------------------------------
WARNING: There was an error initializing an OpenFabrics device.

  Local host:   g068
  Local device: mlx5_0
--------------------------------------------------------------------------
[g068:89110] 7 more processes have sent help message help-mpi-btl-openib.txt / error in device init
[g068:89110] Set MCA parameter "orte_base_help_aggregate" to 0 to see all help / error messages
--------------------------------------------------------------------------
WARNING: There was an error initializing an OpenFabrics device.

  Local host:   g068
  Local device: mlx5_0
--------------------------------------------------------------------------
[g068:89227] 7 more processes have sent help message help-mpi-btl-openib.txt / error in device init
[g068:89227] Set MCA parameter "orte_base_help_aggregate" to 0 to see all help / error messages
--------------------------------------------------------------------------
WARNING: There was an error initializing an OpenFabrics device.

  Local host:   g068
  Local device: mlx5_0
--------------------------------------------------------------------------
[g068:89344] 7 more processes have sent help message help-mpi-btl-openib.txt / error in device init
[g068:89344] Set MCA parameter "orte_base_help_aggregate" to 0 to see all help / error messages
--------------------------------------------------------------------------
WARNING: There was an error initializing an OpenFabrics device.

  Local host:   g068
  Local device: mlx5_0
--------------------------------------------------------------------------
[g068:91337] 7 more processes have sent help message help-mpi-btl-openib.txt / error in device init
[g068:91337] Set MCA parameter "orte_base_help_aggregate" to 0 to see all help / error messages
--------------------------------------------------------------------------
WARNING: There was an error initializing an OpenFabrics device.

  Local host:   g068
  Local device: mlx5_0
--------------------------------------------------------------------------
[g068:91814] 7 more processes have sent help message help-mpi-btl-openib.txt / error in device init
[g068:91814] Set MCA parameter "orte_base_help_aggregate" to 0 to see all help / error messages
--------------------------------------------------------------------------
WARNING: There was an error initializing an OpenFabrics device.

  Local host:   g068
  Local device: mlx5_0
--------------------------------------------------------------------------
[g068:91923] 7 more processes have sent help message help-mpi-btl-openib.txt / error in device init
[g068:91923] Set MCA parameter "orte_base_help_aggregate" to 0 to see all help / error messages
--------------------------------------------------------------------------
WARNING: There was an error initializing an OpenFabrics device.

  Local host:   g068
  Local device: mlx5_0
--------------------------------------------------------------------------
[g068:92032] 7 more processes have sent help message help-mpi-btl-openib.txt / error in device init
[g068:92032] Set MCA parameter "orte_base_help_aggregate" to 0 to see all help / error messages
--------------------------------------------------------------------------
WARNING: There was an error initializing an OpenFabrics device.

  Local host:   g068
  Local device: mlx5_0
--------------------------------------------------------------------------
[g068:93468] 7 more processes have sent help message help-mpi-btl-openib.txt / error in device init
[g068:93468] Set MCA parameter "orte_base_help_aggregate" to 0 to see all help / error messages
--------------------------------------------------------------------------
WARNING: There was an error initializing an OpenFabrics device.

  Local host:   g068
  Local device: mlx5_0
--------------------------------------------------------------------------
[g068:93947] 7 more processes have sent help message help-mpi-btl-openib.txt / error in device init
[g068:93947] Set MCA parameter "orte_base_help_aggregate" to 0 to see all help / error messages
--------------------------------------------------------------------------
WARNING: There was an error initializing an OpenFabrics device.

  Local host:   g068
  Local device: mlx5_0
--------------------------------------------------------------------------
[g068:94066] 7 more processes have sent help message help-mpi-btl-openib.txt / error in device init
[g068:94066] Set MCA parameter "orte_base_help_aggregate" to 0 to see all help / error messages
--------------------------------------------------------------------------
WARNING: There was an error initializing an OpenFabrics device.

  Local host:   g068
  Local device: mlx5_0
--------------------------------------------------------------------------
[g068:94187] 7 more processes have sent help message help-mpi-btl-openib.txt / error in device init
[g068:94187] Set MCA parameter "orte_base_help_aggregate" to 0 to see all help / error messages
--------------------------------------------------------------------------
WARNING: There was an error initializing an OpenFabrics device.

  Local host:   g068
  Local device: mlx5_0
--------------------------------------------------------------------------
[g068:95624] 7 more processes have sent help message help-mpi-btl-openib.txt / error in device init
[g068:95624] Set MCA parameter "orte_base_help_aggregate" to 0 to see all help / error messages
--------------------------------------------------------------------------
WARNING: There was an error initializing an OpenFabrics device.

  Local host:   g068
  Local device: mlx5_0
--------------------------------------------------------------------------
[g068:95754] 7 more processes have sent help message help-mpi-btl-openib.txt / error in device init
[g068:95754] Set MCA parameter "orte_base_help_aggregate" to 0 to see all help / error messages
--------------------------------------------------------------------------
WARNING: There was an error initializing an OpenFabrics device.

  Local host:   g068
  Local device: mlx5_0
--------------------------------------------------------------------------
[g068:95985] 7 more processes have sent help message help-mpi-btl-openib.txt / error in device init
[g068:95985] Set MCA parameter "orte_base_help_aggregate" to 0 to see all help / error messages
--------------------------------------------------------------------------
WARNING: There was an error initializing an OpenFabrics device.

  Local host:   g068
  Local device: mlx5_0
--------------------------------------------------------------------------
[g068:96207] 7 more processes have sent help message help-mpi-btl-openib.txt / error in device init
[g068:96207] Set MCA parameter "orte_base_help_aggregate" to 0 to see all help / error messages
--------------------------------------------------------------------------
WARNING: There was an error initializing an OpenFabrics device.

  Local host:   g068
  Local device: mlx5_0
--------------------------------------------------------------------------
[g068:97678] 7 more processes have sent help message help-mpi-btl-openib.txt / error in device init
[g068:97678] Set MCA parameter "orte_base_help_aggregate" to 0 to see all help / error messages
--------------------------------------------------------------------------
WARNING: There was an error initializing an OpenFabrics device.

  Local host:   g068
  Local device: mlx5_0
--------------------------------------------------------------------------
[g068:98036] 7 more processes have sent help message help-mpi-btl-openib.txt / error in device init
[g068:98036] Set MCA parameter "orte_base_help_aggregate" to 0 to see all help / error messages
--------------------------------------------------------------------------
WARNING: There was an error initializing an OpenFabrics device.

  Local host:   g068
  Local device: mlx5_0
--------------------------------------------------------------------------
[g068:98152] 7 more processes have sent help message help-mpi-btl-openib.txt / error in device init
[g068:98152] Set MCA parameter "orte_base_help_aggregate" to 0 to see all help / error messages
--------------------------------------------------------------------------
WARNING: There was an error initializing an OpenFabrics device.

  Local host:   g068
  Local device: mlx5_0
--------------------------------------------------------------------------
[g068:98271] 7 more processes have sent help message help-mpi-btl-openib.txt / error in device init
[g068:98271] Set MCA parameter "orte_base_help_aggregate" to 0 to see all help / error messages
--------------------------------------------------------------------------
WARNING: There was an error initializing an OpenFabrics device.

  Local host:   g068
  Local device: mlx5_0
--------------------------------------------------------------------------
[g068:100059] 7 more processes have sent help message help-mpi-btl-openib.txt / error in device init
[g068:100059] Set MCA parameter "orte_base_help_aggregate" to 0 to see all help / error messages
--------------------------------------------------------------------------
WARNING: There was an error initializing an OpenFabrics device.

  Local host:   g068
  Local device: mlx5_0
--------------------------------------------------------------------------
[g068:100517] 7 more processes have sent help message help-mpi-btl-openib.txt / error in device init
[g068:100517] Set MCA parameter "orte_base_help_aggregate" to 0 to see all help / error messages
--------------------------------------------------------------------------
WARNING: There was an error initializing an OpenFabrics device.

  Local host:   g068
  Local device: mlx5_0
--------------------------------------------------------------------------
[g068:100632] 7 more processes have sent help message help-mpi-btl-openib.txt / error in device init
[g068:100632] Set MCA parameter "orte_base_help_aggregate" to 0 to see all help / error messages
--------------------------------------------------------------------------
WARNING: There was an error initializing an OpenFabrics device.

  Local host:   g068
  Local device: mlx5_0
--------------------------------------------------------------------------
[g068:100745] 7 more processes have sent help message help-mpi-btl-openib.txt / error in device init
[g068:100745] Set MCA parameter "orte_base_help_aggregate" to 0 to see all help / error messages
--------------------------------------------------------------------------
WARNING: There was an error initializing an OpenFabrics device.

  Local host:   g068
  Local device: mlx5_0
--------------------------------------------------------------------------
[g068:101906] 7 more processes have sent help message help-mpi-btl-openib.txt / error in device init
[g068:101906] Set MCA parameter "orte_base_help_aggregate" to 0 to see all help / error messages
--------------------------------------------------------------------------
WARNING: There was an error initializing an OpenFabrics device.

  Local host:   g068
  Local device: mlx5_0
--------------------------------------------------------------------------
[g068:102501] 7 more processes have sent help message help-mpi-btl-openib.txt / error in device init
[g068:102501] Set MCA parameter "orte_base_help_aggregate" to 0 to see all help / error messages
--------------------------------------------------------------------------
WARNING: There was an error initializing an OpenFabrics device.

  Local host:   g068
  Local device: mlx5_0
--------------------------------------------------------------------------
[g068:102619] 7 more processes have sent help message help-mpi-btl-openib.txt / error in device init
[g068:102619] Set MCA parameter "orte_base_help_aggregate" to 0 to see all help / error messages
--------------------------------------------------------------------------
WARNING: There was an error initializing an OpenFabrics device.

  Local host:   g068
  Local device: mlx5_0
--------------------------------------------------------------------------
[g068:102892] 7 more processes have sent help message help-mpi-btl-openib.txt / error in device init
[g068:102892] Set MCA parameter "orte_base_help_aggregate" to 0 to see all help / error messages
