----------------------------------------------- 
  Element       SASA      Sigma Z        Total  
     Z         Ang**2 cal/Ang**2/mol   kcal/mol 
----------------------------------------------- 
      H         77.201       0.000       0.000
      C         67.879     111.253       7.552
      O         47.434     -63.418      -3.008
      S         27.222     -47.002      -1.279

 Subtotal:     219.736                   3.264
 -----------------------------------------------

  Elements    COT*SASA   Sigma Z,Z'     Total   
    Z,Z'       Ang**2  cal/Ang**2/mol kcal/mol  
 ---------------------------------------------- 
  H   C         52.126     -51.536      -2.686
  H   O          0.000     -27.476      -0.000
  C   C         77.564     -87.925      -6.820
  O   C         26.795     -22.247      -0.596
  O   O          0.508    -112.781      -0.057

 Subtotal:                             -10.160
 ---------------------------------------------- 

 NONAQUEOUS SOLVENT CONTRIBUTION (kcal/mol):
 (proportional to SASA, atomic number independent)
 ---------------------------------------------- 
 Subtotal:                               4.751
 ---------------------------------------------- 

 CDS TOTAL (kcal/mol):                  -2.144
...............................................................................
